Log file open, 06/22/14 01:09:34
LogInit:Display: Running engine for game: MyProject
LogInit: Version: 4.1.1-0+UE4
LogInit: Compiled (64-bit): Jun 18 2014 17:47:01
LogInit: Build Configuration: Development
LogInit: Branch Name: UE4
LogInit: Command line: 
LogInit: Base directory: D:/Student Data/Desktop/UnrealEngine-4.1/Engine/Binaries/Win64/
LogInit: Rocket: 0
[2014.06.22-06.09.34:928][  0]LogTaskGraph: Started task graph with 3 named threads and 4 total threads.
[2014.06.22-06.09.34:953][  0]LogOnline:Warning: No default platform service specified for OnlineSubsystem
[2014.06.22-06.09.34:959][  0]LogInit: Presizing for 0 objects not considered by GC, pre-allocating 0 bytes.
[2014.06.22-06.09.34:966][  0]LogInit: Object subsystem initialized
[2014.06.22-06.09.34:968][  0]LogInit: Selected Device Profile: [Windows]
[2014.06.22-06.09.34:968][  0]LogInit: Applying CVar settings loaded from the selected device profile: [Windows]
[2014.06.22-06.09.34:971][  0]LogInit: Computer: C-1C3E84FD9E46
[2014.06.22-06.09.34:971][  0]LogInit: User: student
[2014.06.22-06.09.34:972][  0]LogInit: CPU Page size=4096, Cores=2
[2014.06.22-06.09.34:972][  0]LogInit: High frequency timer resolution =2.435927 MHz
[2014.06.22-06.09.34:972][  0]LogMemory: Memory total: Physical=3.9GB (4GB approx) Virtual=8192.0GB
[2014.06.22-06.09.34:972][  0]LogMemory: Platform Memory Stats for Windows
[2014.06.22-06.09.34:972][  0]LogMemory: Process Physical Memory: 67.76 MB used, 67.76 MB peak
[2014.06.22-06.09.34:972][  0]LogMemory: Process Virtual Memory: 48.40 MB used, 48.40 MB peak
[2014.06.22-06.09.34:972][  0]LogMemory: Physical Memory: 2229.58 MB used, 4027.56 MB total
[2014.06.22-06.09.34:972][  0]LogMemory: Virtual Memory: 251.02 MB used, 8388608.00 MB total
[2014.06.22-06.09.35:001][  0]LogD3D11RHI: Found D3D11 adapter 0: AMD Radeon HD 7570M (Feature Level 11_0)
[2014.06.22-06.09.35:001][  0]LogD3D11RHI: Adapter has 1007MB of dedicated video memory, 0MB of dedicated system memory, and 1757MB of shared system memory, 1 output[s]
[2014.06.22-06.09.35:001][  0]LogD3D11RHI: Chosen D3D11 Adapter Id = 0
[2014.06.22-06.09.35:006][  0]LogRHI: Texture pool is 705 MB (70% of 1007 MB)
[2014.06.22-06.09.35:019][  0]LogD3D11RHI: Async texture creation disabled: no driver support
[2014.06.22-06.09.35:056][  0]LogInit:Warning: We appear to have no tool tip localization data? Editor can't run.
[2014.06.22-06.09.35:056][  0]LogInit:Warning: We appear to have no property name localization data? Editor can't run.
[2014.06.22-06.09.35:079][  0]LogTextLocalizationManager:Warning: Loading localization resources contain conflicting entries for (Namespace:UICommands, Key:ToggleRealtime_ToolTip):
Resource: (D:/Student Data/Desktop/UnrealEngine-4.1/Engine/Content/Localization/Editor/en/Editor.locres) Hash: (-291638278) String: (Toggle Realtime)
Resource: (D:/Student Data/Desktop/UnrealEngine-4.1/Engine/Content/Localization/Editor/en/Editor.locres) Hash: (-1913389001) String: (Toggles real time rendering in this viewport)
[2014.06.22-06.09.35:104][  0]LogContentStreaming: Texture pool size is 0.000000MB
[2014.06.22-06.09.35:131][  0]LogInit: WinSock: version 1.1 (2.2), MaxSocks=32767, MaxUdp=65467
[2014.06.22-06.09.35:788][  0]LogTargetPlatformManager:Display: Building Assets For Windows
[2014.06.22-06.09.35:847][  0]LogTargetPlatformManager:Display: Building Assets For Windows
[2014.06.22-06.09.35:876][  0]LogDerivedDataCache:Display: Max Cache Size: 512 MB
[2014.06.22-06.09.35:935][  0]LogDerivedDataCache: Loaded boot cache 0.06s 38MB ../../../../../Documents/Unreal Projects/MyProject/DerivedDataCache/Boot.ddc.
[2014.06.22-06.09.35:935][  0]LogDerivedDataCache:Display: Loaded Boot cache: ../../../../../Documents/Unreal Projects/MyProject/DerivedDataCache/Boot.ddc
[2014.06.22-06.09.35:935][  0]LogDerivedDataCache: FDerivedDataBackendGraph:  Pak pak cache file ../../../../../Documents/Unreal Projects/MyProject/DerivedDataCache/DDC.ddp not found, will not use a pak cache.
[2014.06.22-06.09.35:935][  0]LogDerivedDataCache: Unable to find inner node Pak for hierarchical cache Hierarchy.
[2014.06.22-06.09.35:935][  0]LogDerivedDataCache: FDerivedDataBackendGraph:  EnginePak pak cache file ../../../Engine/DerivedDataCache/DDC.ddp not found, will not use a pak cache.
[2014.06.22-06.09.35:935][  0]LogDerivedDataCache: Unable to find inner node EnginePak for hierarchical cache Hierarchy.
[2014.06.22-06.09.35:946][  0]LogDerivedDataCache: Using Local data cache path ../../../Engine/DerivedDataCache: Writable
[2014.06.22-06.09.35:946][  0]LogDerivedDataCache: Shared data cache path not found in *engine.ini, will not use an Shared cache.
[2014.06.22-06.09.35:946][  0]LogDerivedDataCache: Unable to find inner node Shared for hierarchical cache Hierarchy.
[2014.06.22-06.09.36:097][  0]LogMeshUtilities: No automatic mesh reduction module available
[2014.06.22-06.09.36:097][  0]LogMeshUtilities: No automatic mesh merging module available
[2014.06.22-06.09.36:323][  0]LogEnum:Warning: Enum Text 1 for Enum ECustomDepth failed to resolve to any value
[2014.06.22-06.09.36:323][  0]LogEnum:Warning: Enum Text 3 for Enum EEarlyZPass failed to resolve to any value
[2014.06.22-06.09.36:323][  0]LogEnum:Warning: Enum Text 1 for Enum EClearSceneOptions failed to resolve to any value
[2014.06.22-06.09.36:323][  0]LogEnum:Warning: Enum Text 4 for Enum ECompositingSampleCount failed to resolve to any value
[2014.06.22-06.09.36:858][  0]UdpMessaging: Initializing bridge on interface 0.0.0.0:0 to multicast group 230.0.0.1:6666.
[2014.06.22-06.09.36:947][  0]SourceControl: Info Source control is disabled
[2014.06.22-06.09.36:947][  0]SourceControl: Info Source control is disabled
[2014.06.22-06.09.36:954][  0]SourceControl: Info Source control is disabled
[2014.06.22-06.09.37:018][  0]BlueprintLog: New page: Editor Load
[2014.06.22-06.09.37:045][  0]LogObj: 18600 objects as part of root set at end of initial load.
[2014.06.22-06.09.37:045][  0]LogUObjectAllocator: 3704160 out of 0 bytes used by permanent object pool.
[2014.06.22-06.09.37:237][  0]LogAutomationTest:Warning: Loading localization resources contain conflicting entries for (Namespace:UICommands, Key:ToggleRealtime_ToolTip):
Resource: (D:/Student Data/Desktop/UnrealEngine-4.1/Engine/Content/Localization/Editor/en/Editor.locres) Hash: (-291638278) String: (Toggle Realtime)
Resource: (D:/Student Data/Desktop/UnrealEngine-4.1/Engine/Content/Localization/Editor/en/Editor.locres) Hash: (-1913389001) String: (Toggles real time rendering in this viewport)
[2014.06.22-06.09.37:237][  0]LogAutomationTest:Warning: Loading localization resources contain conflicting entries for (Namespace:UICommands, Key:ToggleRealtime_ToolTip):
Resource: (D:/Student Data/Desktop/UnrealEngine-4.1/Engine/Content/Localization/Editor/en/Editor.locres) Hash: (-291638278) String: (Toggle Realtime)
Resource: (D:/Student Data/Desktop/UnrealEngine-4.1/Engine/Content/Localization/Editor/en/Editor.locres) Hash: (-1913389001) String: (Toggles real time rendering in this viewport)
[2014.06.22-06.09.37:237][  0]LogAutomationTest:Warning: Loading localization resources contain conflicting entries for (Namespace:UICommands, Key:ToggleRealtime_ToolTip):
Resource: (D:/Student Data/Desktop/UnrealEngine-4.1/Engine/Content/Localization/Editor/en/Editor.locres) Hash: (-291638278) String: (Toggle Realtime)
Resource: (D:/Student Data/Desktop/UnrealEngine-4.1/Engine/Content/Localization/Editor/en/Editor.locres) Hash: (-1913389001) String: (Toggles real time rendering in this viewport)
[2014.06.22-06.09.37:237][  0]LogEngine: Initializing Engine...
[2014.06.22-06.09.37:338][  0]LogInit: XAudio2 using 'Speakers / HP (IDT High Definition Audio CODEC)' : 2 channels at 48 kHz using 16 bits per sample (channel mask 0x3)
[2014.06.22-06.09.37:416][  0]LogInit: FAudioDevice initialized.
[2014.06.22-06.09.37:447][  0]LogDerivedDataCache: Saved boot cache 0.03s 38MB ../../../../../Documents/Unreal Projects/MyProject/DerivedDataCache/Boot.ddc.
[2014.06.22-06.09.37:452][  0]LogInit: Texture streaming: Enabled
[2014.06.22-06.09.37:473][  0]LogInit: Transaction tracking system initialized
[2014.06.22-06.09.37:550][  0]LogAssetRegistry: FAssetRegistry took 0.0093 seconds to start up
[2014.06.22-06.09.37:659][  0]LogModuleManager:Warning: ModuleManager: Unable to load module '' because the file was not found.
[2014.06.22-06.09.37:663][  0]LogModuleManager:Warning: ModuleManager: Unable to load module '' because the file was not found.
[2014.06.22-06.09.37:729][  0]LogConsoleResponse:Display: 
[2014.06.22-06.09.37:915][  0]SourceControl: Info Source control is disabled
[2014.06.22-06.09.37:915][  0]Cmd: MAP LOAD FILE="../../../../../Documents/Unreal Projects/MyProject/Content/Maps/Example_Map.umap" TEMPLATE=0 SHOWPROGRESS=1 WORLDCOMPOSITION=0
[2014.06.22-06.09.37:915][  0]LightingResults: New page: Lighting Build
[2014.06.22-06.09.37:920][  0]MapCheck: New page: Map Check
[2014.06.22-06.09.37:920][  0]LightingResults: New page: Lighting Build
[2014.06.22-06.09.37:936][  0]LogParticles: Destroying 0 GPU particle simulations for FXSystem 0x00000000162294E0
[2014.06.22-06.09.38:271][  0]LogEditorServer: Finished looking for orphan Actors (0.000 secs)
[2014.06.22-06.09.38:271][  0]Cmd: MAP CHECKDEP
[2014.06.22-06.09.38:271][  0]MapCheck: New page: Example_Map - Jun 21, 2014, 8:09:38 PM
[2014.06.22-06.09.38:305][  0]MapCheck: Info ========== Map Check: 0 Error(s), 0 Warning(s), [33.289ms] ==========
[2014.06.22-06.09.38:305][  0]LogFileHelpers: Loading map 'Example_Map' took 0.390
[2014.06.22-06.09.38:375][  0]LogCollectionManager: Loaded 0 collections in 0.001038 seconds
[2014.06.22-06.09.38:447][  0]LogInit: Using libcurl 7.34.0
[2014.06.22-06.09.38:447][  0]LogInit:  - built for x86_64-pc-win32
[2014.06.22-06.09.38:447][  0]LogInit:  - supports SSL with WinSSL
[2014.06.22-06.09.38:447][  0]LogInit:  - other features:
[2014.06.22-06.09.38:447][  0]LogInit:      CURL_VERSION_SSL
[2014.06.22-06.09.38:447][  0]LogInit:      CURL_VERSION_ASYNCHDNS
[2014.06.22-06.09.38:447][  0]LogInit:      CURL_VERSION_LARGEFILE
[2014.06.22-06.09.38:447][  0]LogInit:      CURL_VERSION_IDN
[2014.06.22-06.09.38:447][  0]LogInit: Libcurl will NOT reuse connections
[2014.06.22-06.09.38:459][  0]LogCrashTracker: Crashtracker disabled due to settings.
[2014.06.22-06.09.38:460][  0]Cmd: MODE PLACEMENT
[2014.06.22-06.09.38:499][  0]LogLoad: Full Startup: 4.20 seconds (BP compile: 0.10 seconds)
[2014.06.22-06.09.38:511][  0]LogContentBrowser:Verbose: The content browser source was changed by the sources view to '/Game/Blueprints'
[2014.06.22-06.09.38:759][  0]LogRenderer:Warning: Reallocating scene render targets to support 32x32.
[2014.06.22-06.09.38:807][  0]LogRenderer:Warning: Reallocating scene render targets to support 944x720.
[2014.06.22-06.09.39:192][  1]LogEpicStorage:Warning: EnumerateFiles request failed. Invalid response. code=403 error=<?xml version="1.0" encoding="UTF-8"?>
<Error><Code>AccessDenied</Code><Message>Access Denied</Message><RequestId>40F3100B0CF29D6E</RequestId><HostId>fH7Rw2RQXRbFDXz2eUFuZYbqSurR0NinuLk9wUZ5zIDT/7POM42dEdAkIORoe1eH</HostId></Error>
[2014.06.22-06.09.39:203][  1]LogAssetRegistry: Asset discovery search completed in 1.6631 seconds
[2014.06.22-06.09.39:210][  2]LogEpicSurvey:Warning: EnumerateFiles request failed. Invalid response. code=403 error=<?xml version="1.0" encoding="UTF-8"?>
<Error><Code>AccessDenied</Code><Message>Access Denied</Message><RequestId>973CEACD55B60DC5</RequestId><HostId>IWabLvrBwhHzglR6zjWm0GG8w8SvXmwH6bPlpTvCcDScrRXIJLprS9ZUK6VaZDSB</HostId></Error>
[2014.06.22-06.09.39:269][  3]LogEpicStorage:Warning: EnumerateFiles request failed. Invalid response. code=403 error=<?xml version="1.0" encoding="UTF-8"?>
<Error><Code>AccessDenied</Code><Message>Access Denied</Message><RequestId>68D3B3875F6B3BB5</RequestId><HostId>dFAdM44ks146xdmlJVXYITM0Lj2HRrd0PsyCxBR4Tv1+d65vCKWzzNf8Cm+8zuPX</HostId></Error>
[2014.06.22-06.09.39:325][  4]LogEpicSurvey:Warning: EnumerateFiles request failed. Invalid response. code=403 error=<?xml version="1.0" encoding="UTF-8"?>
<Error><Code>AccessDenied</Code><Message>Access Denied</Message><RequestId>BFE0C4F225413C79</RequestId><HostId>JIuEBrYVrtD6uznw1FO4SGUGD8YhTctr6HTULRefIyQk6yMoL58r8PMHii6Q6sKp</HostId></Error>
[2014.06.22-06.09.39:455][  6]LogEpicSurvey:Warning: EnumerateFiles request failed. Invalid response. code=403 error=<?xml version="1.0" encoding="UTF-8"?>
<Error><Code>AccessDenied</Code><Message>Access Denied</Message><RequestId>3BF0A7D36E3996C3</RequestId><HostId>WMYKnFeIfbSXdRTI69NSX1ay3OAkcaUCKD7ZhNoDz7DDXOGFaxHY8U+FhX7bnLni</HostId></Error>
[2014.06.22-06.09.39:527][  7]LogEpicStorage:Warning: ReadFile request failed. File request already pending for filename=http://cdn.unrealengine.com/newsfeed/blueprint_icon_b.png
[2014.06.22-06.09.39:527][  7]LogEpicStorage:Warning: ReadFile request failed. File request already pending for filename=http://cdn.unrealengine.com/newsfeed/blueprint_icon_b.png
[2014.06.22-06.09.41:180][ 31]LogPlayLevel: PIE:  No blueprints needed recompiling
[2014.06.22-06.09.41:181][ 31]PIE: New page: PIE session: Example_Map (Jun 21, 2014, 8:09:41 PM)
[2014.06.22-06.09.41:216][ 31]LogPlayLevel: PIE: StaticDuplicateObject took: (0.035571s)
[2014.06.22-06.09.41:218][ 31]LogPlayLevel: PIE: World Init took: (0.001382s)
[2014.06.22-06.09.41:218][ 31]LogPlayLevel: PIE: Created PIE world by copying editor world from /Game/Maps/Example_Map.Example_Map to /Game/Maps/UEDPIE_0_Example_Map.Example_Map (0.037222s)
[2014.06.22-06.09.41:228][ 31]LogLinker:Warning: CreateExport: Failed to load Super for Function /Game/Character/HeroFPP_AnimBlueprint.HeroFPP_AnimBlueprint_C:KismetUpdateAnimation; removing super information, but keeping function
[2014.06.22-06.09.41:406][ 31]LogClass:Warning: Type mismatch in PreviewSkeletalMesh of Skeleton - Previous (ObjectProperty) Current(AssetObjectProperty) for package:  ../../../../../Documents/Unreal Projects/MyProject/Content/Character/HeroFPP_Skeleton.uasset
[2014.06.22-06.09.41:480][ 31]LogWorld: Game class is 'MyGame_C'
[2014.06.22-06.09.41:522][ 31]LogWorld: Bringing World /Game/Maps/UEDPIE_0_Example_Map.Example_Map up for play (max tick rate 0) at 2014.06.22-01.09.41
[2014.06.22-06.09.41:522][ 31]LogWorld: Bringing up level for play took: 0.006419
[2014.06.22-06.09.41:524][ 31]LogGameMode: RestartPlayer 256
[2014.06.22-06.09.41:526][ 31]LogPlayerController: ClientRestart_Implementation MyCharacter_C_0
[2014.06.22-06.09.41:526][ 31]LogPlayerController: ServerAcknowledgePossession_Implementation MyCharacter_C_0
[2014.06.22-06.09.41:535][ 31]PIE: Info Play in editor start time for /Game/Maps/UEDPIE_0_Example_Map 1.229
[2014.06.22-06.09.42:339][ 46]LogBlueprintUserMessages: 2
[2014.06.22-06.09.44:292][ 83]LogBlueprintUserMessages: 3
[2014.06.22-06.09.45:258][102]LogBlueprintUserMessages: 4
[2014.06.22-06.09.45:513][107]LogBlueprintUserMessages: 5
[2014.06.22-06.09.45:782][112]LogBlueprintUserMessages: 6
[2014.06.22-06.09.46:024][117]LogBlueprintUserMessages: 7
[2014.06.22-06.09.46:282][122]LogBlueprintUserMessages: 8
[2014.06.22-06.09.47:156][139]LogBlueprintUserMessages: 9
[2014.06.22-06.09.47:915][154]LogBlueprintUserMessages: 10
[2014.06.22-06.09.48:173][159]LogBlueprintUserMessages: 11
[2014.06.22-06.09.48:487][165]LogBlueprintUserMessages: 12
[2014.06.22-06.09.48:801][171]LogBlueprintUserMessages: 13
[2014.06.22-06.09.49:166][178]LogBlueprintUserMessages: 14
[2014.06.22-06.09.49:585][186]LogBlueprintUserMessages: 15
[2014.06.22-06.09.50:150][197]LogBlueprintUserMessages: 16
[2014.06.22-06.09.50:405][202]LogBlueprintUserMessages: 17
[2014.06.22-06.09.50:661][207]LogBlueprintUserMessages: 18
[2014.06.22-06.09.50:919][212]LogBlueprintUserMessages: 19
[2014.06.22-06.09.51:171][217]LogBlueprintUserMessages: 20
[2014.06.22-06.09.51:423][222]LogBlueprintUserMessages: 21
[2014.06.22-06.09.51:676][227]LogBlueprintUserMessages: 22
[2014.06.22-06.09.51:979][233]LogBlueprintUserMessages: 23
[2014.06.22-06.09.52:228][238]LogBlueprintUserMessages: 24
[2014.06.22-06.09.52:476][243]LogBlueprintUserMessages: 25
[2014.06.22-06.09.52:671][247]LogBlueprintUserMessages: 26
[2014.06.22-06.09.52:911][252]LogBlueprintUserMessages: 27
[2014.06.22-06.09.53:150][257]LogBlueprintUserMessages: 28
[2014.06.22-06.09.53:150][257]LogBlueprintUserMessages: 29
[2014.06.22-06.09.53:338][261]LogBlueprintUserMessages: 30
[2014.06.22-06.09.53:532][265]LogBlueprintUserMessages: 31
[2014.06.22-06.09.53:676][268]LogBlueprintUserMessages: 32
[2014.06.22-06.09.53:869][272]LogBlueprintUserMessages: 33
[2014.06.22-06.09.54:014][275]LogBlueprintUserMessages: 34
[2014.06.22-06.09.54:255][280]LogBlueprintUserMessages: 35
[2014.06.22-06.09.54:451][284]LogBlueprintUserMessages: 36
[2014.06.22-06.09.54:650][288]LogBlueprintUserMessages: 37
[2014.06.22-06.09.54:848][292]LogBlueprintUserMessages: 38
[2014.06.22-06.09.55:099][297]LogBlueprintUserMessages: 39
[2014.06.22-06.09.55:302][301]LogBlueprintUserMessages: 40
[2014.06.22-06.09.55:508][305]LogBlueprintUserMessages: 41
[2014.06.22-06.09.55:765][310]LogBlueprintUserMessages: 42
[2014.06.22-06.09.56:024][315]LogBlueprintUserMessages: 43
[2014.06.22-06.09.56:327][321]LogBlueprintUserMessages: 44
[2014.06.22-06.09.56:577][326]LogBlueprintUserMessages: 45
[2014.06.22-06.09.56:778][330]LogBlueprintUserMessages: 46
[2014.06.22-06.09.57:082][336]LogBlueprintUserMessages: 47
[2014.06.22-06.09.57:337][341]LogBlueprintUserMessages: 48
[2014.06.22-06.09.57:743][349]LogBlueprintUserMessages: 49
[2014.06.22-06.09.59:278][379]LogBlueprintUserMessages: 50
[2014.06.22-06.09.59:586][385]LogBlueprintUserMessages: 51
[2014.06.22-06.09.59:892][391]LogBlueprintUserMessages: 52
[2014.06.22-06.10.00:818][409]LogBlueprintUserMessages: 53
[2014.06.22-06.10.01:128][415]LogBlueprintUserMessages: 54
[2014.06.22-06.10.01:335][419]LogBlueprintUserMessages: 55
[2014.06.22-06.10.01:644][425]LogBlueprintUserMessages: 56
[2014.06.22-06.10.02:159][435]LogBlueprintUserMessages: 57
[2014.06.22-06.10.02:416][440]LogBlueprintUserMessages: 58
[2014.06.22-06.10.02:675][445]LogBlueprintUserMessages: 59
[2014.06.22-06.10.02:935][450]LogBlueprintUserMessages: 60
[2014.06.22-06.10.03:090][453]LogBlueprintUserMessages: 61
[2014.06.22-06.10.03:245][456]LogBlueprintUserMessages: 62
[2014.06.22-06.10.03:448][460]LogBlueprintUserMessages: 63
[2014.06.22-06.10.03:603][463]LogBlueprintUserMessages: 64
[2014.06.22-06.10.03:809][467]LogBlueprintUserMessages: 65
[2014.06.22-06.10.03:964][470]LogBlueprintUserMessages: 66
[2014.06.22-06.10.04:838][487]LogBlueprintUserMessages: 67
[2014.06.22-06.10.07:783][545]LogBlueprintUserMessages: 68
[2014.06.22-06.10.10:324][595]LogBlueprintUserMessages: 69
[2014.06.22-06.10.11:289][614]LogBlueprintUserMessages: 70
[2014.06.22-06.10.12:106][630]LogBlueprintUserMessages: 71
[2014.06.22-06.10.12:464][637]LogBlueprintUserMessages: 72
[2014.06.22-06.10.12:823][644]LogBlueprintUserMessages: 73
[2014.06.22-06.10.13:795][663]LogBlueprintUserMessages: 74
[2014.06.22-06.10.14:102][669]LogBlueprintUserMessages: 75
[2014.06.22-06.10.14:358][674]LogBlueprintUserMessages: 76
[2014.06.22-06.10.15:896][704]LogBlueprintUserMessages: 77
[2014.06.22-06.10.16:397][714]LogBlueprintUserMessages: 78
[2014.06.22-06.10.16:648][719]LogBlueprintUserMessages: 79
[2014.06.22-06.10.16:941][725]LogBlueprintUserMessages: 80
[2014.06.22-06.10.17:229][731]LogBlueprintUserMessages: 81
[2014.06.22-06.10.17:522][737]LogBlueprintUserMessages: 82
[2014.06.22-06.10.17:770][742]LogBlueprintUserMessages: 83
[2014.06.22-06.10.18:130][749]LogBlueprintUserMessages: 84
[2014.06.22-06.10.18:384][754]LogBlueprintUserMessages: 85
[2014.06.22-06.10.18:639][759]LogBlueprintUserMessages: 86
[2014.06.22-06.10.20:148][788]LogBlueprintUserMessages: 87
[2014.06.22-06.10.23:058][844]LogBlueprintUserMessages: 88
[2014.06.22-06.10.23:266][848]LogBlueprintUserMessages: 89
[2014.06.22-06.10.23:420][851]LogBlueprintUserMessages: 90
[2014.06.22-06.10.23:625][855]LogBlueprintUserMessages: 91
[2014.06.22-06.10.23:777][858]LogBlueprintUserMessages: 92
[2014.06.22-06.10.23:930][861]LogBlueprintUserMessages: 93
[2014.06.22-06.10.24:084][864]LogBlueprintUserMessages: 94
[2014.06.22-06.10.24:237][867]LogBlueprintUserMessages: 95
[2014.06.22-06.10.24:390][870]LogBlueprintUserMessages: 96
[2014.06.22-06.10.24:590][874]LogBlueprintUserMessages: 97
[2014.06.22-06.10.24:740][877]LogBlueprintUserMessages: 98
[2014.06.22-06.10.24:939][881]LogBlueprintUserMessages: 99
[2014.06.22-06.10.25:137][885]LogBlueprintUserMessages: 100
[2014.06.22-06.10.25:287][888]LogBlueprintUserMessages: 101
[2014.06.22-06.10.25:494][892]LogBlueprintUserMessages: 102
[2014.06.22-06.10.25:698][896]LogBlueprintUserMessages: 103
[2014.06.22-06.10.25:901][900]LogBlueprintUserMessages: 104
[2014.06.22-06.10.26:105][904]LogBlueprintUserMessages: 105
[2014.06.22-06.10.26:310][908]LogBlueprintUserMessages: 106
[2014.06.22-06.10.26:565][913]LogBlueprintUserMessages: 107
[2014.06.22-06.10.26:767][917]LogBlueprintUserMessages: 108
[2014.06.22-06.10.26:969][921]LogBlueprintUserMessages: 109
[2014.06.22-06.10.27:172][925]LogBlueprintUserMessages: 110
[2014.06.22-06.10.27:375][929]LogBlueprintUserMessages: 111
[2014.06.22-06.10.27:630][934]LogBlueprintUserMessages: 112
[2014.06.22-06.10.27:783][937]LogBlueprintUserMessages: 113
[2014.06.22-06.10.27:988][941]LogBlueprintUserMessages: 114
[2014.06.22-06.10.28:245][946]LogBlueprintUserMessages: 115
[2014.06.22-06.10.28:453][950]LogBlueprintUserMessages: 116
[2014.06.22-06.10.28:712][955]LogBlueprintUserMessages: 117
[2014.06.22-06.10.28:919][959]LogBlueprintUserMessages: 118
[2014.06.22-06.10.29:126][963]LogBlueprintUserMessages: 119
[2014.06.22-06.10.29:334][967]LogBlueprintUserMessages: 120
[2014.06.22-06.10.29:541][971]LogBlueprintUserMessages: 121
[2014.06.22-06.10.29:803][976]LogBlueprintUserMessages: 122
[2014.06.22-06.10.30:012][980]LogBlueprintUserMessages: 123
[2014.06.22-06.10.30:222][984]LogBlueprintUserMessages: 124
[2014.06.22-06.10.30:431][988]LogBlueprintUserMessages: 125
[2014.06.22-06.10.30:640][992]LogBlueprintUserMessages: 126
[2014.06.22-06.10.30:898][997]LogBlueprintUserMessages: 127
[2014.06.22-06.10.31:157][  2]LogBlueprintUserMessages: 128
[2014.06.22-06.10.31:417][  7]LogBlueprintUserMessages: 129
[2014.06.22-06.10.31:676][ 12]LogBlueprintUserMessages: 130
[2014.06.22-06.10.31:883][ 16]LogBlueprintUserMessages: 131
[2014.06.22-06.10.32:141][ 21]LogBlueprintUserMessages: 132
[2014.06.22-06.10.32:398][ 26]LogBlueprintUserMessages: 133
[2014.06.22-06.10.32:654][ 31]LogBlueprintUserMessages: 134
[2014.06.22-06.10.32:910][ 36]LogBlueprintUserMessages: 135
[2014.06.22-06.10.33:166][ 41]LogBlueprintUserMessages: 136
[2014.06.22-06.10.33:421][ 46]LogBlueprintUserMessages: 137
[2014.06.22-06.10.33:676][ 51]LogBlueprintUserMessages: 138
[2014.06.22-06.10.33:932][ 56]LogBlueprintUserMessages: 139
[2014.06.22-06.10.34:187][ 61]LogBlueprintUserMessages: 140
[2014.06.22-06.10.37:683][130]LogBlueprintUserMessages: 141
[2014.06.22-06.10.38:043][137]LogBlueprintUserMessages: 142
[2014.06.22-06.10.38:507][146]LogBlueprintUserMessages: 143
[2014.06.22-06.10.38:818][152]LogBlueprintUserMessages: 144
[2014.06.22-06.10.39:131][158]LogBlueprintUserMessages: 145
[2014.06.22-06.10.39:392][163]LogBlueprintUserMessages: 146
[2014.06.22-06.10.39:652][168]LogBlueprintUserMessages: 147
[2014.06.22-06.10.39:964][174]LogBlueprintUserMessages: 148
[2014.06.22-06.10.41:164][197]LogActorComponent: UnregisterComponent: (/Engine/Transient.ProjectileMovementComponent_0) Not registered. Aborting.
[2014.06.22-06.10.41:164][197]LogActorComponent: UnregisterComponent: (/Engine/Transient.ProjectileMovementComponent_1) Not registered. Aborting.
[2014.06.22-06.10.41:164][197]LogActorComponent: UnregisterComponent: (/Engine/Transient.ProjectileMovementComponent_2) Not registered. Aborting.
[2014.06.22-06.10.41:164][197]LogActorComponent: UnregisterComponent: (/Engine/Transient.ProjectileMovementComponent_3) Not registered. Aborting.
[2014.06.22-06.10.41:164][197]LogActorComponent: UnregisterComponent: (/Engine/Transient.ProjectileMovementComponent_4) Not registered. Aborting.
[2014.06.22-06.10.41:164][197]LogActorComponent: UnregisterComponent: (/Engine/Transient.ProjectileMovementComponent_5) Not registered. Aborting.
[2014.06.22-06.10.41:164][197]LogActorComponent: UnregisterComponent: (/Engine/Transient.ProjectileMovementComponent_6) Not registered. Aborting.
[2014.06.22-06.10.41:164][197]LogActorComponent: UnregisterComponent: (/Engine/Transient.ProjectileMovementComponent_7) Not registered. Aborting.
[2014.06.22-06.10.41:164][197]LogActorComponent: UnregisterComponent: (/Engine/Transient.ProjectileMovementComponent_8) Not registered. Aborting.
[2014.06.22-06.10.41:164][197]LogActorComponent: UnregisterComponent: (/Engine/Transient.ProjectileMovementComponent_9) Not registered. Aborting.
[2014.06.22-06.10.41:164][197]LogActorComponent: UnregisterComponent: (/Engine/Transient.CharacterMovementComponent_0) Not registered. Aborting.
[2014.06.22-06.10.43:416][234]LogParticles: Destroying 0 GPU particle simulations for FXSystem 0x000000000E105BC0
[2014.06.22-06.10.43:530][235]Cmd: QUIT_EDITOR
[2014.06.22-06.10.43:605][235]LogWindowsTextInputMethodSystem:Error: Terminating failed while unadvising the language notification sink from the TSF source.
[2014.06.22-06.10.43:606][235]LogExit: Preparing to exit.
[2014.06.22-06.10.43:920][235]LogExit: Editor shut down
[2014.06.22-06.10.43:920][235]LogExit: Transaction tracking system shut down
[2014.06.22-06.10.43:921][235]LogParticles: Destroying 0 GPU particle simulations for FXSystem 0x000000001697F6A0
[2014.06.22-06.10.43:939][235]LogParticles: Destroying 0 GPU particle simulations for FXSystem 0x0000000016ED1C60
[2014.06.22-06.10.43:939][235]LogParticles: Destroying 0 GPU particle simulations for FXSystem 0x00000000221B7560
[2014.06.22-06.10.43:939][235]LogExit: Object subsystem successfully closed.
[2014.06.22-06.10.43:960][235]LogModuleManager: Shutting down and abandoning module CrashTracker (145)
[2014.06.22-06.10.43:960][235]LogModuleManager: Shutting down and abandoning module HTTP (144)
[2014.06.22-06.10.43:961][235]LogModuleManager: Shutting down and abandoning module NewsFeed (143)
[2014.06.22-06.10.43:961][235]LogModuleManager: Shutting down and abandoning module SceneOutliner (142)
[2014.06.22-06.10.43:961][235]LogModuleManager: Shutting down and abandoning module EditorWidgets (141)
[2014.06.22-06.10.43:961][235]LogModuleManager: Shutting down and abandoning module CollectionManager (140)
[2014.06.22-06.10.43:961][235]LogModuleManager: Shutting down and abandoning module StatsViewer (139)
[2014.06.22-06.10.43:961][235]LogModuleManager: Shutting down and abandoning module FoliageEdit (138)
[2014.06.22-06.10.43:961][235]LogModuleManager: Shutting down and abandoning module LandscapeEditor (137)
[2014.06.22-06.10.43:964][235]LogModuleManager: Shutting down and abandoning module MeshPaint (136)
[2014.06.22-06.10.43:964][235]LogModuleManager: Shutting down and abandoning module GeometryMode (135)
[2014.06.22-06.10.43:964][235]LogModuleManager: Shutting down and abandoning module TextureAlignMode (134)
[2014.06.22-06.10.43:964][235]LogModuleManager: Shutting down and abandoning module BspMode (133)
[2014.06.22-06.10.43:964][235]LogModuleManager: Shutting down and abandoning module PlacementMode (132)
[2014.06.22-06.10.43:964][235]LogModuleManager: Shutting down and abandoning module AutomationWorker (131)
[2014.06.22-06.10.43:964][235]LogModuleManager: Shutting down and abandoning module ViewportSnapping (130)
[2014.06.22-06.10.43:964][235]LogModuleManager: Shutting down and abandoning module DeviceProfileEditor (129)
[2014.06.22-06.10.43:964][235]LogModuleManager: Shutting down and abandoning module UndoHistory (128)
[2014.06.22-06.10.43:964][235]LogModuleManager: Shutting down and abandoning module GameplayTagsEditor (127)
[2014.06.22-06.10.43:964][235]LogModuleManager: Shutting down and abandoning module UserFeedback (126)
[2014.06.22-06.10.43:964][235]LogModuleManager: Shutting down and abandoning module XmlParser (125)
[2014.06.22-06.10.43:965][235]LogModuleManager: Shutting down and abandoning module OnlineBlueprintSupport (124)
[2014.06.22-06.10.43:965][235]LogModuleManager: Shutting down and abandoning module Blutility (123)
[2014.06.22-06.10.43:965][235]LogModuleManager: Shutting down and abandoning module IOSPlatformEditor (122)
[2014.06.22-06.10.43:965][235]LogModuleManager: Shutting down and abandoning module IOSRuntimeSettings (121)
[2014.06.22-06.10.43:965][235]LogModuleManager: Shutting down and abandoning module ProjectSettingsViewer (118)
[2014.06.22-06.10.43:965][235]LogModuleManager: Shutting down and abandoning module InputBindingEditor (117)
[2014.06.22-06.10.43:965][235]LogModuleManager: Shutting down and abandoning module EditorSettingsViewer (116)
[2014.06.22-06.10.43:965][235]LogModuleManager: Shutting down and abandoning module SettingsEditor (115)
[2014.06.22-06.10.43:965][235]LogModuleManager: Shutting down and abandoning module SessionLauncher (114)
[2014.06.22-06.10.43:965][235]LogModuleManager: Shutting down and abandoning module SessionFrontend (113)
[2014.06.22-06.10.43:965][235]LogModuleManager: Shutting down and abandoning module ProfilerClient (112)
[2014.06.22-06.10.43:965][235]LogModuleManager: Shutting down and abandoning module TargetDeviceServices (111)
[2014.06.22-06.10.43:965][235]LogModuleManager: Shutting down and abandoning module DeviceManager (110)
[2014.06.22-06.10.43:965][235]LogModuleManager: Shutting down and abandoning module AutomationController (109)
[2014.06.22-06.10.43:965][235]LogModuleManager: Shutting down and abandoning module AutomationWindow (108)
[2014.06.22-06.10.43:965][235]LogModuleManager: Shutting down and abandoning module Layers (107)
[2014.06.22-06.10.43:965][235]LogModuleManager: Shutting down and abandoning module ComponentVisualizers (106)
[2014.06.22-06.10.43:965][235]LogModuleManager: Shutting down and abandoning module DetailCustomizations (105)
[2014.06.22-06.10.43:965][235]LogModuleManager: Shutting down and abandoning module PackagesDialog (104)
[2014.06.22-06.10.43:965][235]LogModuleManager: Shutting down and abandoning module PropertyEditor (103)
[2014.06.22-06.10.43:965][235]LogModuleManager: Shutting down and abandoning module DirectoryWatcher (102)
[2014.06.22-06.10.43:965][235]LogModuleManager: Shutting down and abandoning module AssetRegistry (101)
[2014.06.22-06.10.44:042][235]LogModuleManager: Shutting down and abandoning module Persona (100)
[2014.06.22-06.10.44:042][235]LogModuleManager: Shutting down and abandoning module GraphEditor (99)
[2014.06.22-06.10.44:042][235]LogModuleManager: Shutting down and abandoning module ContentBrowser (98)
[2014.06.22-06.10.44:042][235]LogModuleManager: Shutting down and abandoning module ClassViewer (97)
[2014.06.22-06.10.44:042][235]LogModuleManager: Shutting down and abandoning module Toolbox (96)
[2014.06.22-06.10.44:042][235]LogModuleManager: Shutting down and abandoning module ModuleUI (95)
[2014.06.22-06.10.44:042][235]LogModuleManager: Shutting down and abandoning module Sequencer (94)
[2014.06.22-06.10.44:042][235]LogModuleManager: Shutting down and abandoning module AssetTools (93)
[2014.06.22-06.10.44:042][235]LogModuleManager: Shutting down and abandoning module MovieSceneTools (92)
[2014.06.22-06.10.44:042][235]LogModuleManager: Shutting down and abandoning module OutputLog (91)
[2014.06.22-06.10.44:042][235]LogModuleManager: Shutting down and abandoning module GammaUI (90)
[2014.06.22-06.10.44:042][235]LogModuleManager: Shutting down and abandoning module Documentation (89)
[2014.06.22-06.10.44:042][235]LogModuleManager: Shutting down and abandoning module DesktopPlatform (88)
[2014.06.22-06.10.44:042][235]LogModuleManager: Shutting down and abandoning module ProfilerService (87)
[2014.06.22-06.10.44:076][235]LogModuleManager: Shutting down and abandoning module TaskGraph (86)
[2014.06.22-06.10.44:076][235]LogModuleManager: Shutting down and abandoning module GameProjectGeneration (85)
[2014.06.22-06.10.44:076][235]LogModuleManager: Shutting down and abandoning module Matinee (84)
[2014.06.22-06.10.44:076][235]LogModuleManager: Shutting down and abandoning module Kismet (83)
[2014.06.22-06.10.44:076][235]LogModuleManager: Shutting down and abandoning module LevelEditor (82)
[2014.06.22-06.10.44:077][235]LogModuleManager: Shutting down and abandoning module MainFrame (81)
[2014.06.22-06.10.44:077][235]LogModuleManager: Shutting down and abandoning module SourceControl (80)
[2014.06.22-06.10.44:077][235]LogModuleManager: Shutting down and abandoning module ImageWrapper (79)
[2014.06.22-06.10.44:077][235]LogModuleManager: Shutting down and abandoning module FunctionalTesting (78)
[2014.06.22-06.10.44:077][235]LogModuleManager: Shutting down and abandoning module CollisionAnalyzer (77)
[2014.06.22-06.10.44:077][235]LogModuleManager: Shutting down and abandoning module WorkspaceMenuStructure (76)
[2014.06.22-06.10.44:077][235]LogModuleManager: Shutting down and abandoning module MessageLog (75)
[2014.06.22-06.10.44:077][235]LogModuleManager: Shutting down and abandoning module Slate (74)
[2014.06.22-06.10.44:077][235]LogModuleManager: Shutting down and abandoning module EditorStyle (73)
[2014.06.22-06.10.44:080][235]LogModuleManager: Shutting down and abandoning module SessionServices (72)
[2014.06.22-06.10.44:080][235]LogModuleManager: Shutting down and abandoning module VSAccessor (71)
[2014.06.22-06.10.44:080][235]LogModuleManager: Shutting down and abandoning module HeadMountedDisplay (70)
[2014.06.22-06.10.44:080][235]LogModuleManager: Shutting down and abandoning module XAudio2 (69)
[2014.06.22-06.10.44:080][235]LogModuleManager: Shutting down and abandoning module Networking (68)
[2014.06.22-06.10.44:080][235]LogModuleManager: Shutting down and abandoning module Core (67)
[2014.06.22-06.10.44:080][235]LogModuleManager: Shutting down and abandoning module KismetCompiler (66)
[2014.06.22-06.10.44:080][235]LogModuleManager: Shutting down and abandoning module PhysXFormats (65)
[2014.06.22-06.10.44:080][235]LogModuleManager: Shutting down and abandoning module MeshUtilities (64)
[2014.06.22-06.10.44:080][235]LogModuleManager: Shutting down and abandoning module DerivedDataCache (63)
[2014.06.22-06.10.44:441][235]LogDerivedDataCache: Shutdown
[2014.06.22-06.10.44:441][235]LogModuleManager: Shutting down and abandoning module ShaderFormatOpenGL (62)
[2014.06.22-06.10.44:441][235]LogModuleManager: Shutting down and abandoning module ShaderFormatD3D (61)
[2014.06.22-06.10.44:441][235]LogModuleManager: Shutting down and abandoning module TextureFormatUncompressed (60)
[2014.06.22-06.10.44:441][235]LogModuleManager: Shutting down and abandoning module TextureFormatPVR (59)
[2014.06.22-06.10.44:441][235]LogModuleManager: Shutting down and abandoning module TextureFormatDXT (58)
[2014.06.22-06.10.44:441][235]LogModuleManager: Shutting down and abandoning module AudioFormatOgg (57)
[2014.06.22-06.10.44:441][235]LogModuleManager: Shutting down and abandoning module AudioFormatADPCM (56)
[2014.06.22-06.10.44:441][235]LogModuleManager: Shutting down and abandoning module Messaging (55)
[2014.06.22-06.10.44:441][235]LogModuleManager: Shutting down and abandoning module IOSTargetPlatform (54)
[2014.06.22-06.10.44:441][235]LogModuleManager: Shutting down and abandoning module WindowsTargetPlatform (53)
[2014.06.22-06.10.44:441][235]LogModuleManager: Shutting down and abandoning module WindowsServerTargetPlatform (52)
[2014.06.22-06.10.44:441][235]LogModuleManager: Shutting down and abandoning module WindowsNoEditorTargetPlatform (51)
[2014.06.22-06.10.44:441][235]LogModuleManager: Shutting down and abandoning module WindowsClientTargetPlatform (50)
[2014.06.22-06.10.44:441][235]LogModuleManager: Shutting down and abandoning module TargetPlatform (49)
[2014.06.22-06.10.44:441][235]LogModuleManager: Shutting down and abandoning module InputCore (47)
[2014.06.22-06.10.44:442][235]LogModuleManager: Shutting down and abandoning module Settings (46)
[2014.06.22-06.10.44:442][235]LogModuleManager: Shutting down and abandoning module TextureCompressor (43)
[2014.06.22-06.10.44:442][235]LogModuleManager: Shutting down and abandoning module ShaderCore (42)
[2014.06.22-06.10.44:442][235]LogModuleManager: Shutting down and abandoning module OpenGLDrv (41)
[2014.06.22-06.10.44:442][235]LogModuleManager: Shutting down and abandoning module D3D11RHI (40)
[2014.06.22-06.10.44:442][235]LogModuleManager: Shutting down and abandoning module SlateRHIRenderer (39)
[2014.06.22-06.10.44:442][235]LogModuleManager: Shutting down and abandoning module Renderer (38)
[2014.06.22-06.10.44:442][235]LogModuleManager: Shutting down and abandoning module Engine (37)
[2014.06.22-06.10.44:442][235]LogModuleManager: Shutting down and abandoning module WindowsMoviePlayer (36)
[2014.06.22-06.10.44:448][235]LogModuleManager: Shutting down and abandoning module ExampleDeviceProfileSelector (31)
[2014.06.22-06.10.44:448][235]LogModuleManager: Shutting down and abandoning module CustomMeshComponent (30)
[2014.06.22-06.10.44:448][235]LogModuleManager: Shutting down and abandoning module CableComponent (29)
[2014.06.22-06.10.44:448][235]LogModuleManager: Shutting down and abandoning module OculusRift (26)
[2014.06.22-06.10.44:448][235]LogModuleManager: Shutting down and abandoning module UdpMessaging (25)
[2014.06.22-06.10.44:548][235]LogModuleManager: Shutting down and abandoning module MessagingDebugger (24)
[2014.06.22-06.10.44:548][235]LogModuleManager: Shutting down and abandoning module PluginsEditor (12)
[2014.06.22-06.10.44:548][235]LogModuleManager: Shutting down and abandoning module IntroTutorials (11)
[2014.06.22-06.10.44:548][235]LogModuleManager: Shutting down and abandoning module EpicSurvey (10)
[2014.06.22-06.10.44:548][235]LogModuleManager: Shutting down and abandoning module UObjectPlugin (9)
[2014.06.22-06.10.44:548][235]LogModuleManager: Shutting down and abandoning module SubversionSourceControl (8)
[2014.06.22-06.10.44:548][235]LogModuleManager: Shutting down and abandoning module PerforceSourceControl (7)
[2014.06.22-06.10.44:548][235]LogModuleManager: Shutting down and abandoning module BlankPlugin (6)
[2014.06.22-06.10.44:548][235]LogModuleManager: Shutting down and abandoning module CoreUObject (5)
[2014.06.22-06.10.44:548][235]LogModuleManager: Shutting down and abandoning module NetworkFile (4)
[2014.06.22-06.10.44:548][235]LogModuleManager: Shutting down and abandoning module StreamingFile (3)
[2014.06.22-06.10.44:548][235]LogModuleManager: Shutting down and abandoning module SandboxFile (2)
[2014.06.22-06.10.44:548][235]LogModuleManager: Shutting down and abandoning module PakFile (1)
[2014.06.22-06.10.44:548][235]LogExit: Exiting.
[2014.06.22-06.10.44:549][235]Log file closed, 06/22/14 01:10:44
