Log file open, 06/23/14 13:47:11
LogInit:Display: Running engine for game: MyProject
LogInit: Version: 4.1.1-0+UE4
LogInit: Compiled (64-bit): Jun 18 2014 17:47:01
LogInit: Build Configuration: Development
LogInit: Branch Name: UE4
LogInit: Command line: 
LogInit: Base directory: D:/Student Data/Desktop/UnrealEngine-4.1/Engine/Binaries/Win64/
LogInit: Rocket: 0
[2014.06.23-18.47.11:561][  0]LogTaskGraph: Started task graph with 3 named threads and 4 total threads.
[2014.06.23-18.47.11:587][  0]LogOnline:Warning: No default platform service specified for OnlineSubsystem
[2014.06.23-18.47.11:594][  0]LogInit: Presizing for 0 objects not considered by GC, pre-allocating 0 bytes.
[2014.06.23-18.47.11:600][  0]LogInit: Object subsystem initialized
[2014.06.23-18.47.11:602][  0]LogInit: Selected Device Profile: [Windows]
[2014.06.23-18.47.11:602][  0]LogInit: Applying CVar settings loaded from the selected device profile: [Windows]
[2014.06.23-18.47.11:636][  0]LogInit: Computer: C-1C3E84FD9E46
[2014.06.23-18.47.11:637][  0]LogInit: User: student
[2014.06.23-18.47.11:637][  0]LogInit: CPU Page size=4096, Cores=2
[2014.06.23-18.47.11:637][  0]LogInit: High frequency timer resolution =2.435927 MHz
[2014.06.23-18.47.11:638][  0]LogMemory: Memory total: Physical=3.9GB (4GB approx) Virtual=8192.0GB
[2014.06.23-18.47.11:638][  0]LogMemory: Platform Memory Stats for Windows
[2014.06.23-18.47.11:638][  0]LogMemory: Process Physical Memory: 67.83 MB used, 67.83 MB peak
[2014.06.23-18.47.11:638][  0]LogMemory: Process Virtual Memory: 48.39 MB used, 48.39 MB peak
[2014.06.23-18.47.11:638][  0]LogMemory: Physical Memory: 1864.72 MB used, 4027.56 MB total
[2014.06.23-18.47.11:638][  0]LogMemory: Virtual Memory: 251.02 MB used, 8388608.00 MB total
[2014.06.23-18.47.11:719][  0]LogD3D11RHI: Found D3D11 adapter 0: AMD Radeon HD 7570M (Feature Level 11_0)
[2014.06.23-18.47.11:719][  0]LogD3D11RHI: Adapter has 1007MB of dedicated video memory, 0MB of dedicated system memory, and 1757MB of shared system memory, 1 output[s]
[2014.06.23-18.47.11:719][  0]LogD3D11RHI: Chosen D3D11 Adapter Id = 0
[2014.06.23-18.47.11:724][  0]LogRHI: Texture pool is 705 MB (70% of 1007 MB)
[2014.06.23-18.47.11:736][  0]LogD3D11RHI: Async texture creation disabled: no driver support
[2014.06.23-18.47.11:772][  0]LogInit:Warning: We appear to have no tool tip localization data? Editor can't run.
[2014.06.23-18.47.11:772][  0]LogInit:Warning: We appear to have no property name localization data? Editor can't run.
[2014.06.23-18.47.11:797][  0]LogTextLocalizationManager:Warning: Loading localization resources contain conflicting entries for (Namespace:UICommands, Key:ToggleRealtime_ToolTip):
Resource: (D:/Student Data/Desktop/UnrealEngine-4.1/Engine/Content/Localization/Editor/en/Editor.locres) Hash: (-291638278) String: (Toggle Realtime)
Resource: (D:/Student Data/Desktop/UnrealEngine-4.1/Engine/Content/Localization/Editor/en/Editor.locres) Hash: (-1913389001) String: (Toggles real time rendering in this viewport)
[2014.06.23-18.47.11:820][  0]LogContentStreaming: Texture pool size is 0.000000MB
[2014.06.23-18.47.11:851][  0]LogInit: WinSock: version 1.1 (2.2), MaxSocks=32767, MaxUdp=65467
[2014.06.23-18.47.12:514][  0]LogTargetPlatformManager:Display: Building Assets For Windows
[2014.06.23-18.47.12:576][  0]LogTargetPlatformManager:Display: Building Assets For Windows
[2014.06.23-18.47.12:606][  0]LogDerivedDataCache:Display: Max Cache Size: 512 MB
[2014.06.23-18.47.13:477][  0]LogDerivedDataCache: Loaded boot cache 0.87s 38MB ../../../../../Documents/Unreal Projects/MyProject/DerivedDataCache/Boot.ddc.
[2014.06.23-18.47.13:477][  0]LogDerivedDataCache:Display: Loaded Boot cache: ../../../../../Documents/Unreal Projects/MyProject/DerivedDataCache/Boot.ddc
[2014.06.23-18.47.13:477][  0]LogDerivedDataCache: FDerivedDataBackendGraph:  Pak pak cache file ../../../../../Documents/Unreal Projects/MyProject/DerivedDataCache/DDC.ddp not found, will not use a pak cache.
[2014.06.23-18.47.13:477][  0]LogDerivedDataCache: Unable to find inner node Pak for hierarchical cache Hierarchy.
[2014.06.23-18.47.13:477][  0]LogDerivedDataCache: FDerivedDataBackendGraph:  EnginePak pak cache file ../../../Engine/DerivedDataCache/DDC.ddp not found, will not use a pak cache.
[2014.06.23-18.47.13:477][  0]LogDerivedDataCache: Unable to find inner node EnginePak for hierarchical cache Hierarchy.
[2014.06.23-18.47.13:489][  0]LogDerivedDataCache: Using Local data cache path ../../../Engine/DerivedDataCache: Writable
[2014.06.23-18.47.13:489][  0]LogDerivedDataCache: Shared data cache path not found in *engine.ini, will not use an Shared cache.
[2014.06.23-18.47.13:489][  0]LogDerivedDataCache: Unable to find inner node Shared for hierarchical cache Hierarchy.
[2014.06.23-18.47.13:651][  0]LogMeshUtilities: No automatic mesh reduction module available
[2014.06.23-18.47.13:651][  0]LogMeshUtilities: No automatic mesh merging module available
[2014.06.23-18.47.13:873][  0]LogEnum:Warning: Enum Text 1 for Enum ECustomDepth failed to resolve to any value
[2014.06.23-18.47.13:873][  0]LogEnum:Warning: Enum Text 3 for Enum EEarlyZPass failed to resolve to any value
[2014.06.23-18.47.13:873][  0]LogEnum:Warning: Enum Text 1 for Enum EClearSceneOptions failed to resolve to any value
[2014.06.23-18.47.13:873][  0]LogEnum:Warning: Enum Text 4 for Enum ECompositingSampleCount failed to resolve to any value
[2014.06.23-18.47.14:424][  0]UdpMessaging: Initializing bridge on interface 0.0.0.0:0 to multicast group 230.0.0.1:6666.
[2014.06.23-18.47.14:509][  0]SourceControl: Info Source control is disabled
[2014.06.23-18.47.14:509][  0]SourceControl: Info Source control is disabled
[2014.06.23-18.47.14:513][  0]SourceControl: Info Source control is disabled
[2014.06.23-18.47.14:584][  0]BlueprintLog: New page: Editor Load
[2014.06.23-18.47.14:612][  0]LogObj: 18600 objects as part of root set at end of initial load.
[2014.06.23-18.47.14:612][  0]LogUObjectAllocator: 3704160 out of 0 bytes used by permanent object pool.
[2014.06.23-18.47.14:813][  0]LogAutomationTest:Warning: Loading localization resources contain conflicting entries for (Namespace:UICommands, Key:ToggleRealtime_ToolTip):
Resource: (D:/Student Data/Desktop/UnrealEngine-4.1/Engine/Content/Localization/Editor/en/Editor.locres) Hash: (-291638278) String: (Toggle Realtime)
Resource: (D:/Student Data/Desktop/UnrealEngine-4.1/Engine/Content/Localization/Editor/en/Editor.locres) Hash: (-1913389001) String: (Toggles real time rendering in this viewport)
[2014.06.23-18.47.14:813][  0]LogAutomationTest:Warning: Loading localization resources contain conflicting entries for (Namespace:UICommands, Key:ToggleRealtime_ToolTip):
Resource: (D:/Student Data/Desktop/UnrealEngine-4.1/Engine/Content/Localization/Editor/en/Editor.locres) Hash: (-291638278) String: (Toggle Realtime)
Resource: (D:/Student Data/Desktop/UnrealEngine-4.1/Engine/Content/Localization/Editor/en/Editor.locres) Hash: (-1913389001) String: (Toggles real time rendering in this viewport)
[2014.06.23-18.47.14:813][  0]LogAutomationTest:Warning: Loading localization resources contain conflicting entries for (Namespace:UICommands, Key:ToggleRealtime_ToolTip):
Resource: (D:/Student Data/Desktop/UnrealEngine-4.1/Engine/Content/Localization/Editor/en/Editor.locres) Hash: (-291638278) String: (Toggle Realtime)
Resource: (D:/Student Data/Desktop/UnrealEngine-4.1/Engine/Content/Localization/Editor/en/Editor.locres) Hash: (-1913389001) String: (Toggles real time rendering in this viewport)
[2014.06.23-18.47.14:813][  0]LogEngine: Initializing Engine...
[2014.06.23-18.47.14:915][  0]LogInit: XAudio2 using 'Headphones (Bluetooth Hands-free Audio)' : 2 channels at 48 kHz using 16 bits per sample (channel mask 0x3)
[2014.06.23-18.47.14:941][  0]LogInit: FAudioDevice initialized.
[2014.06.23-18.47.14:984][  0]LogDerivedDataCache: Saved boot cache 0.04s 38MB ../../../../../Documents/Unreal Projects/MyProject/DerivedDataCache/Boot.ddc.
[2014.06.23-18.47.15:005][  0]LogInit: Texture streaming: Enabled
[2014.06.23-18.47.15:027][  0]LogInit: Transaction tracking system initialized
[2014.06.23-18.47.15:110][  0]LogAssetRegistry: FAssetRegistry took 0.0094 seconds to start up
[2014.06.23-18.47.15:222][  0]LogModuleManager:Warning: ModuleManager: Unable to load module '' because the file was not found.
[2014.06.23-18.47.15:226][  0]LogModuleManager:Warning: ModuleManager: Unable to load module '' because the file was not found.
[2014.06.23-18.47.15:292][  0]LogConsoleResponse:Display: 
[2014.06.23-18.47.15:484][  0]SourceControl: Info Source control is disabled
[2014.06.23-18.47.41:907][  0]Cmd: MAP LOAD FILE="../../../../../Documents/Unreal Projects/MyProject/Content/Maps/Example_Map.umap" TEMPLATE=0 SHOWPROGRESS=1 WORLDCOMPOSITION=0
[2014.06.23-18.47.41:909][  0]LightingResults: New page: Lighting Build
[2014.06.23-18.47.41:924][  0]MapCheck: New page: Map Check
[2014.06.23-18.47.41:924][  0]LightingResults: New page: Lighting Build
[2014.06.23-18.47.41:944][  0]LogParticles: Destroying 0 GPU particle simulations for FXSystem 0x00000000160354E0
[2014.06.23-18.47.43:084][  0]LogEditorServer: Finished looking for orphan Actors (0.000 secs)
[2014.06.23-18.47.43:134][  0]Cmd: MAP CHECKDEP
[2014.06.23-18.47.43:134][  0]MapCheck: New page: Example_Map - Jun 23, 2014, 8:47:43 AM
[2014.06.23-18.47.43:163][  0]MapCheck: Info ========== Map Check: 0 Error(s), 0 Warning(s), [28.892ms] ==========
[2014.06.23-18.47.43:163][  0]LogFileHelpers: Loading map 'Example_Map' took 1.257
[2014.06.23-18.47.43:488][  0]LogCollectionManager: Loaded 0 collections in 0.002104 seconds
[2014.06.23-18.47.44:227][  0]LogInit: Using libcurl 7.34.0
[2014.06.23-18.47.44:227][  0]LogInit:  - built for x86_64-pc-win32
[2014.06.23-18.47.44:227][  0]LogInit:  - supports SSL with WinSSL
[2014.06.23-18.47.44:227][  0]LogInit:  - other features:
[2014.06.23-18.47.44:227][  0]LogInit:      CURL_VERSION_SSL
[2014.06.23-18.47.44:227][  0]LogInit:      CURL_VERSION_ASYNCHDNS
[2014.06.23-18.47.44:227][  0]LogInit:      CURL_VERSION_LARGEFILE
[2014.06.23-18.47.44:227][  0]LogInit:      CURL_VERSION_IDN
[2014.06.23-18.47.44:227][  0]LogInit: Libcurl will NOT reuse connections
[2014.06.23-18.47.44:506][  0]LogCrashTracker: Crashtracker disabled due to settings.
[2014.06.23-18.47.44:604][  0]Cmd: MODE PLACEMENT
[2014.06.23-18.47.56:677][  0]LogRenderer:Warning: Reallocating scene render targets to support 944x720.
[2014.06.23-18.47.57:655][  0]LogLinker:Warning: Can't find file '/Game/Blueprints/Shotgun.Shotgun'
[2014.06.23-18.47.57:713][  0]LogLoad: Full Startup: 47.15 seconds (BP compile: 0.08 seconds)
[2014.06.23-18.47.57:758][  0]LogEditorViewport: Clicking on Actor (LMB): BP_Sky_Sphere_C (BP_Sky_Sphere)
[2014.06.23-18.47.57:769][  0]LogContentBrowser:Verbose: The content browser source was changed by the sources view to '/Game/Blueprints'
[2014.06.23-18.47.58:063][  1]LogEpicStorage:Warning: EnumerateFiles request failed. Invalid response. code=403 error=<?xml version="1.0" encoding="UTF-8"?>
<Error><Code>AccessDenied</Code><Message>Access Denied</Message><RequestId>609CCB3BF2FCA386</RequestId><HostId>RCr6EfPltUR2iWsaKt/dejKfUSp2IsGuAVOoz0h+/puZv/mxR+cCOVZo7ttheP61</HostId></Error>
[2014.06.23-18.47.58:099][  1]LogAssetRegistry: Asset discovery search completed in 42.9983 seconds
[2014.06.23-18.47.58:110][  2]LogEpicSurvey:Warning: EnumerateFiles request failed. Invalid response. code=403 error=<?xml version="1.0" encoding="UTF-8"?>
<Error><Code>AccessDenied</Code><Message>Access Denied</Message><RequestId>5DB6B1482AC24C06</RequestId><HostId>GwlSp5I12b2UWHO9F7WdB57lId7xGNeFrnPH8EqguAhpWnABnTFSgE0Sti9rSU5ec5rjRN7kqBU=</HostId></Error>
[2014.06.23-18.47.58:178][  7]LogEpicStorage:Warning: EnumerateFiles request failed. Invalid response. code=403 error=<?xml version="1.0" encoding="UTF-8"?>
<Error><Code>AccessDenied</Code><Message>Access Denied</Message><RequestId>33D71AF8C9A785D0</RequestId><HostId>dZAoAqaAmWAG1m96WUIiz4U4UF7ynoUOTtB2cG/Ncvy4gGCiLSY1T/FgYMUIQR4E</HostId></Error>
[2014.06.23-18.47.58:256][ 13]LogEpicSurvey:Warning: EnumerateFiles request failed. Invalid response. code=403 error=<?xml version="1.0" encoding="UTF-8"?>
<Error><Code>AccessDenied</Code><Message>Access Denied</Message><RequestId>53E383722B36C6CE</RequestId><HostId>r+7+1fgiB8k+H1DqYq2APYo2cp4nAkrKEmMITQRf0E+tu0QPJwB69wEruogPLVbAPKDs4BKxcIU=</HostId></Error>
[2014.06.23-18.47.58:282][ 15]LogEpicStorage:Warning: ReadFile request failed. File request already pending for filename=http://cdn.unrealengine.com/newsfeed/blueprint_icon_b.png
[2014.06.23-18.47.58:286][ 15]LogEpicStorage:Warning: ReadFile request failed. File request already pending for filename=http://cdn.unrealengine.com/newsfeed/blueprint_icon_b.png
[2014.06.23-18.47.58:391][ 25]LogEpicSurvey:Warning: EnumerateFiles request failed. Invalid response. code=403 error=<?xml version="1.0" encoding="UTF-8"?>
<Error><Code>AccessDenied</Code><Message>Access Denied</Message><RequestId>797900AE35A0917B</RequestId><HostId>UTVl+LY94JILI8NXxLtt7GaBVCCoTRez0nv7lraFVlZp9Sz35TPddwpZQV2rPGkKM9te4bXLC7o=</HostId></Error>
[2014.06.23-18.48.12:314][927]LogPlayLevel: PIE:  No blueprints needed recompiling
[2014.06.23-18.48.12:314][927]PIE: New page: PIE session: Example_Map (Jun 23, 2014, 8:48:12 AM)
[2014.06.23-18.48.12:357][927]LogPlayLevel: PIE: StaticDuplicateObject took: (0.042738s)
[2014.06.23-18.48.12:357][927]LogPlayLevel: PIE: World Init took: (0.000817s)
[2014.06.23-18.48.12:358][927]LogPlayLevel: PIE: Created PIE world by copying editor world from /Game/Maps/Example_Map.Example_Map to /Game/Maps/UEDPIE_0_Example_Map.Example_Map (0.043877s)
[2014.06.23-18.48.12:532][927]LogLinker:Warning: CreateExport: Failed to load Super for Function /Game/Character/HeroFPP_AnimBlueprint.HeroFPP_AnimBlueprint_C:KismetUpdateAnimation; removing super information, but keeping function
[2014.06.23-18.48.12:874][927]LogClass:Warning: Type mismatch in PreviewSkeletalMesh of Skeleton - Previous (ObjectProperty) Current(AssetObjectProperty) for package:  ../../../../../Documents/Unreal Projects/MyProject/Content/Character/HeroFPP_Skeleton.uasset
[2014.06.23-18.48.13:026][927]LogWorld: Game class is 'MyGame_C'
[2014.06.23-18.48.13:181][927]LogWorld: Bringing World /Game/Maps/UEDPIE_0_Example_Map.Example_Map up for play (max tick rate 0) at 2014.06.23-13.48.13
[2014.06.23-18.48.13:182][927]LogWorld: Bringing up level for play took: 0.005661
[2014.06.23-18.48.13:183][927]LogGameMode: RestartPlayer 256
[2014.06.23-18.48.13:185][927]LogPlayerController: ClientRestart_Implementation MyCharacter_C_0
[2014.06.23-18.48.13:185][927]LogPlayerController: ServerAcknowledgePossession_Implementation MyCharacter_C_0
[2014.06.23-18.48.13:194][927]PIE: Info Play in editor start time for /Game/Maps/UEDPIE_0_Example_Map 1.568
[2014.06.23-18.48.14:486][947]LogBlueprintUserMessages: 2
[2014.06.23-18.48.15:154][960]LogBlueprintUserMessages: 3
[2014.06.23-18.48.15:358][964]LogBlueprintUserMessages: 4
[2014.06.23-18.48.15:564][968]LogBlueprintUserMessages: 5
[2014.06.23-18.48.15:719][971]LogBlueprintUserMessages: 6
[2014.06.23-18.48.15:978][976]LogBlueprintUserMessages: 7
[2014.06.23-18.48.16:143][979]LogBlueprintUserMessages: 8
[2014.06.23-18.48.16:401][984]LogBlueprintUserMessages: 9
[2014.06.23-18.48.16:607][988]LogBlueprintUserMessages: 10
[2014.06.23-18.48.16:814][992]LogBlueprintUserMessages: 11
[2014.06.23-18.48.17:020][996]LogBlueprintUserMessages: 12
[2014.06.23-18.48.17:635][  8]LogBlueprintUserMessages: 13
[2014.06.23-18.48.18:386][ 23]LogBlueprintUserMessages: 14
[2014.06.23-18.48.18:585][ 27]LogBlueprintUserMessages: 15
[2014.06.23-18.48.18:836][ 32]LogBlueprintUserMessages: 16
[2014.06.23-18.48.19:088][ 37]LogBlueprintUserMessages: 17
[2014.06.23-18.48.19:340][ 42]LogBlueprintUserMessages: 18
[2014.06.23-18.48.19:594][ 47]LogBlueprintUserMessages: 19
[2014.06.23-18.48.19:847][ 52]LogBlueprintUserMessages: 20
[2014.06.23-18.48.20:151][ 58]LogBlueprintUserMessages: 21
[2014.06.23-18.48.20:303][ 61]LogBlueprintUserMessages: 22
[2014.06.23-18.48.20:555][ 66]LogBlueprintUserMessages: 23
[2014.06.23-18.48.20:857][ 72]LogBlueprintUserMessages: 24
[2014.06.23-18.48.21:209][ 79]LogBlueprintUserMessages: 25
[2014.06.23-18.48.21:411][ 83]LogBlueprintUserMessages: 26
[2014.06.23-18.48.21:664][ 88]LogBlueprintUserMessages: 27
[2014.06.23-18.48.21:816][ 91]LogBlueprintUserMessages: 28
[2014.06.23-18.48.22:069][ 96]LogBlueprintUserMessages: 29
[2014.06.23-18.48.22:271][100]LogBlueprintUserMessages: 30
[2014.06.23-18.48.22:472][104]LogBlueprintUserMessages: 31
[2014.06.23-18.48.22:674][108]LogBlueprintUserMessages: 32
[2014.06.23-18.48.23:028][115]LogBlueprintUserMessages: 33
[2014.06.23-18.48.23:179][118]LogBlueprintUserMessages: 34
[2014.06.23-18.48.23:381][122]LogBlueprintUserMessages: 35
[2014.06.23-18.48.23:534][125]LogBlueprintUserMessages: 36
[2014.06.23-18.48.23:687][128]LogBlueprintUserMessages: 37
[2014.06.23-18.48.23:839][131]LogBlueprintUserMessages: 38
[2014.06.23-18.48.25:872][168]LogActorComponent: UnregisterComponent: (/Engine/Transient.CharacterMovementComponent_0) Not registered. Aborting.
[2014.06.23-18.48.25:872][168]LogActorComponent: UnregisterComponent: (/Engine/Transient.ProjectileMovementComponent_0) Not registered. Aborting.
[2014.06.23-18.48.25:872][168]LogActorComponent: UnregisterComponent: (/Engine/Transient.ProjectileMovementComponent_1) Not registered. Aborting.
[2014.06.23-18.48.25:913][168]LogParticles: Destroying 0 GPU particle simulations for FXSystem 0x0000000016D589A0
[2014.06.23-18.53.09:407][ 39]LogContentBrowser:Verbose: The content browser source was changed by the sources view to '/Game/Blueprints'
[2014.06.23-18.53.16:023][316]LogLinker: Can't find file '/Game/Blueprints/Shotgun'
[2014.06.23-18.53.16:023][316]LogLinker: Can't find file '/Game/Blueprints/Shotgun'
[2014.06.23-18.53.31:246][ 20]LogActorComponent: UnregisterComponent: (/Engine/Transient.CharacterMovementComponent_1) Not registered. Aborting.
[2014.06.23-18.53.31:246][ 20]LogActorComponent: UnregisterComponent: (/Engine/Transient.ProjectileMovementComponent_2) Not registered. Aborting.
[2014.06.23-18.53.31:246][ 20]LogActorComponent: UnregisterComponent: (/Engine/Transient.ProjectileMovementComponent_3) Not registered. Aborting.
[2014.06.23-18.58.06:045][ 35]LogFileHelpers: Editor autosave (incl. sublevels) for '/Game/Maps/Example_Map' took 0.024
[2014.06.23-18.58.06:051][ 35]OBJ SavePackage: Generating thumbnails for [0] asset(s) in package [/Game/Blueprints/Shotgun] ([1] browsable assets)...
[2014.06.23-18.58.06:081][ 35]OBJ SavePackage: Finished generating thumbnails for package [/Game/Blueprints/Shotgun]
[2014.06.23-18.58.06:085][ 35]Cmd: OBJ SAVEPACKAGE PACKAGE="/Game/Blueprints/Shotgun" FILE="../../../../../Documents/Unreal Projects/MyProject/Saved/Autosaves/Game/Blueprints/Shotgun_Auto1.uasset" SILENT=false AUTOSAVING=true
[2014.06.23-18.58.06:119][ 35]LogSavePackage: Save=15.454486ms
[2014.06.23-18.58.06:119][ 35]LogSavePackage: Moving '../../../../../Documents/Unreal Projects/MyProject/Saved//Shotgun_Auto141B4B7794ADF207B39F35A968FD2695F.tmp' to '../../../../../Documents/Unreal Projects/MyProject/Saved/Autosaves/Game/Blueprints/Shotgun_Auto1.uasset'
[2014.06.23-18.58.06:123][ 35]LogFileHelpers: Auto-saving content packages took 0.078
[2014.06.23-18.58.50:759][233]LogStaticMesh: Building static mesh Shape_Pipe...
[2014.06.23-18.58.50:797][233]LogStaticMesh: Built static mesh [38.214611ms] /Game/Shapes/Shape_Pipe.Shape_Pipe
[2014.06.23-18.59.37:628][307]LogStaticMesh: Building static mesh Shape_NarrowCapsule...
[2014.06.23-18.59.37:706][307]LogStaticMesh: Built static mesh [78.188713ms] /Game/Shapes/Shape_NarrowCapsule.Shape_NarrowCapsule
[2014.06.23-19.00.42:445][856]LogEditorTransaction: Undo Modify Component(s)
[2014.06.23-19.00.42:717][858]LogEditorTransaction: Undo Modify Component(s)
[2014.06.23-19.00.44:888][963]LogEditorTransaction: Undo Modify Component(s)
[2014.06.23-19.02.48:044][487]Cmd: QUIT_EDITOR
[2014.06.23-19.02.48:113][487]LogWindowsTextInputMethodSystem:Error: Terminating failed while unadvising the language notification sink from the TSF source.
[2014.06.23-19.02.48:114][487]LogExit: Preparing to exit.
[2014.06.23-19.02.48:667][487]LogExit: Editor shut down
[2014.06.23-19.02.48:667][487]LogExit: Transaction tracking system shut down
[2014.06.23-19.02.48:667][487]LogParticles: Destroying 0 GPU particle simulations for FXSystem 0x000000001408B100
[2014.06.23-19.02.48:668][487]LogParticles: Destroying 0 GPU particle simulations for FXSystem 0x000000000B6B7C40
[2014.06.23-19.02.48:688][487]LogParticles: Destroying 0 GPU particle simulations for FXSystem 0x0000000013FB1760
[2014.06.23-19.02.48:688][487]LogParticles: Destroying 0 GPU particle simulations for FXSystem 0x000000001E3BC720
[2014.06.23-19.02.48:688][487]LogParticles: Destroying 0 GPU particle simulations for FXSystem 0x000000000F3DD3A0
[2014.06.23-19.02.48:688][487]LogExit: Object subsystem successfully closed.
[2014.06.23-19.02.48:712][487]LogModuleManager: Shutting down and abandoning module CrashTracker (145)
[2014.06.23-19.02.48:712][487]LogModuleManager: Shutting down and abandoning module HTTP (144)
[2014.06.23-19.02.48:740][487]LogModuleManager: Shutting down and abandoning module NewsFeed (143)
[2014.06.23-19.02.48:740][487]LogModuleManager: Shutting down and abandoning module SceneOutliner (142)
[2014.06.23-19.02.48:740][487]LogModuleManager: Shutting down and abandoning module EditorWidgets (141)
[2014.06.23-19.02.48:740][487]LogModuleManager: Shutting down and abandoning module CollectionManager (140)
[2014.06.23-19.02.48:756][487]LogModuleManager: Shutting down and abandoning module StatsViewer (139)
[2014.06.23-19.02.48:756][487]LogModuleManager: Shutting down and abandoning module FoliageEdit (138)
[2014.06.23-19.02.48:756][487]LogModuleManager: Shutting down and abandoning module LandscapeEditor (137)
[2014.06.23-19.02.48:760][487]LogModuleManager: Shutting down and abandoning module MeshPaint (136)
[2014.06.23-19.02.48:760][487]LogModuleManager: Shutting down and abandoning module GeometryMode (135)
[2014.06.23-19.02.48:760][487]LogModuleManager: Shutting down and abandoning module TextureAlignMode (134)
[2014.06.23-19.02.48:760][487]LogModuleManager: Shutting down and abandoning module BspMode (133)
[2014.06.23-19.02.48:760][487]LogModuleManager: Shutting down and abandoning module PlacementMode (132)
[2014.06.23-19.02.48:760][487]LogModuleManager: Shutting down and abandoning module AutomationWorker (131)
[2014.06.23-19.02.48:760][487]LogModuleManager: Shutting down and abandoning module ViewportSnapping (130)
[2014.06.23-19.02.48:760][487]LogModuleManager: Shutting down and abandoning module DeviceProfileEditor (129)
[2014.06.23-19.02.48:760][487]LogModuleManager: Shutting down and abandoning module UndoHistory (128)
[2014.06.23-19.02.48:760][487]LogModuleManager: Shutting down and abandoning module GameplayTagsEditor (127)
[2014.06.23-19.02.48:760][487]LogModuleManager: Shutting down and abandoning module UserFeedback (126)
[2014.06.23-19.02.48:760][487]LogModuleManager: Shutting down and abandoning module XmlParser (125)
[2014.06.23-19.02.48:760][487]LogModuleManager: Shutting down and abandoning module OnlineBlueprintSupport (124)
[2014.06.23-19.02.48:760][487]LogModuleManager: Shutting down and abandoning module Blutility (123)
[2014.06.23-19.02.48:760][487]LogModuleManager: Shutting down and abandoning module IOSPlatformEditor (122)
[2014.06.23-19.02.48:760][487]LogModuleManager: Shutting down and abandoning module IOSRuntimeSettings (121)
[2014.06.23-19.02.48:760][487]LogModuleManager: Shutting down and abandoning module ProjectSettingsViewer (118)
[2014.06.23-19.02.48:760][487]LogModuleManager: Shutting down and abandoning module InputBindingEditor (117)
[2014.06.23-19.02.48:760][487]LogModuleManager: Shutting down and abandoning module EditorSettingsViewer (116)
[2014.06.23-19.02.48:760][487]LogModuleManager: Shutting down and abandoning module SettingsEditor (115)
[2014.06.23-19.02.48:760][487]LogModuleManager: Shutting down and abandoning module SessionLauncher (114)
[2014.06.23-19.02.48:760][487]LogModuleManager: Shutting down and abandoning module SessionFrontend (113)
[2014.06.23-19.02.48:760][487]LogModuleManager: Shutting down and abandoning module ProfilerClient (112)
[2014.06.23-19.02.48:760][487]LogModuleManager: Shutting down and abandoning module TargetDeviceServices (111)
[2014.06.23-19.02.48:760][487]LogModuleManager: Shutting down and abandoning module DeviceManager (110)
[2014.06.23-19.02.48:761][487]LogModuleManager: Shutting down and abandoning module AutomationController (109)
[2014.06.23-19.02.48:761][487]LogModuleManager: Shutting down and abandoning module AutomationWindow (108)
[2014.06.23-19.02.48:761][487]LogModuleManager: Shutting down and abandoning module Layers (107)
[2014.06.23-19.02.48:761][487]LogModuleManager: Shutting down and abandoning module ComponentVisualizers (106)
[2014.06.23-19.02.48:761][487]LogModuleManager: Shutting down and abandoning module DetailCustomizations (105)
[2014.06.23-19.02.48:761][487]LogModuleManager: Shutting down and abandoning module PackagesDialog (104)
[2014.06.23-19.02.48:761][487]LogModuleManager: Shutting down and abandoning module PropertyEditor (103)
[2014.06.23-19.02.48:761][487]LogModuleManager: Shutting down and abandoning module DirectoryWatcher (102)
[2014.06.23-19.02.48:761][487]LogModuleManager: Shutting down and abandoning module AssetRegistry (101)
[2014.06.23-19.02.48:848][487]LogModuleManager: Shutting down and abandoning module Persona (100)
[2014.06.23-19.02.48:848][487]LogModuleManager: Shutting down and abandoning module GraphEditor (99)
[2014.06.23-19.02.48:848][487]LogModuleManager: Shutting down and abandoning module ContentBrowser (98)
[2014.06.23-19.02.48:848][487]LogModuleManager: Shutting down and abandoning module ClassViewer (97)
[2014.06.23-19.02.48:848][487]LogModuleManager: Shutting down and abandoning module Toolbox (96)
[2014.06.23-19.02.48:848][487]LogModuleManager: Shutting down and abandoning module ModuleUI (95)
[2014.06.23-19.02.48:848][487]LogModuleManager: Shutting down and abandoning module Sequencer (94)
[2014.06.23-19.02.48:848][487]LogModuleManager: Shutting down and abandoning module AssetTools (93)
[2014.06.23-19.02.48:848][487]LogModuleManager: Shutting down and abandoning module MovieSceneTools (92)
[2014.06.23-19.02.48:848][487]LogModuleManager: Shutting down and abandoning module OutputLog (91)
[2014.06.23-19.02.48:848][487]LogModuleManager: Shutting down and abandoning module GammaUI (90)
[2014.06.23-19.02.48:848][487]LogModuleManager: Shutting down and abandoning module Documentation (89)
[2014.06.23-19.02.48:848][487]LogModuleManager: Shutting down and abandoning module DesktopPlatform (88)
[2014.06.23-19.02.48:849][487]LogModuleManager: Shutting down and abandoning module ProfilerService (87)
[2014.06.23-19.02.49:053][487]LogModuleManager: Shutting down and abandoning module TaskGraph (86)
[2014.06.23-19.02.49:053][487]LogModuleManager: Shutting down and abandoning module GameProjectGeneration (85)
[2014.06.23-19.02.49:053][487]LogModuleManager: Shutting down and abandoning module Matinee (84)
[2014.06.23-19.02.49:053][487]LogModuleManager: Shutting down and abandoning module Kismet (83)
[2014.06.23-19.02.49:053][487]LogModuleManager: Shutting down and abandoning module LevelEditor (82)
[2014.06.23-19.02.49:054][487]LogModuleManager: Shutting down and abandoning module MainFrame (81)
[2014.06.23-19.02.49:054][487]LogModuleManager: Shutting down and abandoning module SourceControl (80)
[2014.06.23-19.02.49:054][487]LogModuleManager: Shutting down and abandoning module ImageWrapper (79)
[2014.06.23-19.02.49:054][487]LogModuleManager: Shutting down and abandoning module FunctionalTesting (78)
[2014.06.23-19.02.49:054][487]LogModuleManager: Shutting down and abandoning module CollisionAnalyzer (77)
[2014.06.23-19.02.49:054][487]LogModuleManager: Shutting down and abandoning module WorkspaceMenuStructure (76)
[2014.06.23-19.02.49:054][487]LogModuleManager: Shutting down and abandoning module MessageLog (75)
[2014.06.23-19.02.49:054][487]LogModuleManager: Shutting down and abandoning module Slate (74)
[2014.06.23-19.02.49:054][487]LogModuleManager: Shutting down and abandoning module EditorStyle (73)
[2014.06.23-19.02.49:057][487]LogModuleManager: Shutting down and abandoning module SessionServices (72)
[2014.06.23-19.02.49:058][487]LogModuleManager: Shutting down and abandoning module VSAccessor (71)
[2014.06.23-19.02.49:058][487]LogModuleManager: Shutting down and abandoning module HeadMountedDisplay (70)
[2014.06.23-19.02.49:058][487]LogModuleManager: Shutting down and abandoning module XAudio2 (69)
[2014.06.23-19.02.49:058][487]LogModuleManager: Shutting down and abandoning module Networking (68)
[2014.06.23-19.02.49:058][487]LogModuleManager: Shutting down and abandoning module Core (67)
[2014.06.23-19.02.49:058][487]LogModuleManager: Shutting down and abandoning module KismetCompiler (66)
[2014.06.23-19.02.49:058][487]LogModuleManager: Shutting down and abandoning module PhysXFormats (65)
[2014.06.23-19.02.49:058][487]LogModuleManager: Shutting down and abandoning module MeshUtilities (64)
[2014.06.23-19.02.49:058][487]LogModuleManager: Shutting down and abandoning module DerivedDataCache (63)
[2014.06.23-19.02.49:105][487]LogDerivedDataCache: Shutdown
[2014.06.23-19.02.49:105][487]LogModuleManager: Shutting down and abandoning module ShaderFormatOpenGL (62)
[2014.06.23-19.02.49:105][487]LogModuleManager: Shutting down and abandoning module ShaderFormatD3D (61)
[2014.06.23-19.02.49:105][487]LogModuleManager: Shutting down and abandoning module TextureFormatUncompressed (60)
[2014.06.23-19.02.49:105][487]LogModuleManager: Shutting down and abandoning module TextureFormatPVR (59)
[2014.06.23-19.02.49:105][487]LogModuleManager: Shutting down and abandoning module TextureFormatDXT (58)
[2014.06.23-19.02.49:105][487]LogModuleManager: Shutting down and abandoning module AudioFormatOgg (57)
[2014.06.23-19.02.49:105][487]LogModuleManager: Shutting down and abandoning module AudioFormatADPCM (56)
[2014.06.23-19.02.49:105][487]LogModuleManager: Shutting down and abandoning module Messaging (55)
[2014.06.23-19.02.49:105][487]LogModuleManager: Shutting down and abandoning module IOSTargetPlatform (54)
[2014.06.23-19.02.49:105][487]LogModuleManager: Shutting down and abandoning module WindowsTargetPlatform (53)
[2014.06.23-19.02.49:105][487]LogModuleManager: Shutting down and abandoning module WindowsServerTargetPlatform (52)
[2014.06.23-19.02.49:105][487]LogModuleManager: Shutting down and abandoning module WindowsNoEditorTargetPlatform (51)
[2014.06.23-19.02.49:105][487]LogModuleManager: Shutting down and abandoning module WindowsClientTargetPlatform (50)
[2014.06.23-19.02.49:105][487]LogModuleManager: Shutting down and abandoning module TargetPlatform (49)
[2014.06.23-19.02.49:105][487]LogModuleManager: Shutting down and abandoning module InputCore (47)
[2014.06.23-19.02.49:105][487]LogModuleManager: Shutting down and abandoning module Settings (46)
[2014.06.23-19.02.49:105][487]LogModuleManager: Shutting down and abandoning module TextureCompressor (43)
[2014.06.23-19.02.49:105][487]LogModuleManager: Shutting down and abandoning module ShaderCore (42)
[2014.06.23-19.02.49:105][487]LogModuleManager: Shutting down and abandoning module OpenGLDrv (41)
[2014.06.23-19.02.49:105][487]LogModuleManager: Shutting down and abandoning module D3D11RHI (40)
[2014.06.23-19.02.49:106][487]LogModuleManager: Shutting down and abandoning module SlateRHIRenderer (39)
[2014.06.23-19.02.49:106][487]LogModuleManager: Shutting down and abandoning module Renderer (38)
[2014.06.23-19.02.49:106][487]LogModuleManager: Shutting down and abandoning module Engine (37)
[2014.06.23-19.02.49:106][487]LogModuleManager: Shutting down and abandoning module WindowsMoviePlayer (36)
[2014.06.23-19.02.49:109][487]LogModuleManager: Shutting down and abandoning module ExampleDeviceProfileSelector (31)
[2014.06.23-19.02.49:109][487]LogModuleManager: Shutting down and abandoning module CustomMeshComponent (30)
[2014.06.23-19.02.49:109][487]LogModuleManager: Shutting down and abandoning module CableComponent (29)
[2014.06.23-19.02.49:109][487]LogModuleManager: Shutting down and abandoning module OculusRift (26)
[2014.06.23-19.02.49:109][487]LogModuleManager: Shutting down and abandoning module UdpMessaging (25)
[2014.06.23-19.02.49:209][487]LogModuleManager: Shutting down and abandoning module MessagingDebugger (24)
[2014.06.23-19.02.49:209][487]LogModuleManager: Shutting down and abandoning module PluginsEditor (12)
[2014.06.23-19.02.49:209][487]LogModuleManager: Shutting down and abandoning module IntroTutorials (11)
[2014.06.23-19.02.49:209][487]LogModuleManager: Shutting down and abandoning module EpicSurvey (10)
[2014.06.23-19.02.49:226][487]LogModuleManager: Shutting down and abandoning module UObjectPlugin (9)
[2014.06.23-19.02.49:226][487]LogModuleManager: Shutting down and abandoning module SubversionSourceControl (8)
[2014.06.23-19.02.49:226][487]LogModuleManager: Shutting down and abandoning module PerforceSourceControl (7)
[2014.06.23-19.02.49:226][487]LogModuleManager: Shutting down and abandoning module BlankPlugin (6)
[2014.06.23-19.02.49:226][487]LogModuleManager: Shutting down and abandoning module CoreUObject (5)
[2014.06.23-19.02.49:226][487]LogModuleManager: Shutting down and abandoning module NetworkFile (4)
[2014.06.23-19.02.49:226][487]LogModuleManager: Shutting down and abandoning module StreamingFile (3)
[2014.06.23-19.02.49:226][487]LogModuleManager: Shutting down and abandoning module SandboxFile (2)
[2014.06.23-19.02.49:226][487]LogModuleManager: Shutting down and abandoning module PakFile (1)
[2014.06.23-19.02.49:227][487]LogExit: Exiting.
[2014.06.23-19.02.49:229][487]Log file closed, 06/23/14 14:02:49
