Log file open, 06/22/14 11:39:32
LogInit:Display: Running engine for game: MyProject
LogInit: Version: 4.1.1-0+UE4
LogInit: Compiled (64-bit): Jun 18 2014 17:47:01
LogInit: Build Configuration: Development
LogInit: Branch Name: UE4
LogInit: Command line: 
LogInit: Base directory: D:/Student Data/Desktop/UnrealEngine-4.1/Engine/Binaries/Win64/
LogInit: Rocket: 0
[2014.06.22-16.39.32:376][  0]LogTaskGraph: Started task graph with 3 named threads and 4 total threads.
[2014.06.22-16.39.32:402][  0]LogOnline:Warning: No default platform service specified for OnlineSubsystem
[2014.06.22-16.39.32:409][  0]LogInit: Presizing for 0 objects not considered by GC, pre-allocating 0 bytes.
[2014.06.22-16.39.32:416][  0]LogInit: Object subsystem initialized
[2014.06.22-16.39.32:418][  0]LogInit: Selected Device Profile: [Windows]
[2014.06.22-16.39.32:418][  0]LogInit: Applying CVar settings loaded from the selected device profile: [Windows]
[2014.06.22-16.39.32:422][  0]LogInit: Computer: C-1C3E84FD9E46
[2014.06.22-16.39.32:422][  0]LogInit: User: student
[2014.06.22-16.39.32:424][  0]LogInit: CPU Page size=4096, Cores=2
[2014.06.22-16.39.32:424][  0]LogInit: High frequency timer resolution =2.435927 MHz
[2014.06.22-16.39.32:424][  0]LogMemory: Memory total: Physical=3.9GB (4GB approx) Virtual=8192.0GB
[2014.06.22-16.39.32:424][  0]LogMemory: Platform Memory Stats for Windows
[2014.06.22-16.39.32:424][  0]LogMemory: Process Physical Memory: 67.81 MB used, 67.81 MB peak
[2014.06.22-16.39.32:424][  0]LogMemory: Process Virtual Memory: 48.40 MB used, 48.40 MB peak
[2014.06.22-16.39.32:424][  0]LogMemory: Physical Memory: 2319.60 MB used, 4027.56 MB total
[2014.06.22-16.39.32:424][  0]LogMemory: Virtual Memory: 251.02 MB used, 8388608.00 MB total
[2014.06.22-16.39.32:458][  0]LogD3D11RHI: Found D3D11 adapter 0: AMD Radeon HD 7570M (Feature Level 11_0)
[2014.06.22-16.39.32:458][  0]LogD3D11RHI: Adapter has 1007MB of dedicated video memory, 0MB of dedicated system memory, and 1757MB of shared system memory, 1 output[s]
[2014.06.22-16.39.32:458][  0]LogD3D11RHI: Chosen D3D11 Adapter Id = 0
[2014.06.22-16.39.32:463][  0]LogRHI: Texture pool is 705 MB (70% of 1007 MB)
[2014.06.22-16.39.32:478][  0]LogD3D11RHI: Async texture creation disabled: no driver support
[2014.06.22-16.39.32:515][  0]LogInit:Warning: We appear to have no tool tip localization data? Editor can't run.
[2014.06.22-16.39.32:515][  0]LogInit:Warning: We appear to have no property name localization data? Editor can't run.
[2014.06.22-16.39.32:543][  0]LogTextLocalizationManager:Warning: Loading localization resources contain conflicting entries for (Namespace:UICommands, Key:ToggleRealtime_ToolTip):
Resource: (D:/Student Data/Desktop/UnrealEngine-4.1/Engine/Content/Localization/Editor/en/Editor.locres) Hash: (-291638278) String: (Toggle Realtime)
Resource: (D:/Student Data/Desktop/UnrealEngine-4.1/Engine/Content/Localization/Editor/en/Editor.locres) Hash: (-1913389001) String: (Toggles real time rendering in this viewport)
[2014.06.22-16.39.32:568][  0]LogContentStreaming: Texture pool size is 0.000000MB
[2014.06.22-16.39.32:591][  0]LogInit: WinSock: version 1.1 (2.2), MaxSocks=32767, MaxUdp=65467
[2014.06.22-16.39.33:321][  0]LogTargetPlatformManager:Display: Building Assets For Windows
[2014.06.22-16.39.33:396][  0]LogTargetPlatformManager:Display: Building Assets For Windows
[2014.06.22-16.39.33:430][  0]LogDerivedDataCache:Display: Max Cache Size: 512 MB
[2014.06.22-16.39.33:495][  0]LogDerivedDataCache: Loaded boot cache 0.06s 38MB ../../../../../Documents/Unreal Projects/MyProject/DerivedDataCache/Boot.ddc.
[2014.06.22-16.39.33:495][  0]LogDerivedDataCache:Display: Loaded Boot cache: ../../../../../Documents/Unreal Projects/MyProject/DerivedDataCache/Boot.ddc
[2014.06.22-16.39.33:495][  0]LogDerivedDataCache: FDerivedDataBackendGraph:  Pak pak cache file ../../../../../Documents/Unreal Projects/MyProject/DerivedDataCache/DDC.ddp not found, will not use a pak cache.
[2014.06.22-16.39.33:495][  0]LogDerivedDataCache: Unable to find inner node Pak for hierarchical cache Hierarchy.
[2014.06.22-16.39.33:495][  0]LogDerivedDataCache: FDerivedDataBackendGraph:  EnginePak pak cache file ../../../Engine/DerivedDataCache/DDC.ddp not found, will not use a pak cache.
[2014.06.22-16.39.33:495][  0]LogDerivedDataCache: Unable to find inner node EnginePak for hierarchical cache Hierarchy.
[2014.06.22-16.39.33:506][  0]LogDerivedDataCache: Using Local data cache path ../../../Engine/DerivedDataCache: Writable
[2014.06.22-16.39.33:506][  0]LogDerivedDataCache: Shared data cache path not found in *engine.ini, will not use an Shared cache.
[2014.06.22-16.39.33:506][  0]LogDerivedDataCache: Unable to find inner node Shared for hierarchical cache Hierarchy.
[2014.06.22-16.39.33:671][  0]LogMeshUtilities: No automatic mesh reduction module available
[2014.06.22-16.39.33:671][  0]LogMeshUtilities: No automatic mesh merging module available
[2014.06.22-16.39.33:934][  0]LogEnum:Warning: Enum Text 1 for Enum ECustomDepth failed to resolve to any value
[2014.06.22-16.39.33:934][  0]LogEnum:Warning: Enum Text 3 for Enum EEarlyZPass failed to resolve to any value
[2014.06.22-16.39.33:934][  0]LogEnum:Warning: Enum Text 1 for Enum EClearSceneOptions failed to resolve to any value
[2014.06.22-16.39.33:934][  0]LogEnum:Warning: Enum Text 4 for Enum ECompositingSampleCount failed to resolve to any value
[2014.06.22-16.39.34:559][  0]UdpMessaging: Initializing bridge on interface 0.0.0.0:0 to multicast group 230.0.0.1:6666.
[2014.06.22-16.39.34:630][  0]SourceControl: Info Source control is disabled
[2014.06.22-16.39.34:630][  0]SourceControl: Info Source control is disabled
[2014.06.22-16.39.34:635][  0]SourceControl: Info Source control is disabled
[2014.06.22-16.39.34:744][  0]BlueprintLog: New page: Editor Load
[2014.06.22-16.39.34:786][  0]LogObj: 18600 objects as part of root set at end of initial load.
[2014.06.22-16.39.34:786][  0]LogUObjectAllocator: 3704160 out of 0 bytes used by permanent object pool.
[2014.06.22-16.39.35:021][  0]LogAutomationTest:Warning: Loading localization resources contain conflicting entries for (Namespace:UICommands, Key:ToggleRealtime_ToolTip):
Resource: (D:/Student Data/Desktop/UnrealEngine-4.1/Engine/Content/Localization/Editor/en/Editor.locres) Hash: (-291638278) String: (Toggle Realtime)
Resource: (D:/Student Data/Desktop/UnrealEngine-4.1/Engine/Content/Localization/Editor/en/Editor.locres) Hash: (-1913389001) String: (Toggles real time rendering in this viewport)
[2014.06.22-16.39.35:021][  0]LogAutomationTest:Warning: Loading localization resources contain conflicting entries for (Namespace:UICommands, Key:ToggleRealtime_ToolTip):
Resource: (D:/Student Data/Desktop/UnrealEngine-4.1/Engine/Content/Localization/Editor/en/Editor.locres) Hash: (-291638278) String: (Toggle Realtime)
Resource: (D:/Student Data/Desktop/UnrealEngine-4.1/Engine/Content/Localization/Editor/en/Editor.locres) Hash: (-1913389001) String: (Toggles real time rendering in this viewport)
[2014.06.22-16.39.35:021][  0]LogAutomationTest:Warning: Loading localization resources contain conflicting entries for (Namespace:UICommands, Key:ToggleRealtime_ToolTip):
Resource: (D:/Student Data/Desktop/UnrealEngine-4.1/Engine/Content/Localization/Editor/en/Editor.locres) Hash: (-291638278) String: (Toggle Realtime)
Resource: (D:/Student Data/Desktop/UnrealEngine-4.1/Engine/Content/Localization/Editor/en/Editor.locres) Hash: (-1913389001) String: (Toggles real time rendering in this viewport)
[2014.06.22-16.39.35:021][  0]LogEngine: Initializing Engine...
[2014.06.22-16.39.35:135][  0]LogInit: XAudio2 using 'Speakers / HP (IDT High Definition Audio CODEC)' : 2 channels at 48 kHz using 16 bits per sample (channel mask 0x3)
[2014.06.22-16.39.35:188][  0]LogInit: FAudioDevice initialized.
[2014.06.22-16.39.35:214][  0]LogDerivedDataCache: Saved boot cache 0.02s 38MB ../../../../../Documents/Unreal Projects/MyProject/DerivedDataCache/Boot.ddc.
[2014.06.22-16.39.35:220][  0]LogInit: Texture streaming: Enabled
[2014.06.22-16.39.35:245][  0]LogInit: Transaction tracking system initialized
[2014.06.22-16.39.35:337][  0]LogAssetRegistry: FAssetRegistry took 0.0094 seconds to start up
[2014.06.22-16.39.35:459][  0]LogModuleManager:Warning: ModuleManager: Unable to load module '' because the file was not found.
[2014.06.22-16.39.35:464][  0]LogModuleManager:Warning: ModuleManager: Unable to load module '' because the file was not found.
[2014.06.22-16.39.35:536][  0]LogConsoleResponse:Display: 
[2014.06.22-16.39.35:756][  0]SourceControl: Info Source control is disabled
[2014.06.22-16.39.35:756][  0]Cmd: MAP LOAD FILE="../../../../../Documents/Unreal Projects/MyProject/Content/Maps/Example_Map.umap" TEMPLATE=0 SHOWPROGRESS=1 WORLDCOMPOSITION=0
[2014.06.22-16.39.35:756][  0]LightingResults: New page: Lighting Build
[2014.06.22-16.39.35:763][  0]MapCheck: New page: Map Check
[2014.06.22-16.39.35:763][  0]LightingResults: New page: Lighting Build
[2014.06.22-16.39.35:781][  0]LogParticles: Destroying 0 GPU particle simulations for FXSystem 0x0000000014E554E0
[2014.06.22-16.39.36:054][  0]LogEditorServer: Finished looking for orphan Actors (0.000 secs)
[2014.06.22-16.39.36:054][  0]Cmd: MAP CHECKDEP
[2014.06.22-16.39.36:055][  0]MapCheck: New page: Example_Map - Jun 22, 2014, 6:39:36 AM
[2014.06.22-16.39.36:088][  0]MapCheck: Info ========== Map Check: 0 Error(s), 0 Warning(s), [33.57ms] ==========
[2014.06.22-16.39.36:088][  0]LogFileHelpers: Loading map 'Example_Map' took 0.332
[2014.06.22-16.39.36:164][  0]LogCollectionManager: Loaded 0 collections in 0.001195 seconds
[2014.06.22-16.39.36:249][  0]LogInit: Using libcurl 7.34.0
[2014.06.22-16.39.36:249][  0]LogInit:  - built for x86_64-pc-win32
[2014.06.22-16.39.36:249][  0]LogInit:  - supports SSL with WinSSL
[2014.06.22-16.39.36:249][  0]LogInit:  - other features:
[2014.06.22-16.39.36:249][  0]LogInit:      CURL_VERSION_SSL
[2014.06.22-16.39.36:249][  0]LogInit:      CURL_VERSION_ASYNCHDNS
[2014.06.22-16.39.36:249][  0]LogInit:      CURL_VERSION_LARGEFILE
[2014.06.22-16.39.36:249][  0]LogInit:      CURL_VERSION_IDN
[2014.06.22-16.39.36:249][  0]LogInit: Libcurl will NOT reuse connections
[2014.06.22-16.39.36:261][  0]LogCrashTracker: Crashtracker disabled due to settings.
[2014.06.22-16.39.36:262][  0]Cmd: MODE PLACEMENT
[2014.06.22-16.39.36:303][  0]LogLoad: Full Startup: 4.67 seconds (BP compile: 0.09 seconds)
[2014.06.22-16.39.36:315][  0]LogContentBrowser:Verbose: The content browser source was changed by the sources view to '/Game/Blueprints'
[2014.06.22-16.39.36:485][  0]LogRenderer:Warning: Reallocating scene render targets to support 32x32.
[2014.06.22-16.39.36:533][  0]LogRenderer:Warning: Reallocating scene render targets to support 944x720.
[2014.06.22-16.39.36:984][  1]LogEpicStorage:Warning: EnumerateFiles request failed. Invalid response. code=403 error=<?xml version="1.0" encoding="UTF-8"?>
<Error><Code>AccessDenied</Code><Message>Access Denied</Message><RequestId>BE033FC998875441</RequestId><HostId>UnbIkdwUG8xenPaefAo621lTHWKIAnJCDMF5+rgZWTlXwdlLm5q1ZHRqNgLly+k7</HostId></Error>
[2014.06.22-16.39.36:998][  1]LogAssetRegistry: Asset discovery search completed in 1.6713 seconds
[2014.06.22-16.39.37:025][  2]LogEpicSurvey:Warning: EnumerateFiles request failed. Invalid response. code=403 error=<?xml version="1.0" encoding="UTF-8"?>
<Error><Code>AccessDenied</Code><Message>Access Denied</Message><RequestId>650D00F2DED92010</RequestId><HostId>JpbnUf9tBdw43mfO4EqMgcaFcGOAU0PirtzIYAqIJxH8t9i/w+UYn38mx0Nq9M1ChSLBrtknaOI=</HostId></Error>
[2014.06.22-16.39.37:155][  4]LogEpicStorage:Warning: EnumerateFiles request failed. Invalid response. code=403 error=<?xml version="1.0" encoding="UTF-8"?>
<Error><Code>AccessDenied</Code><Message>Access Denied</Message><RequestId>78BEA454B872DE84</RequestId><HostId>5xQA++avN0EJd1vtr7RI+gDh4q1ZVCMawZ0njnLlqOmEf/FYYU4+Iekh1Q8Jt6WP</HostId></Error>
[2014.06.22-16.39.37:164][  5]LogEpicSurvey:Warning: EnumerateFiles request failed. Invalid response. code=403 error=<?xml version="1.0" encoding="UTF-8"?>
<Error><Code>AccessDenied</Code><Message>Access Denied</Message><RequestId>CE56A9066C67F341</RequestId><HostId>UNrewLJ4PrIhc2nH4THpzgxiEw63b9grqxXDZYn3VRKpg9joPwpw+7U4BLVd5wX6</HostId></Error>
[2014.06.22-16.39.37:240][ 11]LogEpicSurvey:Warning: EnumerateFiles request failed. Invalid response. code=403 error=<?xml version="1.0" encoding="UTF-8"?>
<Error><Code>AccessDenied</Code><Message>Access Denied</Message><RequestId>BB61FE8FBED3548A</RequestId><HostId>gUoESZb5bRxHnPhSem3ii3KEe54D0DgCS1x7YFF2QpDUyb4A+0E/yQOp/ERNtQti</HostId></Error>
[2014.06.22-16.39.37:317][ 18]LogEpicStorage:Warning: ReadFile request failed. File request already pending for filename=http://cdn.unrealengine.com/newsfeed/blueprint_icon_b.png
[2014.06.22-16.39.37:319][ 18]LogEpicStorage:Warning: ReadFile request failed. File request already pending for filename=http://cdn.unrealengine.com/newsfeed/blueprint_icon_b.png
[2014.06.22-16.40.53:237][197]LogPlayLevel: PIE:  No blueprints needed recompiling
[2014.06.22-16.40.53:237][197]PIE: New page: SIE session: Example_Map (Jun 22, 2014, 6:40:53 AM)
[2014.06.22-16.40.53:267][197]LogPlayLevel: PIE: StaticDuplicateObject took: (0.029492s)
[2014.06.22-16.40.53:268][197]LogPlayLevel: PIE: World Init took: (0.001103s)
[2014.06.22-16.40.53:268][197]LogPlayLevel: PIE: Created PIE world by copying editor world from /Game/Maps/Example_Map.Example_Map to /Game/Maps/UEDPIE_0_Example_Map.Example_Map (0.030958s)
[2014.06.22-16.40.53:280][197]LogLinker:Warning: CreateExport: Failed to load Super for Function /Game/Character/HeroFPP_AnimBlueprint.HeroFPP_AnimBlueprint_C:KismetUpdateAnimation; removing super information, but keeping function
[2014.06.22-16.40.53:466][197]LogClass:Warning: Type mismatch in PreviewSkeletalMesh of Skeleton - Previous (ObjectProperty) Current(AssetObjectProperty) for package:  ../../../../../Documents/Unreal Projects/MyProject/Content/Character/HeroFPP_Skeleton.uasset
[2014.06.22-16.40.53:529][197]LogWorld: Game class is 'MyGame_C'
[2014.06.22-16.40.53:530][197]LogSelection:Warning: PIE object was selected: "ShotgunProj_C /Game/Maps/UEDPIE_0_Example_Map.Example_Map:PersistentLevel.ShotgunProj_56"
[2014.06.22-16.40.53:571][197]LogWorld: Bringing World /Game/Maps/UEDPIE_0_Example_Map.Example_Map up for play (max tick rate 0) at 2014.06.22-11.40.53
[2014.06.22-16.40.53:571][197]LogWorld: Bringing up level for play took: 0.005324
[2014.06.22-16.40.53:576][197]PIE: Info Play in editor start time for /Game/Maps/UEDPIE_0_Example_Map -0.577
[2014.06.22-16.40.53:667][197]LogSelection:Warning: PIE object was selected: "ShotgunProj_C /Game/Maps/UEDPIE_0_Example_Map.Example_Map:PersistentLevel.ShotgunProj_56"
[2014.06.22-16.41.36:704][504]LogActorComponent: UnregisterComponent: (/Engine/Transient.ProjectileMovementComponent_0) Not registered. Aborting.
[2014.06.22-16.41.36:704][504]LogActorComponent: UnregisterComponent: (/Engine/Transient.ProjectileMovementComponent_1) Not registered. Aborting.
[2014.06.22-16.41.36:704][504]LogActorComponent: UnregisterComponent: (/Engine/Transient.ProjectileMovementComponent_2) Not registered. Aborting.
[2014.06.22-16.41.36:704][504]LogActorComponent: UnregisterComponent: (/Engine/Transient.ProjectileMovementComponent_3) Not registered. Aborting.
[2014.06.22-16.41.36:705][504]LogActorComponent: UnregisterComponent: (/Engine/Transient.ProjectileMovementComponent_4) Not registered. Aborting.
[2014.06.22-16.41.36:705][504]LogActorComponent: UnregisterComponent: (/Engine/Transient.ProjectileMovementComponent_5) Not registered. Aborting.
[2014.06.22-16.41.36:705][504]LogActorComponent: UnregisterComponent: (/Engine/Transient.ProjectileMovementComponent_6) Not registered. Aborting.
[2014.06.22-16.41.36:705][504]LogActorComponent: UnregisterComponent: (/Engine/Transient.ProjectileMovementComponent_7) Not registered. Aborting.
[2014.06.22-16.41.36:705][504]LogActorComponent: UnregisterComponent: (/Engine/Transient.ProjectileMovementComponent_8) Not registered. Aborting.
[2014.06.22-16.41.36:705][504]LogActorComponent: UnregisterComponent: (/Engine/Transient.ProjectileMovementComponent_9) Not registered. Aborting.
[2014.06.22-16.41.36:705][504]LogActorComponent: UnregisterComponent: (/Engine/Transient.CharacterMovementComponent_0) Not registered. Aborting.
[2014.06.22-16.41.36:767][504]LogParticles: Destroying 0 GPU particle simulations for FXSystem 0x000000000B8DF6A0
[2014.06.22-16.41.42:391][548]LogPlayLevel: PIE:  No blueprints needed recompiling
[2014.06.22-16.41.42:392][548]PIE: New page: SIE session: Example_Map (Jun 22, 2014, 6:41:42 AM)
[2014.06.22-16.41.42:418][548]LogPlayLevel: PIE: StaticDuplicateObject took: (0.026631s)
[2014.06.22-16.41.42:420][548]LogPlayLevel: PIE: World Init took: (0.001905s)
[2014.06.22-16.41.42:421][548]LogPlayLevel: PIE: Created PIE world by copying editor world from /Game/Maps/Example_Map.Example_Map to /Game/Maps/UEDPIE_0_Example_Map.Example_Map (0.028873s)
[2014.06.22-16.41.42:421][548]LogWorld: Game class is 'MyGame_C'
[2014.06.22-16.41.42:422][548]LogSelection:Warning: PIE object was selected: "ShotgunProj_C /Game/Maps/UEDPIE_0_Example_Map.Example_Map:PersistentLevel.ShotgunProj_56"
[2014.06.22-16.41.42:450][548]LogWorld: Bringing World /Game/Maps/UEDPIE_0_Example_Map.Example_Map up for play (max tick rate 0) at 2014.06.22-11.41.42
[2014.06.22-16.41.42:450][548]LogWorld: Bringing up level for play took: 0.005120
[2014.06.22-16.41.42:454][548]PIE: Info Play in editor start time for /Game/Maps/UEDPIE_0_Example_Map 0.3
[2014.06.22-16.41.42:459][548]LogSelection:Warning: PIE object was selected: "ShotgunProj_C /Game/Maps/UEDPIE_0_Example_Map.Example_Map:PersistentLevel.ShotgunProj_56"
[2014.06.22-16.41.45:364][571]LogParticles: Destroying 0 GPU particle simulations for FXSystem 0x00000000100119E0
[2014.06.22-16.41.48:844][599]LogPlayLevel: PIE:  No blueprints needed recompiling
[2014.06.22-16.41.48:844][599]PIE: New page: PIE session: Example_Map (Jun 22, 2014, 6:41:48 AM)
[2014.06.22-16.41.48:871][599]LogPlayLevel: PIE: StaticDuplicateObject took: (0.026873s)
[2014.06.22-16.41.48:872][599]LogPlayLevel: PIE: World Init took: (0.000558s)
[2014.06.22-16.41.48:872][599]LogPlayLevel: PIE: Created PIE world by copying editor world from /Game/Maps/Example_Map.Example_Map to /Game/Maps/UEDPIE_0_Example_Map.Example_Map (0.027615s)
[2014.06.22-16.41.48:872][599]LogWorld: Game class is 'MyGame_C'
[2014.06.22-16.41.49:032][599]LogWorld: Bringing World /Game/Maps/UEDPIE_0_Example_Map.Example_Map up for play (max tick rate 0) at 2014.06.22-11.41.49
[2014.06.22-16.41.49:033][599]LogWorld: Bringing up level for play took: 0.010584
[2014.06.22-16.41.49:034][599]LogGameMode: RestartPlayer 258
[2014.06.22-16.41.49:036][599]LogPlayerController: ClientRestart_Implementation MyCharacter_C_0
[2014.06.22-16.41.49:036][599]LogPlayerController: ServerAcknowledgePossession_Implementation MyCharacter_C_0
[2014.06.22-16.41.49:044][599]PIE: Info Play in editor start time for /Game/Maps/UEDPIE_0_Example_Map 0.89
[2014.06.22-16.42.04:603][762]LogBlueprintUserMessages: 2
[2014.06.22-16.42.06:304][780]LogBlueprintUserMessages: 3
[2014.06.22-16.42.07:247][790]LogBlueprintUserMessages: 4
[2014.06.22-16.42.07:532][793]LogBlueprintUserMessages: 5
[2014.06.22-16.42.07:819][796]LogBlueprintUserMessages: 6
[2014.06.22-16.42.08:672][805]LogBlueprintUserMessages: 7
[2014.06.22-16.42.08:864][807]LogBlueprintUserMessages: 8
[2014.06.22-16.42.09:153][810]LogBlueprintUserMessages: 9
[2014.06.22-16.42.09:343][812]LogBlueprintUserMessages: 10
[2014.06.22-16.42.09:821][817]LogBlueprintUserMessages: 11
[2014.06.22-16.42.10:107][820]LogBlueprintUserMessages: 12
[2014.06.22-16.42.10:299][822]LogBlueprintUserMessages: 13
[2014.06.22-16.42.10:678][826]LogBlueprintUserMessages: 14
[2014.06.22-16.42.23:319][932]LogParticles: Destroying 0 GPU particle simulations for FXSystem 0x00000000161EB1A0
[2014.06.22-16.42.23:431][933]Cmd: QUIT_EDITOR
[2014.06.22-16.42.23:540][933]LogWindowsTextInputMethodSystem:Error: Terminating failed while unadvising the language notification sink from the TSF source.
[2014.06.22-16.42.23:540][933]LogExit: Preparing to exit.
[2014.06.22-16.42.24:755][933]LogExit: Editor shut down
[2014.06.22-16.42.24:756][933]LogExit: Transaction tracking system shut down
[2014.06.22-16.42.24:757][933]LogParticles: Destroying 0 GPU particle simulations for FXSystem 0x000000001649B6A0
[2014.06.22-16.42.24:789][933]LogParticles: Destroying 0 GPU particle simulations for FXSystem 0x00000000167B0AE0
[2014.06.22-16.42.24:789][933]LogParticles: Destroying 0 GPU particle simulations for FXSystem 0x0000000010012B60
[2014.06.22-16.42.24:789][933]LogExit: Object subsystem successfully closed.
[2014.06.22-16.42.24:819][933]LogModuleManager: Shutting down and abandoning module CrashTracker (145)
[2014.06.22-16.42.24:819][933]LogModuleManager: Shutting down and abandoning module HTTP (144)
[2014.06.22-16.42.24:819][933]LogModuleManager: Shutting down and abandoning module NewsFeed (143)
[2014.06.22-16.42.24:819][933]LogModuleManager: Shutting down and abandoning module SceneOutliner (142)
[2014.06.22-16.42.24:819][933]LogModuleManager: Shutting down and abandoning module EditorWidgets (141)
[2014.06.22-16.42.24:819][933]LogModuleManager: Shutting down and abandoning module CollectionManager (140)
[2014.06.22-16.42.24:819][933]LogModuleManager: Shutting down and abandoning module StatsViewer (139)
[2014.06.22-16.42.24:819][933]LogModuleManager: Shutting down and abandoning module FoliageEdit (138)
[2014.06.22-16.42.24:819][933]LogModuleManager: Shutting down and abandoning module LandscapeEditor (137)
[2014.06.22-16.42.24:824][933]LogModuleManager: Shutting down and abandoning module MeshPaint (136)
[2014.06.22-16.42.24:824][933]LogModuleManager: Shutting down and abandoning module GeometryMode (135)
[2014.06.22-16.42.24:824][933]LogModuleManager: Shutting down and abandoning module TextureAlignMode (134)
[2014.06.22-16.42.24:824][933]LogModuleManager: Shutting down and abandoning module BspMode (133)
[2014.06.22-16.42.24:824][933]LogModuleManager: Shutting down and abandoning module PlacementMode (132)
[2014.06.22-16.42.24:824][933]LogModuleManager: Shutting down and abandoning module AutomationWorker (131)
[2014.06.22-16.42.24:824][933]LogModuleManager: Shutting down and abandoning module ViewportSnapping (130)
[2014.06.22-16.42.24:824][933]LogModuleManager: Shutting down and abandoning module DeviceProfileEditor (129)
[2014.06.22-16.42.24:824][933]LogModuleManager: Shutting down and abandoning module UndoHistory (128)
[2014.06.22-16.42.24:824][933]LogModuleManager: Shutting down and abandoning module GameplayTagsEditor (127)
[2014.06.22-16.42.24:824][933]LogModuleManager: Shutting down and abandoning module UserFeedback (126)
[2014.06.22-16.42.24:824][933]LogModuleManager: Shutting down and abandoning module XmlParser (125)
[2014.06.22-16.42.24:824][933]LogModuleManager: Shutting down and abandoning module OnlineBlueprintSupport (124)
[2014.06.22-16.42.24:824][933]LogModuleManager: Shutting down and abandoning module Blutility (123)
[2014.06.22-16.42.24:824][933]LogModuleManager: Shutting down and abandoning module IOSPlatformEditor (122)
[2014.06.22-16.42.24:824][933]LogModuleManager: Shutting down and abandoning module IOSRuntimeSettings (121)
[2014.06.22-16.42.24:824][933]LogModuleManager: Shutting down and abandoning module ProjectSettingsViewer (118)
[2014.06.22-16.42.24:825][933]LogModuleManager: Shutting down and abandoning module InputBindingEditor (117)
[2014.06.22-16.42.24:825][933]LogModuleManager: Shutting down and abandoning module EditorSettingsViewer (116)
[2014.06.22-16.42.24:825][933]LogModuleManager: Shutting down and abandoning module SettingsEditor (115)
[2014.06.22-16.42.24:825][933]LogModuleManager: Shutting down and abandoning module SessionLauncher (114)
[2014.06.22-16.42.24:825][933]LogModuleManager: Shutting down and abandoning module SessionFrontend (113)
[2014.06.22-16.42.24:825][933]LogModuleManager: Shutting down and abandoning module ProfilerClient (112)
[2014.06.22-16.42.24:825][933]LogModuleManager: Shutting down and abandoning module TargetDeviceServices (111)
[2014.06.22-16.42.24:825][933]LogModuleManager: Shutting down and abandoning module DeviceManager (110)
[2014.06.22-16.42.24:825][933]LogModuleManager: Shutting down and abandoning module AutomationController (109)
[2014.06.22-16.42.24:825][933]LogModuleManager: Shutting down and abandoning module AutomationWindow (108)
[2014.06.22-16.42.24:825][933]LogModuleManager: Shutting down and abandoning module Layers (107)
[2014.06.22-16.42.24:825][933]LogModuleManager: Shutting down and abandoning module ComponentVisualizers (106)
[2014.06.22-16.42.24:825][933]LogModuleManager: Shutting down and abandoning module DetailCustomizations (105)
[2014.06.22-16.42.24:825][933]LogModuleManager: Shutting down and abandoning module PackagesDialog (104)
[2014.06.22-16.42.24:825][933]LogModuleManager: Shutting down and abandoning module PropertyEditor (103)
[2014.06.22-16.42.24:825][933]LogModuleManager: Shutting down and abandoning module DirectoryWatcher (102)
[2014.06.22-16.42.24:826][933]LogModuleManager: Shutting down and abandoning module AssetRegistry (101)
[2014.06.22-16.42.24:888][933]LogModuleManager: Shutting down and abandoning module Persona (100)
[2014.06.22-16.42.24:888][933]LogModuleManager: Shutting down and abandoning module GraphEditor (99)
[2014.06.22-16.42.24:888][933]LogModuleManager: Shutting down and abandoning module ContentBrowser (98)
[2014.06.22-16.42.24:888][933]LogModuleManager: Shutting down and abandoning module ClassViewer (97)
[2014.06.22-16.42.24:888][933]LogModuleManager: Shutting down and abandoning module Toolbox (96)
[2014.06.22-16.42.24:888][933]LogModuleManager: Shutting down and abandoning module ModuleUI (95)
[2014.06.22-16.42.24:888][933]LogModuleManager: Shutting down and abandoning module Sequencer (94)
[2014.06.22-16.42.24:888][933]LogModuleManager: Shutting down and abandoning module AssetTools (93)
[2014.06.22-16.42.24:888][933]LogModuleManager: Shutting down and abandoning module MovieSceneTools (92)
[2014.06.22-16.42.24:888][933]LogModuleManager: Shutting down and abandoning module OutputLog (91)
[2014.06.22-16.42.24:888][933]LogModuleManager: Shutting down and abandoning module GammaUI (90)
[2014.06.22-16.42.24:888][933]LogModuleManager: Shutting down and abandoning module Documentation (89)
[2014.06.22-16.42.24:888][933]LogModuleManager: Shutting down and abandoning module DesktopPlatform (88)
[2014.06.22-16.42.24:888][933]LogModuleManager: Shutting down and abandoning module ProfilerService (87)
[2014.06.22-16.42.25:122][933]LogModuleManager: Shutting down and abandoning module TaskGraph (86)
[2014.06.22-16.42.25:122][933]LogModuleManager: Shutting down and abandoning module GameProjectGeneration (85)
[2014.06.22-16.42.25:122][933]LogModuleManager: Shutting down and abandoning module Matinee (84)
[2014.06.22-16.42.25:122][933]LogModuleManager: Shutting down and abandoning module Kismet (83)
[2014.06.22-16.42.25:122][933]LogModuleManager: Shutting down and abandoning module LevelEditor (82)
[2014.06.22-16.42.25:123][933]LogModuleManager: Shutting down and abandoning module MainFrame (81)
[2014.06.22-16.42.25:123][933]LogModuleManager: Shutting down and abandoning module SourceControl (80)
[2014.06.22-16.42.25:123][933]LogModuleManager: Shutting down and abandoning module ImageWrapper (79)
[2014.06.22-16.42.25:123][933]LogModuleManager: Shutting down and abandoning module FunctionalTesting (78)
[2014.06.22-16.42.25:123][933]LogModuleManager: Shutting down and abandoning module CollisionAnalyzer (77)
[2014.06.22-16.42.25:124][933]LogModuleManager: Shutting down and abandoning module WorkspaceMenuStructure (76)
[2014.06.22-16.42.25:124][933]LogModuleManager: Shutting down and abandoning module MessageLog (75)
[2014.06.22-16.42.25:124][933]LogModuleManager: Shutting down and abandoning module Slate (74)
[2014.06.22-16.42.25:124][933]LogModuleManager: Shutting down and abandoning module EditorStyle (73)
[2014.06.22-16.42.25:126][933]LogModuleManager: Shutting down and abandoning module SessionServices (72)
[2014.06.22-16.42.25:126][933]LogModuleManager: Shutting down and abandoning module VSAccessor (71)
[2014.06.22-16.42.25:126][933]LogModuleManager: Shutting down and abandoning module HeadMountedDisplay (70)
[2014.06.22-16.42.25:127][933]LogModuleManager: Shutting down and abandoning module XAudio2 (69)
[2014.06.22-16.42.25:127][933]LogModuleManager: Shutting down and abandoning module Networking (68)
[2014.06.22-16.42.25:127][933]LogModuleManager: Shutting down and abandoning module Core (67)
[2014.06.22-16.42.25:127][933]LogModuleManager: Shutting down and abandoning module KismetCompiler (66)
[2014.06.22-16.42.25:127][933]LogModuleManager: Shutting down and abandoning module PhysXFormats (65)
[2014.06.22-16.42.25:127][933]LogModuleManager: Shutting down and abandoning module MeshUtilities (64)
[2014.06.22-16.42.25:127][933]LogModuleManager: Shutting down and abandoning module DerivedDataCache (63)
[2014.06.22-16.42.25:135][933]LogDerivedDataCache: Shutdown
[2014.06.22-16.42.25:135][933]LogModuleManager: Shutting down and abandoning module ShaderFormatOpenGL (62)
[2014.06.22-16.42.25:135][933]LogModuleManager: Shutting down and abandoning module ShaderFormatD3D (61)
[2014.06.22-16.42.25:135][933]LogModuleManager: Shutting down and abandoning module TextureFormatUncompressed (60)
[2014.06.22-16.42.25:135][933]LogModuleManager: Shutting down and abandoning module TextureFormatPVR (59)
[2014.06.22-16.42.25:135][933]LogModuleManager: Shutting down and abandoning module TextureFormatDXT (58)
[2014.06.22-16.42.25:135][933]LogModuleManager: Shutting down and abandoning module AudioFormatOgg (57)
[2014.06.22-16.42.25:135][933]LogModuleManager: Shutting down and abandoning module AudioFormatADPCM (56)
[2014.06.22-16.42.25:135][933]LogModuleManager: Shutting down and abandoning module Messaging (55)
[2014.06.22-16.42.25:135][933]LogModuleManager: Shutting down and abandoning module IOSTargetPlatform (54)
[2014.06.22-16.42.25:135][933]LogModuleManager: Shutting down and abandoning module WindowsTargetPlatform (53)
[2014.06.22-16.42.25:135][933]LogModuleManager: Shutting down and abandoning module WindowsServerTargetPlatform (52)
[2014.06.22-16.42.25:135][933]LogModuleManager: Shutting down and abandoning module WindowsNoEditorTargetPlatform (51)
[2014.06.22-16.42.25:135][933]LogModuleManager: Shutting down and abandoning module WindowsClientTargetPlatform (50)
[2014.06.22-16.42.25:135][933]LogModuleManager: Shutting down and abandoning module TargetPlatform (49)
[2014.06.22-16.42.25:135][933]LogModuleManager: Shutting down and abandoning module InputCore (47)
[2014.06.22-16.42.25:135][933]LogModuleManager: Shutting down and abandoning module Settings (46)
[2014.06.22-16.42.25:135][933]LogModuleManager: Shutting down and abandoning module TextureCompressor (43)
[2014.06.22-16.42.25:136][933]LogModuleManager: Shutting down and abandoning module ShaderCore (42)
[2014.06.22-16.42.25:136][933]LogModuleManager: Shutting down and abandoning module OpenGLDrv (41)
[2014.06.22-16.42.25:136][933]LogModuleManager: Shutting down and abandoning module D3D11RHI (40)
[2014.06.22-16.42.25:136][933]LogModuleManager: Shutting down and abandoning module SlateRHIRenderer (39)
[2014.06.22-16.42.25:136][933]LogModuleManager: Shutting down and abandoning module Renderer (38)
[2014.06.22-16.42.25:136][933]LogModuleManager: Shutting down and abandoning module Engine (37)
[2014.06.22-16.42.25:136][933]LogModuleManager: Shutting down and abandoning module WindowsMoviePlayer (36)
[2014.06.22-16.42.25:139][933]LogModuleManager: Shutting down and abandoning module ExampleDeviceProfileSelector (31)
[2014.06.22-16.42.25:139][933]LogModuleManager: Shutting down and abandoning module CustomMeshComponent (30)
[2014.06.22-16.42.25:139][933]LogModuleManager: Shutting down and abandoning module CableComponent (29)
[2014.06.22-16.42.25:139][933]LogModuleManager: Shutting down and abandoning module OculusRift (26)
[2014.06.22-16.42.25:139][933]LogModuleManager: Shutting down and abandoning module UdpMessaging (25)
[2014.06.22-16.42.25:239][933]LogModuleManager: Shutting down and abandoning module MessagingDebugger (24)
[2014.06.22-16.42.25:239][933]LogModuleManager: Shutting down and abandoning module PluginsEditor (12)
[2014.06.22-16.42.25:239][933]LogModuleManager: Shutting down and abandoning module IntroTutorials (11)
[2014.06.22-16.42.25:239][933]LogModuleManager: Shutting down and abandoning module EpicSurvey (10)
[2014.06.22-16.42.25:239][933]LogModuleManager: Shutting down and abandoning module UObjectPlugin (9)
[2014.06.22-16.42.25:239][933]LogModuleManager: Shutting down and abandoning module SubversionSourceControl (8)
[2014.06.22-16.42.25:239][933]LogModuleManager: Shutting down and abandoning module PerforceSourceControl (7)
[2014.06.22-16.42.25:239][933]LogModuleManager: Shutting down and abandoning module BlankPlugin (6)
[2014.06.22-16.42.25:239][933]LogModuleManager: Shutting down and abandoning module CoreUObject (5)
[2014.06.22-16.42.25:239][933]LogModuleManager: Shutting down and abandoning module NetworkFile (4)
[2014.06.22-16.42.25:239][933]LogModuleManager: Shutting down and abandoning module StreamingFile (3)
[2014.06.22-16.42.25:239][933]LogModuleManager: Shutting down and abandoning module SandboxFile (2)
[2014.06.22-16.42.25:239][933]LogModuleManager: Shutting down and abandoning module PakFile (1)
[2014.06.22-16.42.25:240][933]LogExit: Exiting.
[2014.06.22-16.42.25:242][933]Log file closed, 06/22/14 11:42:25
