Log file open, 06/21/14 22:11:05
LogInit:Display: Running engine for game: MyProject
LogInit: Version: 4.1.1-0+UE4
LogInit: Compiled (64-bit): Jun 18 2014 17:47:01
LogInit: Build Configuration: Development
LogInit: Branch Name: UE4
LogInit: Command line: 
LogInit: Base directory: D:/Student Data/Desktop/UnrealEngine-4.1/Engine/Binaries/Win64/
LogInit: Rocket: 0
[2014.06.22-03.11.05:942][  0]LogTaskGraph: Started task graph with 3 named threads and 4 total threads.
[2014.06.22-03.11.05:972][  0]LogOnline:Warning: No default platform service specified for OnlineSubsystem
[2014.06.22-03.11.05:982][  0]LogInit: Presizing for 0 objects not considered by GC, pre-allocating 0 bytes.
[2014.06.22-03.11.05:995][  0]LogInit: Object subsystem initialized
[2014.06.22-03.11.05:998][  0]LogInit: Selected Device Profile: [Windows]
[2014.06.22-03.11.05:998][  0]LogInit: Applying CVar settings loaded from the selected device profile: [Windows]
[2014.06.22-03.11.06:003][  0]LogInit: Computer: C-1C3E84FD9E46
[2014.06.22-03.11.06:003][  0]LogInit: User: student
[2014.06.22-03.11.06:004][  0]LogInit: CPU Page size=4096, Cores=2
[2014.06.22-03.11.06:004][  0]LogInit: High frequency timer resolution =2.435927 MHz
[2014.06.22-03.11.06:004][  0]LogMemory: Memory total: Physical=3.9GB (4GB approx) Virtual=8192.0GB
[2014.06.22-03.11.06:005][  0]LogMemory: Platform Memory Stats for Windows
[2014.06.22-03.11.06:005][  0]LogMemory: Process Physical Memory: 67.77 MB used, 67.77 MB peak
[2014.06.22-03.11.06:005][  0]LogMemory: Process Virtual Memory: 48.40 MB used, 48.40 MB peak
[2014.06.22-03.11.06:005][  0]LogMemory: Physical Memory: 2520.11 MB used, 4027.56 MB total
[2014.06.22-03.11.06:005][  0]LogMemory: Virtual Memory: 251.02 MB used, 8388608.00 MB total
[2014.06.22-03.11.06:046][  0]LogD3D11RHI: Found D3D11 adapter 0: AMD Radeon HD 7570M (Feature Level 11_0)
[2014.06.22-03.11.06:046][  0]LogD3D11RHI: Adapter has 1007MB of dedicated video memory, 0MB of dedicated system memory, and 1757MB of shared system memory, 1 output[s]
[2014.06.22-03.11.06:046][  0]LogD3D11RHI: Chosen D3D11 Adapter Id = 0
[2014.06.22-03.11.06:052][  0]LogRHI: Texture pool is 705 MB (70% of 1007 MB)
[2014.06.22-03.11.06:067][  0]LogD3D11RHI: Async texture creation disabled: no driver support
[2014.06.22-03.11.06:105][  0]LogInit:Warning: We appear to have no tool tip localization data? Editor can't run.
[2014.06.22-03.11.06:105][  0]LogInit:Warning: We appear to have no property name localization data? Editor can't run.
[2014.06.22-03.11.06:138][  0]LogTextLocalizationManager:Warning: Loading localization resources contain conflicting entries for (Namespace:UICommands, Key:ToggleRealtime_ToolTip):
Resource: (D:/Student Data/Desktop/UnrealEngine-4.1/Engine/Content/Localization/Editor/en/Editor.locres) Hash: (-291638278) String: (Toggle Realtime)
Resource: (D:/Student Data/Desktop/UnrealEngine-4.1/Engine/Content/Localization/Editor/en/Editor.locres) Hash: (-1913389001) String: (Toggles real time rendering in this viewport)
[2014.06.22-03.11.06:168][  0]LogContentStreaming: Texture pool size is 0.000000MB
[2014.06.22-03.11.06:196][  0]LogInit: WinSock: version 1.1 (2.2), MaxSocks=32767, MaxUdp=65467
[2014.06.22-03.11.07:096][  0]LogTargetPlatformManager:Display: Building Assets For Windows
[2014.06.22-03.11.07:188][  0]LogTargetPlatformManager:Display: Building Assets For Windows
[2014.06.22-03.11.07:221][  0]LogDerivedDataCache:Display: Max Cache Size: 512 MB
[2014.06.22-03.11.07:269][  0]LogDerivedDataCache: Loaded boot cache 0.05s 38MB ../../../../../Documents/Unreal Projects/MyProject/DerivedDataCache/Boot.ddc.
[2014.06.22-03.11.07:269][  0]LogDerivedDataCache:Display: Loaded Boot cache: ../../../../../Documents/Unreal Projects/MyProject/DerivedDataCache/Boot.ddc
[2014.06.22-03.11.07:269][  0]LogDerivedDataCache: FDerivedDataBackendGraph:  Pak pak cache file ../../../../../Documents/Unreal Projects/MyProject/DerivedDataCache/DDC.ddp not found, will not use a pak cache.
[2014.06.22-03.11.07:269][  0]LogDerivedDataCache: Unable to find inner node Pak for hierarchical cache Hierarchy.
[2014.06.22-03.11.07:269][  0]LogDerivedDataCache: FDerivedDataBackendGraph:  EnginePak pak cache file ../../../Engine/DerivedDataCache/DDC.ddp not found, will not use a pak cache.
[2014.06.22-03.11.07:269][  0]LogDerivedDataCache: Unable to find inner node EnginePak for hierarchical cache Hierarchy.
[2014.06.22-03.11.07:280][  0]LogDerivedDataCache: Using Local data cache path ../../../Engine/DerivedDataCache: Writable
[2014.06.22-03.11.07:280][  0]LogDerivedDataCache: Shared data cache path not found in *engine.ini, will not use an Shared cache.
[2014.06.22-03.11.07:280][  0]LogDerivedDataCache: Unable to find inner node Shared for hierarchical cache Hierarchy.
[2014.06.22-03.11.07:469][  0]LogMeshUtilities: No automatic mesh reduction module available
[2014.06.22-03.11.07:469][  0]LogMeshUtilities: No automatic mesh merging module available
[2014.06.22-03.11.07:722][  0]LogEnum:Warning: Enum Text 1 for Enum ECustomDepth failed to resolve to any value
[2014.06.22-03.11.07:722][  0]LogEnum:Warning: Enum Text 3 for Enum EEarlyZPass failed to resolve to any value
[2014.06.22-03.11.07:722][  0]LogEnum:Warning: Enum Text 1 for Enum EClearSceneOptions failed to resolve to any value
[2014.06.22-03.11.07:722][  0]LogEnum:Warning: Enum Text 4 for Enum ECompositingSampleCount failed to resolve to any value
[2014.06.22-03.11.08:440][  0]UdpMessaging: Initializing bridge on interface 0.0.0.0:0 to multicast group 230.0.0.1:6666.
[2014.06.22-03.11.08:529][  0]SourceControl: Info Source control is disabled
[2014.06.22-03.11.08:529][  0]SourceControl: Info Source control is disabled
[2014.06.22-03.11.08:537][  0]SourceControl: Info Source control is disabled
[2014.06.22-03.11.08:644][  0]BlueprintLog: New page: Editor Load
[2014.06.22-03.11.08:685][  0]LogObj: 18600 objects as part of root set at end of initial load.
[2014.06.22-03.11.08:685][  0]LogUObjectAllocator: 3704160 out of 0 bytes used by permanent object pool.
[2014.06.22-03.11.08:914][  0]LogAutomationTest:Warning: Loading localization resources contain conflicting entries for (Namespace:UICommands, Key:ToggleRealtime_ToolTip):
Resource: (D:/Student Data/Desktop/UnrealEngine-4.1/Engine/Content/Localization/Editor/en/Editor.locres) Hash: (-291638278) String: (Toggle Realtime)
Resource: (D:/Student Data/Desktop/UnrealEngine-4.1/Engine/Content/Localization/Editor/en/Editor.locres) Hash: (-1913389001) String: (Toggles real time rendering in this viewport)
[2014.06.22-03.11.08:914][  0]LogAutomationTest:Warning: Loading localization resources contain conflicting entries for (Namespace:UICommands, Key:ToggleRealtime_ToolTip):
Resource: (D:/Student Data/Desktop/UnrealEngine-4.1/Engine/Content/Localization/Editor/en/Editor.locres) Hash: (-291638278) String: (Toggle Realtime)
Resource: (D:/Student Data/Desktop/UnrealEngine-4.1/Engine/Content/Localization/Editor/en/Editor.locres) Hash: (-1913389001) String: (Toggles real time rendering in this viewport)
[2014.06.22-03.11.08:914][  0]LogAutomationTest:Warning: Loading localization resources contain conflicting entries for (Namespace:UICommands, Key:ToggleRealtime_ToolTip):
Resource: (D:/Student Data/Desktop/UnrealEngine-4.1/Engine/Content/Localization/Editor/en/Editor.locres) Hash: (-291638278) String: (Toggle Realtime)
Resource: (D:/Student Data/Desktop/UnrealEngine-4.1/Engine/Content/Localization/Editor/en/Editor.locres) Hash: (-1913389001) String: (Toggles real time rendering in this viewport)
[2014.06.22-03.11.08:914][  0]LogEngine: Initializing Engine...
[2014.06.22-03.11.09:066][  0]LogInit: XAudio2 using 'Speakers / HP (IDT High Definition Audio CODEC)' : 2 channels at 48 kHz using 16 bits per sample (channel mask 0x3)
[2014.06.22-03.11.09:083][  0]LogInit: FAudioDevice initialized.
[2014.06.22-03.11.09:115][  0]LogDerivedDataCache: Saved boot cache 0.03s 38MB ../../../../../Documents/Unreal Projects/MyProject/DerivedDataCache/Boot.ddc.
[2014.06.22-03.11.09:121][  0]LogInit: Texture streaming: Enabled
[2014.06.22-03.11.09:145][  0]LogInit: Transaction tracking system initialized
[2014.06.22-03.11.09:242][  0]LogAssetRegistry: FAssetRegistry took 0.0127 seconds to start up
[2014.06.22-03.11.09:425][  0]LogModuleManager:Warning: ModuleManager: Unable to load module '' because the file was not found.
[2014.06.22-03.11.09:433][  0]LogModuleManager:Warning: ModuleManager: Unable to load module '' because the file was not found.
[2014.06.22-03.11.09:545][  0]LogConsoleResponse:Display: 
[2014.06.22-03.11.09:801][  0]SourceControl: Info Source control is disabled
[2014.06.22-03.11.09:801][  0]Cmd: MAP LOAD FILE="../../../../../Documents/Unreal Projects/MyProject/Content/Maps/Example_Map.umap" TEMPLATE=0 SHOWPROGRESS=1 WORLDCOMPOSITION=0
[2014.06.22-03.11.09:849][  0]LightingResults: New page: Lighting Build
[2014.06.22-03.11.09:855][  0]MapCheck: New page: Map Check
[2014.06.22-03.11.09:855][  0]LightingResults: New page: Lighting Build
[2014.06.22-03.11.09:873][  0]LogParticles: Destroying 0 GPU particle simulations for FXSystem 0x0000000013B1D4E0
[2014.06.22-03.11.10:689][  0]LogEditorServer: Finished looking for orphan Actors (0.000 secs)
[2014.06.22-03.11.10:689][  0]Cmd: MAP CHECKDEP
[2014.06.22-03.11.10:690][  0]MapCheck: New page: Example_Map - Jun 21, 2014, 5:11:10 PM
[2014.06.22-03.11.10:743][  0]MapCheck: Info ========== Map Check: 0 Error(s), 0 Warning(s), [53.673ms] ==========
[2014.06.22-03.11.10:743][  0]LogFileHelpers: Loading map 'Example_Map' took 0.942
[2014.06.22-03.11.10:857][  0]LogCollectionManager: Loaded 0 collections in 0.002636 seconds
[2014.06.22-03.11.11:127][  0]LogInit: Using libcurl 7.34.0
[2014.06.22-03.11.11:127][  0]LogInit:  - built for x86_64-pc-win32
[2014.06.22-03.11.11:127][  0]LogInit:  - supports SSL with WinSSL
[2014.06.22-03.11.11:127][  0]LogInit:  - other features:
[2014.06.22-03.11.11:127][  0]LogInit:      CURL_VERSION_SSL
[2014.06.22-03.11.11:127][  0]LogInit:      CURL_VERSION_ASYNCHDNS
[2014.06.22-03.11.11:127][  0]LogInit:      CURL_VERSION_LARGEFILE
[2014.06.22-03.11.11:127][  0]LogInit:      CURL_VERSION_IDN
[2014.06.22-03.11.11:127][  0]LogInit: Libcurl will NOT reuse connections
[2014.06.22-03.11.11:139][  0]LogCrashTracker: Crashtracker disabled due to settings.
[2014.06.22-03.11.11:139][  0]Cmd: MODE PLACEMENT
[2014.06.22-03.11.11:190][  0]LogLoad: Full Startup: 6.18 seconds (BP compile: 0.10 seconds)
[2014.06.22-03.11.11:204][  0]LogContentBrowser:Verbose: The content browser source was changed by the sources view to '/Game/Blueprints'
[2014.06.22-03.11.12:140][  0]LogRenderer:Warning: Reallocating scene render targets to support 32x32.
[2014.06.22-03.11.12:331][  0]LogRenderer:Warning: Reallocating scene render targets to support 944x720.
[2014.06.22-03.11.12:816][  1]LogEpicStorage:Warning: EnumerateFiles request failed. Invalid response. code=403 error=<?xml version="1.0" encoding="UTF-8"?>
<Error><Code>AccessDenied</Code><Message>Access Denied</Message><RequestId>ED4FAFFFD08B07E8</RequestId><HostId>8sRK11inJpvYQJ/vMa9112hsdzrNXnCOLD5YtIAHJkX02cNt+bs1oXAXFuC8rkql</HostId></Error>
[2014.06.22-03.11.12:839][  2]LogEpicSurvey:Warning: EnumerateFiles request failed. Invalid response. code=403 error=<?xml version="1.0" encoding="UTF-8"?>
<Error><Code>AccessDenied</Code><Message>Access Denied</Message><RequestId>B17C7B43F67F46BB</RequestId><HostId>0SENLczinhG/j/8sq8Q8IlZTpvaTF7U00uX4d+rrc+TSF/n6d63uRlQULhqLTBvU</HostId></Error>
[2014.06.22-03.11.12:845][  2]LogAssetRegistry: Asset discovery search completed in 3.6160 seconds
[2014.06.22-03.11.12:914][  3]LogEpicStorage:Warning: EnumerateFiles request failed. Invalid response. code=403 error=<?xml version="1.0" encoding="UTF-8"?>
<Error><Code>AccessDenied</Code><Message>Access Denied</Message><RequestId>A35099E4E043A17E</RequestId><HostId>pPGObrG932cq4aMC20O3KLbBPX5CdklGfQyCr7cyeXseWPHFj2nrDwoNVHe4xnwh</HostId></Error>
[2014.06.22-03.11.13:051][  4]LogEpicSurvey:Warning: EnumerateFiles request failed. Invalid response. code=403 error=<?xml version="1.0" encoding="UTF-8"?>
<Error><Code>AccessDenied</Code><Message>Access Denied</Message><RequestId>75A94FDD6BCED556</RequestId><HostId>nH2QtKpYoNtvIAV9zv9cR//Qj9VXLcdV3A2u0X/pi06V+eC1f8P0ID1qaWsVyHI8</HostId></Error>
[2014.06.22-03.11.13:282][  6]LogEpicSurvey:Warning: EnumerateFiles request failed. Invalid response. code=403 error=<?xml version="1.0" encoding="UTF-8"?>
<Error><Code>AccessDenied</Code><Message>Access Denied</Message><RequestId>897F4AA9137D69F2</RequestId><HostId>LGRN6RX/mhQBO//Z3X6CfIl4HY0t7l7beFfBBCda93zBd9rY51MCbbyvld9TS7ZF</HostId></Error>
[2014.06.22-03.11.13:410][  7]LogEpicStorage:Warning: ReadFile request failed. File request already pending for filename=http://cdn.unrealengine.com/newsfeed/blueprint_icon_b.png
[2014.06.22-03.11.13:412][  7]LogEpicStorage:Warning: ReadFile request failed. File request already pending for filename=http://cdn.unrealengine.com/newsfeed/blueprint_icon_b.png
[2014.06.22-03.11.17:653][ 42]LogPlayLevel: PIE:  No blueprints needed recompiling
[2014.06.22-03.11.17:654][ 42]PIE: New page: PIE session: Example_Map (Jun 21, 2014, 5:11:17 PM)
[2014.06.22-03.11.17:680][ 42]LogPlayLevel: PIE: StaticDuplicateObject took: (0.026571s)
[2014.06.22-03.11.17:681][ 42]LogPlayLevel: PIE: World Init took: (0.000581s)
[2014.06.22-03.11.17:681][ 42]LogPlayLevel: PIE: Created PIE world by copying editor world from /Game/Maps/Example_Map.Example_Map to /Game/Maps/UEDPIE_0_Example_Map.Example_Map (0.027362s)
[2014.06.22-03.11.17:693][ 42]LogLinker:Warning: CreateExport: Failed to load Super for Function /Game/Character/HeroFPP_AnimBlueprint.HeroFPP_AnimBlueprint_C:KismetUpdateAnimation; removing super information, but keeping function
[2014.06.22-03.11.17:869][ 42]LogClass:Warning: Type mismatch in PreviewSkeletalMesh of Skeleton - Previous (ObjectProperty) Current(AssetObjectProperty) for package:  ../../../../../Documents/Unreal Projects/MyProject/Content/Character/HeroFPP_Skeleton.uasset
[2014.06.22-03.11.17:928][ 42]LogWorld: Game class is 'MyGame_C'
[2014.06.22-03.11.17:990][ 42]LogWorld: Bringing World /Game/Maps/UEDPIE_0_Example_Map.Example_Map up for play (max tick rate 0) at 2014.06.21-22.11.17
[2014.06.22-03.11.17:991][ 42]LogWorld: Bringing up level for play took: 0.006648
[2014.06.22-03.11.17:992][ 42]LogGameMode: RestartPlayer 256
[2014.06.22-03.11.17:993][ 42]LogPlayerController: ClientRestart_Implementation MyCharacter_C_0
[2014.06.22-03.11.17:994][ 42]LogPlayerController: ServerAcknowledgePossession_Implementation MyCharacter_C_0
[2014.06.22-03.11.18:000][ 42]PIE: Info Play in editor start time for /Game/Maps/UEDPIE_0_Example_Map -0.068
[2014.06.22-03.11.20:066][ 61]LogBlueprintUserMessages: 2
[2014.06.22-03.11.20:346][ 64]LogBlueprintUserMessages: 3
[2014.06.22-03.11.20:905][ 70]LogBlueprintUserMessages: 4
[2014.06.22-03.11.21:189][ 73]LogBlueprintUserMessages: 5
[2014.06.22-03.11.21:378][ 75]LogBlueprintUserMessages: 6
[2014.06.22-03.11.21:471][ 76]LogBlueprintUserMessages: 7
[2014.06.22-03.11.21:763][ 79]LogBlueprintUserMessages: 8
[2014.06.22-03.11.22:241][ 84]LogBlueprintUserMessages: 9
[2014.06.22-03.11.22:429][ 86]LogBlueprintUserMessages: 10
[2014.06.22-03.11.22:524][ 87]LogBlueprintUserMessages: 11
[2014.06.22-03.11.22:714][ 89]LogBlueprintUserMessages: 12
[2014.06.22-03.11.22:850][ 90]LogBlueprintUserMessages: 13
[2014.06.22-03.11.23:250][ 93]LogBlueprintUserMessages: 14
[2014.06.22-03.11.23:347][ 94]LogBlueprintUserMessages: 15
[2014.06.22-03.11.24:392][105]LogBlueprintUserMessages: 16
[2014.06.22-03.11.24:393][105]LogBlueprintUserMessages: 17
[2014.06.22-03.11.26:568][128]LogBlueprintUserMessages: 18
[2014.06.22-03.11.26:568][128]LogBlueprintUserMessages: 19
[2014.06.22-03.11.29:493][159]LogBlueprintUserMessages: 20
[2014.06.22-03.11.29:587][160]LogBlueprintUserMessages: 21
[2014.06.22-03.11.30:704][172]LogBlueprintUserMessages: 22
[2014.06.22-03.11.30:797][173]LogBlueprintUserMessages: 23
[2014.06.22-03.11.31:545][181]LogBlueprintUserMessages: 24
[2014.06.22-03.11.31:639][182]LogBlueprintUserMessages: 25
[2014.06.22-03.11.32:387][190]LogBlueprintUserMessages: 26
[2014.06.22-03.11.32:387][190]LogBlueprintUserMessages: 27
[2014.06.22-03.11.36:132][230]LogBlueprintUserMessages: 28
[2014.06.22-03.11.36:132][230]LogBlueprintUserMessages: 29
[2014.06.22-03.11.37:555][245]LogBlueprintUserMessages: 30
[2014.06.22-03.11.37:555][245]LogBlueprintUserMessages: 31
[2014.06.22-03.11.38:601][256]LogBlueprintUserMessages: 32
[2014.06.22-03.11.38:695][257]LogBlueprintUserMessages: 33
[2014.06.22-03.11.39:551][266]LogBlueprintUserMessages: 34
[2014.06.22-03.11.39:645][267]LogBlueprintUserMessages: 35
[2014.06.22-03.11.40:403][275]LogBlueprintUserMessages: 36
[2014.06.22-03.11.40:403][275]LogBlueprintUserMessages: 37
[2014.06.22-03.11.41:069][282]LogBlueprintUserMessages: 38
[2014.06.22-03.11.41:164][283]LogBlueprintUserMessages: 39
[2014.06.22-03.11.41:354][285]LogBlueprintUserMessages: 40
[2014.06.22-03.11.41:449][286]LogBlueprintUserMessages: 41
[2014.06.22-03.11.41:544][287]LogBlueprintUserMessages: 42
[2014.06.22-03.11.41:734][289]LogBlueprintUserMessages: 43
[2014.06.22-03.11.41:831][290]LogBlueprintUserMessages: 44
[2014.06.22-03.11.41:926][291]LogBlueprintUserMessages: 45
[2014.06.22-03.11.42:022][292]LogBlueprintUserMessages: 46
[2014.06.22-03.11.42:119][293]LogBlueprintUserMessages: 47
[2014.06.22-03.11.42:214][294]LogBlueprintUserMessages: 48
[2014.06.22-03.11.42:408][296]LogBlueprintUserMessages: 49
[2014.06.22-03.11.42:408][296]LogBlueprintUserMessages: 50
[2014.06.22-03.11.42:601][298]LogBlueprintUserMessages: 51
[2014.06.22-03.11.42:697][299]LogBlueprintUserMessages: 52
[2014.06.22-03.11.42:793][300]LogBlueprintUserMessages: 53
[2014.06.22-03.11.42:891][301]LogBlueprintUserMessages: 54
[2014.06.22-03.11.43:082][303]LogBlueprintUserMessages: 55
[2014.06.22-03.11.43:277][305]LogBlueprintUserMessages: 56
[2014.06.22-03.11.43:373][306]LogBlueprintUserMessages: 57
[2014.06.22-03.11.44:299][316]LogBlueprintUserMessages: 58
[2014.06.22-03.11.44:299][316]LogBlueprintUserMessages: 59
[2014.06.22-03.11.44:471][318]LogBlueprintUserMessages: 60
[2014.06.22-03.11.44:558][319]LogBlueprintUserMessages: 61
[2014.06.22-03.11.44:644][320]LogBlueprintUserMessages: 62
[2014.06.22-03.11.44:819][322]LogBlueprintUserMessages: 63
[2014.06.22-03.11.44:994][324]LogBlueprintUserMessages: 64
[2014.06.22-03.11.44:995][324]LogBlueprintUserMessages: 65
[2014.06.22-03.11.45:261][327]LogBlueprintUserMessages: 66
[2014.06.22-03.11.45:436][329]LogBlueprintUserMessages: 67
[2014.06.22-03.11.45:436][329]LogBlueprintUserMessages: 68
[2014.06.22-03.11.45:613][331]LogBlueprintUserMessages: 69
[2014.06.22-03.11.45:702][332]LogBlueprintUserMessages: 70
[2014.06.22-03.11.45:790][333]LogBlueprintUserMessages: 71
[2014.06.22-03.11.45:967][335]LogBlueprintUserMessages: 72
[2014.06.22-03.11.45:967][335]LogBlueprintUserMessages: 73
[2014.06.22-03.11.46:144][337]LogBlueprintUserMessages: 74
[2014.06.22-03.11.46:144][337]LogBlueprintUserMessages: 75
[2014.06.22-03.11.46:325][339]LogBlueprintUserMessages: 76
[2014.06.22-03.11.46:415][340]LogBlueprintUserMessages: 77
[2014.06.22-03.11.46:507][341]LogBlueprintUserMessages: 78
[2014.06.22-03.11.46:686][343]LogBlueprintUserMessages: 79
[2014.06.22-03.11.46:867][345]LogBlueprintUserMessages: 80
[2014.06.22-03.11.46:867][345]LogBlueprintUserMessages: 81
[2014.06.22-03.11.47:049][347]LogBlueprintUserMessages: 82
[2014.06.22-03.11.47:049][347]LogBlueprintUserMessages: 83
[2014.06.22-03.11.47:231][349]LogBlueprintUserMessages: 84
[2014.06.22-03.11.47:231][349]LogBlueprintUserMessages: 85
[2014.06.22-03.11.47:409][351]LogBlueprintUserMessages: 86
[2014.06.22-03.11.47:590][353]LogBlueprintUserMessages: 87
[2014.06.22-03.11.47:772][355]LogBlueprintUserMessages: 88
[2014.06.22-03.11.47:862][356]LogBlueprintUserMessages: 89
[2014.06.22-03.11.47:951][357]LogBlueprintUserMessages: 90
[2014.06.22-03.11.48:041][358]LogBlueprintUserMessages: 91
[2014.06.22-03.11.48:222][360]LogBlueprintUserMessages: 92
[2014.06.22-03.11.48:312][361]LogBlueprintUserMessages: 93
[2014.06.22-03.11.48:404][362]LogBlueprintUserMessages: 94
[2014.06.22-03.11.48:493][363]LogBlueprintUserMessages: 95
[2014.06.22-03.11.48:583][364]LogBlueprintUserMessages: 96
[2014.06.22-03.11.48:674][365]LogBlueprintUserMessages: 97
[2014.06.22-03.11.48:764][366]LogBlueprintUserMessages: 98
[2014.06.22-03.11.48:854][367]LogBlueprintUserMessages: 99
[2014.06.22-03.11.48:944][368]LogBlueprintUserMessages: 100
[2014.06.22-03.11.49:034][369]LogBlueprintUserMessages: 101
[2014.06.22-03.11.49:123][370]LogBlueprintUserMessages: 102
[2014.06.22-03.11.49:302][372]LogBlueprintUserMessages: 103
[2014.06.22-03.11.49:483][374]LogBlueprintUserMessages: 104
[2014.06.22-03.11.49:574][375]LogBlueprintUserMessages: 105
[2014.06.22-03.11.49:756][377]LogBlueprintUserMessages: 106
[2014.06.22-03.11.49:935][379]LogBlueprintUserMessages: 107
[2014.06.22-03.11.54:104][425]LogActorComponent: UnregisterComponent: (/Engine/Transient.ProjectileMovementComponent_0) Not registered. Aborting.
[2014.06.22-03.11.54:104][425]LogActorComponent: UnregisterComponent: (/Engine/Transient.CharacterMovementComponent_0) Not registered. Aborting.
[2014.06.22-03.11.54:151][425]LogParticles: Destroying 0 GPU particle simulations for FXSystem 0x000000001D4416C0
[2014.06.22-03.16.30:036][888]LogActorComponent: UnregisterComponent: (/Engine/Transient.CharacterMovementComponent_1) Not registered. Aborting.
[2014.06.22-03.16.30:036][888]LogActorComponent: UnregisterComponent: (/Engine/Transient.ProjectileMovementComponent_1) Not registered. Aborting.
[2014.06.22-03.16.30:692][889]Cmd: QUIT_EDITOR
[2014.06.22-03.16.30:808][889]LogWindowsTextInputMethodSystem:Error: Terminating failed while unadvising the language notification sink from the TSF source.
[2014.06.22-03.16.30:808][889]LogExit: Preparing to exit.
[2014.06.22-03.16.31:621][889]LogExit: Editor shut down
[2014.06.22-03.16.31:621][889]LogExit: Transaction tracking system shut down
[2014.06.22-03.16.31:622][889]LogParticles: Destroying 0 GPU particle simulations for FXSystem 0x000000000B74E480
[2014.06.22-03.16.31:623][889]LogParticles: Destroying 0 GPU particle simulations for FXSystem 0x00000000168ED4E0
[2014.06.22-03.16.31:623][889]LogParticles: Destroying 0 GPU particle simulations for FXSystem 0x00000000169D60C0
[2014.06.22-03.16.31:654][889]LogExit: Object subsystem successfully closed.
[2014.06.22-03.16.31:679][889]LogModuleManager: Shutting down and abandoning module CrashTracker (145)
[2014.06.22-03.16.31:679][889]LogModuleManager: Shutting down and abandoning module HTTP (144)
[2014.06.22-03.16.31:679][889]LogModuleManager: Shutting down and abandoning module NewsFeed (143)
[2014.06.22-03.16.31:679][889]LogModuleManager: Shutting down and abandoning module SceneOutliner (142)
[2014.06.22-03.16.31:679][889]LogModuleManager: Shutting down and abandoning module EditorWidgets (141)
[2014.06.22-03.16.31:679][889]LogModuleManager: Shutting down and abandoning module CollectionManager (140)
[2014.06.22-03.16.31:679][889]LogModuleManager: Shutting down and abandoning module StatsViewer (139)
[2014.06.22-03.16.31:679][889]LogModuleManager: Shutting down and abandoning module FoliageEdit (138)
[2014.06.22-03.16.31:679][889]LogModuleManager: Shutting down and abandoning module LandscapeEditor (137)
[2014.06.22-03.16.31:683][889]LogModuleManager: Shutting down and abandoning module MeshPaint (136)
[2014.06.22-03.16.31:683][889]LogModuleManager: Shutting down and abandoning module GeometryMode (135)
[2014.06.22-03.16.31:683][889]LogModuleManager: Shutting down and abandoning module TextureAlignMode (134)
[2014.06.22-03.16.31:683][889]LogModuleManager: Shutting down and abandoning module BspMode (133)
[2014.06.22-03.16.31:683][889]LogModuleManager: Shutting down and abandoning module PlacementMode (132)
[2014.06.22-03.16.31:683][889]LogModuleManager: Shutting down and abandoning module AutomationWorker (131)
[2014.06.22-03.16.31:683][889]LogModuleManager: Shutting down and abandoning module ViewportSnapping (130)
[2014.06.22-03.16.31:683][889]LogModuleManager: Shutting down and abandoning module DeviceProfileEditor (129)
[2014.06.22-03.16.31:683][889]LogModuleManager: Shutting down and abandoning module UndoHistory (128)
[2014.06.22-03.16.31:683][889]LogModuleManager: Shutting down and abandoning module GameplayTagsEditor (127)
[2014.06.22-03.16.31:683][889]LogModuleManager: Shutting down and abandoning module UserFeedback (126)
[2014.06.22-03.16.31:683][889]LogModuleManager: Shutting down and abandoning module XmlParser (125)
[2014.06.22-03.16.31:684][889]LogModuleManager: Shutting down and abandoning module OnlineBlueprintSupport (124)
[2014.06.22-03.16.31:684][889]LogModuleManager: Shutting down and abandoning module Blutility (123)
[2014.06.22-03.16.31:684][889]LogModuleManager: Shutting down and abandoning module IOSPlatformEditor (122)
[2014.06.22-03.16.31:684][889]LogModuleManager: Shutting down and abandoning module IOSRuntimeSettings (121)
[2014.06.22-03.16.31:684][889]LogModuleManager: Shutting down and abandoning module ProjectSettingsViewer (118)
[2014.06.22-03.16.31:684][889]LogModuleManager: Shutting down and abandoning module InputBindingEditor (117)
[2014.06.22-03.16.31:684][889]LogModuleManager: Shutting down and abandoning module EditorSettingsViewer (116)
[2014.06.22-03.16.31:684][889]LogModuleManager: Shutting down and abandoning module SettingsEditor (115)
[2014.06.22-03.16.31:684][889]LogModuleManager: Shutting down and abandoning module SessionLauncher (114)
[2014.06.22-03.16.31:684][889]LogModuleManager: Shutting down and abandoning module SessionFrontend (113)
[2014.06.22-03.16.31:684][889]LogModuleManager: Shutting down and abandoning module ProfilerClient (112)
[2014.06.22-03.16.31:684][889]LogModuleManager: Shutting down and abandoning module TargetDeviceServices (111)
[2014.06.22-03.16.31:684][889]LogModuleManager: Shutting down and abandoning module DeviceManager (110)
[2014.06.22-03.16.31:684][889]LogModuleManager: Shutting down and abandoning module AutomationController (109)
[2014.06.22-03.16.31:684][889]LogModuleManager: Shutting down and abandoning module AutomationWindow (108)
[2014.06.22-03.16.31:684][889]LogModuleManager: Shutting down and abandoning module Layers (107)
[2014.06.22-03.16.31:684][889]LogModuleManager: Shutting down and abandoning module ComponentVisualizers (106)
[2014.06.22-03.16.31:684][889]LogModuleManager: Shutting down and abandoning module DetailCustomizations (105)
[2014.06.22-03.16.31:684][889]LogModuleManager: Shutting down and abandoning module PackagesDialog (104)
[2014.06.22-03.16.31:684][889]LogModuleManager: Shutting down and abandoning module PropertyEditor (103)
[2014.06.22-03.16.31:684][889]LogModuleManager: Shutting down and abandoning module DirectoryWatcher (102)
[2014.06.22-03.16.31:684][889]LogModuleManager: Shutting down and abandoning module AssetRegistry (101)
[2014.06.22-03.16.31:782][889]LogModuleManager: Shutting down and abandoning module Persona (100)
[2014.06.22-03.16.31:782][889]LogModuleManager: Shutting down and abandoning module GraphEditor (99)
[2014.06.22-03.16.31:782][889]LogModuleManager: Shutting down and abandoning module ContentBrowser (98)
[2014.06.22-03.16.31:782][889]LogModuleManager: Shutting down and abandoning module ClassViewer (97)
[2014.06.22-03.16.31:782][889]LogModuleManager: Shutting down and abandoning module Toolbox (96)
[2014.06.22-03.16.31:782][889]LogModuleManager: Shutting down and abandoning module ModuleUI (95)
[2014.06.22-03.16.31:782][889]LogModuleManager: Shutting down and abandoning module Sequencer (94)
[2014.06.22-03.16.31:782][889]LogModuleManager: Shutting down and abandoning module AssetTools (93)
[2014.06.22-03.16.31:782][889]LogModuleManager: Shutting down and abandoning module MovieSceneTools (92)
[2014.06.22-03.16.31:782][889]LogModuleManager: Shutting down and abandoning module OutputLog (91)
[2014.06.22-03.16.31:782][889]LogModuleManager: Shutting down and abandoning module GammaUI (90)
[2014.06.22-03.16.31:782][889]LogModuleManager: Shutting down and abandoning module Documentation (89)
[2014.06.22-03.16.31:782][889]LogModuleManager: Shutting down and abandoning module DesktopPlatform (88)
[2014.06.22-03.16.31:782][889]LogModuleManager: Shutting down and abandoning module ProfilerService (87)
[2014.06.22-03.16.31:853][889]LogModuleManager: Shutting down and abandoning module TaskGraph (86)
[2014.06.22-03.16.31:853][889]LogModuleManager: Shutting down and abandoning module GameProjectGeneration (85)
[2014.06.22-03.16.31:853][889]LogModuleManager: Shutting down and abandoning module Matinee (84)
[2014.06.22-03.16.31:853][889]LogModuleManager: Shutting down and abandoning module Kismet (83)
[2014.06.22-03.16.31:853][889]LogModuleManager: Shutting down and abandoning module LevelEditor (82)
[2014.06.22-03.16.31:854][889]LogModuleManager: Shutting down and abandoning module MainFrame (81)
[2014.06.22-03.16.31:854][889]LogModuleManager: Shutting down and abandoning module SourceControl (80)
[2014.06.22-03.16.31:855][889]LogModuleManager: Shutting down and abandoning module ImageWrapper (79)
[2014.06.22-03.16.31:855][889]LogModuleManager: Shutting down and abandoning module FunctionalTesting (78)
[2014.06.22-03.16.31:855][889]LogModuleManager: Shutting down and abandoning module CollisionAnalyzer (77)
[2014.06.22-03.16.31:855][889]LogModuleManager: Shutting down and abandoning module WorkspaceMenuStructure (76)
[2014.06.22-03.16.31:855][889]LogModuleManager: Shutting down and abandoning module MessageLog (75)
[2014.06.22-03.16.31:855][889]LogModuleManager: Shutting down and abandoning module Slate (74)
[2014.06.22-03.16.31:855][889]LogModuleManager: Shutting down and abandoning module EditorStyle (73)
[2014.06.22-03.16.31:858][889]LogModuleManager: Shutting down and abandoning module SessionServices (72)
[2014.06.22-03.16.31:858][889]LogModuleManager: Shutting down and abandoning module VSAccessor (71)
[2014.06.22-03.16.31:858][889]LogModuleManager: Shutting down and abandoning module HeadMountedDisplay (70)
[2014.06.22-03.16.31:858][889]LogModuleManager: Shutting down and abandoning module XAudio2 (69)
[2014.06.22-03.16.31:858][889]LogModuleManager: Shutting down and abandoning module Networking (68)
[2014.06.22-03.16.31:858][889]LogModuleManager: Shutting down and abandoning module Core (67)
[2014.06.22-03.16.31:858][889]LogModuleManager: Shutting down and abandoning module KismetCompiler (66)
[2014.06.22-03.16.31:858][889]LogModuleManager: Shutting down and abandoning module PhysXFormats (65)
[2014.06.22-03.16.31:858][889]LogModuleManager: Shutting down and abandoning module MeshUtilities (64)
[2014.06.22-03.16.31:858][889]LogModuleManager: Shutting down and abandoning module DerivedDataCache (63)
[2014.06.22-03.16.31:953][889]LogDerivedDataCache: Shutdown
[2014.06.22-03.16.31:953][889]LogModuleManager: Shutting down and abandoning module ShaderFormatOpenGL (62)
[2014.06.22-03.16.31:953][889]LogModuleManager: Shutting down and abandoning module ShaderFormatD3D (61)
[2014.06.22-03.16.31:953][889]LogModuleManager: Shutting down and abandoning module TextureFormatUncompressed (60)
[2014.06.22-03.16.31:953][889]LogModuleManager: Shutting down and abandoning module TextureFormatPVR (59)
[2014.06.22-03.16.31:953][889]LogModuleManager: Shutting down and abandoning module TextureFormatDXT (58)
[2014.06.22-03.16.31:953][889]LogModuleManager: Shutting down and abandoning module AudioFormatOgg (57)
[2014.06.22-03.16.31:953][889]LogModuleManager: Shutting down and abandoning module AudioFormatADPCM (56)
[2014.06.22-03.16.31:953][889]LogModuleManager: Shutting down and abandoning module Messaging (55)
[2014.06.22-03.16.31:953][889]LogModuleManager: Shutting down and abandoning module IOSTargetPlatform (54)
[2014.06.22-03.16.31:953][889]LogModuleManager: Shutting down and abandoning module WindowsTargetPlatform (53)
[2014.06.22-03.16.31:953][889]LogModuleManager: Shutting down and abandoning module WindowsServerTargetPlatform (52)
[2014.06.22-03.16.31:953][889]LogModuleManager: Shutting down and abandoning module WindowsNoEditorTargetPlatform (51)
[2014.06.22-03.16.31:953][889]LogModuleManager: Shutting down and abandoning module WindowsClientTargetPlatform (50)
[2014.06.22-03.16.31:953][889]LogModuleManager: Shutting down and abandoning module TargetPlatform (49)
[2014.06.22-03.16.31:953][889]LogModuleManager: Shutting down and abandoning module InputCore (47)
[2014.06.22-03.16.31:953][889]LogModuleManager: Shutting down and abandoning module Settings (46)
[2014.06.22-03.16.31:954][889]LogModuleManager: Shutting down and abandoning module TextureCompressor (43)
[2014.06.22-03.16.31:954][889]LogModuleManager: Shutting down and abandoning module ShaderCore (42)
[2014.06.22-03.16.31:954][889]LogModuleManager: Shutting down and abandoning module OpenGLDrv (41)
[2014.06.22-03.16.31:954][889]LogModuleManager: Shutting down and abandoning module D3D11RHI (40)
[2014.06.22-03.16.31:954][889]LogModuleManager: Shutting down and abandoning module SlateRHIRenderer (39)
[2014.06.22-03.16.31:954][889]LogModuleManager: Shutting down and abandoning module Renderer (38)
[2014.06.22-03.16.31:954][889]LogModuleManager: Shutting down and abandoning module Engine (37)
[2014.06.22-03.16.31:954][889]LogModuleManager: Shutting down and abandoning module WindowsMoviePlayer (36)
[2014.06.22-03.16.31:957][889]LogModuleManager: Shutting down and abandoning module ExampleDeviceProfileSelector (31)
[2014.06.22-03.16.31:957][889]LogModuleManager: Shutting down and abandoning module CustomMeshComponent (30)
[2014.06.22-03.16.31:957][889]LogModuleManager: Shutting down and abandoning module CableComponent (29)
[2014.06.22-03.16.31:957][889]LogModuleManager: Shutting down and abandoning module OculusRift (26)
[2014.06.22-03.16.31:957][889]LogModuleManager: Shutting down and abandoning module UdpMessaging (25)
[2014.06.22-03.16.32:057][889]LogModuleManager: Shutting down and abandoning module MessagingDebugger (24)
[2014.06.22-03.16.32:057][889]LogModuleManager: Shutting down and abandoning module PluginsEditor (12)
[2014.06.22-03.16.32:057][889]LogModuleManager: Shutting down and abandoning module IntroTutorials (11)
[2014.06.22-03.16.32:057][889]LogModuleManager: Shutting down and abandoning module EpicSurvey (10)
[2014.06.22-03.16.32:057][889]LogModuleManager: Shutting down and abandoning module UObjectPlugin (9)
[2014.06.22-03.16.32:057][889]LogModuleManager: Shutting down and abandoning module SubversionSourceControl (8)
[2014.06.22-03.16.32:057][889]LogModuleManager: Shutting down and abandoning module PerforceSourceControl (7)
[2014.06.22-03.16.32:057][889]LogModuleManager: Shutting down and abandoning module BlankPlugin (6)
[2014.06.22-03.16.32:057][889]LogModuleManager: Shutting down and abandoning module CoreUObject (5)
[2014.06.22-03.16.32:057][889]LogModuleManager: Shutting down and abandoning module NetworkFile (4)
[2014.06.22-03.16.32:057][889]LogModuleManager: Shutting down and abandoning module StreamingFile (3)
[2014.06.22-03.16.32:057][889]LogModuleManager: Shutting down and abandoning module SandboxFile (2)
[2014.06.22-03.16.32:057][889]LogModuleManager: Shutting down and abandoning module PakFile (1)
[2014.06.22-03.16.32:058][889]LogExit: Exiting.
[2014.06.22-03.16.32:060][889]Log file closed, 06/21/14 22:16:32
