Log file open, 06/23/14 13:24:58
LogInit:Display: Running engine for game: MyProject
LogInit: Version: 4.1.1-0+UE4
LogInit: Compiled (64-bit): Jun 11 2014 19:11:31
LogInit: Build Configuration: Development
LogInit: Branch Name: UE4
LogInit: Command line: 
LogInit: Base directory: D:/UnrealEngine-4.1/Engine/Binaries/Win64/
LogInit: Rocket: 0
[2014.06.23-18.24.58:582][  0]LogTaskGraph: Started task graph with 3 named threads and 4 total threads.
[2014.06.23-18.24.58:607][  0]LogOnline:Warning: No default platform service specified for OnlineSubsystem
[2014.06.23-18.24.58:612][  0]LogInit: Presizing for 0 objects not considered by GC, pre-allocating 0 bytes.
[2014.06.23-18.24.58:619][  0]LogInit: Object subsystem initialized
[2014.06.23-18.24.58:621][  0]LogInit: Selected Device Profile: [Windows]
[2014.06.23-18.24.58:621][  0]LogInit: Applying CVar settings loaded from the selected device profile: [Windows]
[2014.06.23-18.24.58:649][  0]LogInit: Computer: C-1C3E84FD524D
[2014.06.23-18.24.58:649][  0]LogInit: User: student
[2014.06.23-18.24.58:651][  0]LogInit: CPU Page size=4096, Cores=2
[2014.06.23-18.24.58:651][  0]LogInit: High frequency timer resolution =2.435927 MHz
[2014.06.23-18.24.58:651][  0]LogMemory: Memory total: Physical=3.9GB (4GB approx) Virtual=8192.0GB
[2014.06.23-18.24.58:651][  0]LogMemory: Platform Memory Stats for Windows
[2014.06.23-18.24.58:651][  0]LogMemory: Process Physical Memory: 67.77 MB used, 67.77 MB peak
[2014.06.23-18.24.58:651][  0]LogMemory: Process Virtual Memory: 45.27 MB used, 45.27 MB peak
[2014.06.23-18.24.58:651][  0]LogMemory: Physical Memory: 2710.16 MB used, 4027.56 MB total
[2014.06.23-18.24.58:651][  0]LogMemory: Virtual Memory: 251.29 MB used, 8388608.00 MB total
[2014.06.23-18.24.58:681][  0]LogD3D11RHI: Found D3D11 adapter 0: AMD Radeon HD 7570M (Feature Level 11_0)
[2014.06.23-18.24.58:681][  0]LogD3D11RHI: Adapter has 1007MB of dedicated video memory, 0MB of dedicated system memory, and 1757MB of shared system memory, 1 output[s]
[2014.06.23-18.24.58:681][  0]LogD3D11RHI: Chosen D3D11 Adapter Id = 0
[2014.06.23-18.24.58:686][  0]LogRHI: Texture pool is 705 MB (70% of 1007 MB)
[2014.06.23-18.24.58:699][  0]LogD3D11RHI: Async texture creation disabled: no driver support
[2014.06.23-18.24.58:740][  0]LogInit:Warning: We appear to have no tool tip localization data? Editor can't run.
[2014.06.23-18.24.58:740][  0]LogInit:Warning: We appear to have no property name localization data? Editor can't run.
[2014.06.23-18.24.58:762][  0]LogTextLocalizationManager:Warning: Loading localization resources contain conflicting entries for (Namespace:UICommands, Key:ToggleRealtime_ToolTip):
Resource: (D:/UnrealEngine-4.1/Engine/Content/Localization/Editor/en/Editor.locres) Hash: (-291638278) String: (Toggle Realtime)
Resource: (D:/UnrealEngine-4.1/Engine/Content/Localization/Editor/en/Editor.locres) Hash: (-1913389001) String: (Toggles real time rendering in this viewport)
[2014.06.23-18.24.58:783][  0]LogContentStreaming: Texture pool size is 0.000000MB
[2014.06.23-18.24.58:803][  0]LogInit: WinSock: version 1.1 (2.2), MaxSocks=32767, MaxUdp=65467
[2014.06.23-18.24.59:405][  0]LogTargetPlatformManager:Display: Building Assets For Windows
[2014.06.23-18.24.59:465][  0]LogTargetPlatformManager:Display: Building Assets For Windows
[2014.06.23-18.24.59:492][  0]LogDerivedDataCache:Display: Max Cache Size: 512 MB
[2014.06.23-18.25.00:320][  0]LogDerivedDataCache: Loaded boot cache 0.83s 38MB ../../../../Student Data/Documents/GitHub/JuneGameJam/GameJam/DerivedDataCache/Boot.ddc.
[2014.06.23-18.25.00:320][  0]LogDerivedDataCache:Display: Loaded Boot cache: ../../../../Student Data/Documents/GitHub/JuneGameJam/GameJam/DerivedDataCache/Boot.ddc
[2014.06.23-18.25.00:320][  0]LogDerivedDataCache: FDerivedDataBackendGraph:  Pak pak cache file ../../../../Student Data/Documents/GitHub/JuneGameJam/GameJam/DerivedDataCache/DDC.ddp not found, will not use a pak cache.
[2014.06.23-18.25.00:320][  0]LogDerivedDataCache: Unable to find inner node Pak for hierarchical cache Hierarchy.
[2014.06.23-18.25.00:320][  0]LogDerivedDataCache: FDerivedDataBackendGraph:  EnginePak pak cache file ../../../Engine/DerivedDataCache/DDC.ddp not found, will not use a pak cache.
[2014.06.23-18.25.00:320][  0]LogDerivedDataCache: Unable to find inner node EnginePak for hierarchical cache Hierarchy.
[2014.06.23-18.25.00:331][  0]LogDerivedDataCache: Using Local data cache path ../../../Engine/DerivedDataCache: Writable
[2014.06.23-18.25.00:331][  0]LogDerivedDataCache: Shared data cache path not found in *engine.ini, will not use an Shared cache.
[2014.06.23-18.25.00:331][  0]LogDerivedDataCache: Unable to find inner node Shared for hierarchical cache Hierarchy.
[2014.06.23-18.25.00:470][  0]LogMeshUtilities: No automatic mesh reduction module available
[2014.06.23-18.25.00:470][  0]LogMeshUtilities: No automatic mesh merging module available
[2014.06.23-18.25.00:714][  0]LogEnum:Warning: Enum Text 1 for Enum ECustomDepth failed to resolve to any value
[2014.06.23-18.25.00:714][  0]LogEnum:Warning: Enum Text 3 for Enum EEarlyZPass failed to resolve to any value
[2014.06.23-18.25.00:714][  0]LogEnum:Warning: Enum Text 1 for Enum EClearSceneOptions failed to resolve to any value
[2014.06.23-18.25.00:714][  0]LogEnum:Warning: Enum Text 4 for Enum ECompositingSampleCount failed to resolve to any value
[2014.06.23-18.25.01:324][  0]UdpMessaging: Initializing bridge on interface 0.0.0.0:0 to multicast group 230.0.0.1:6666.
[2014.06.23-18.25.01:392][  0]SourceControl: Info Source control is disabled
[2014.06.23-18.25.01:392][  0]SourceControl: Info Source control is disabled
[2014.06.23-18.25.01:396][  0]SourceControl: Info Source control is disabled
[2014.06.23-18.25.01:462][  0]BlueprintLog: New page: Editor Load
[2014.06.23-18.25.01:489][  0]LogObj: 18600 objects as part of root set at end of initial load.
[2014.06.23-18.25.01:489][  0]LogUObjectAllocator: 3704160 out of 0 bytes used by permanent object pool.
[2014.06.23-18.25.01:697][  0]LogAutomationTest:Warning: Loading localization resources contain conflicting entries for (Namespace:UICommands, Key:ToggleRealtime_ToolTip):
Resource: (D:/UnrealEngine-4.1/Engine/Content/Localization/Editor/en/Editor.locres) Hash: (-291638278) String: (Toggle Realtime)
Resource: (D:/UnrealEngine-4.1/Engine/Content/Localization/Editor/en/Editor.locres) Hash: (-1913389001) String: (Toggles real time rendering in this viewport)
[2014.06.23-18.25.01:697][  0]LogAutomationTest:Warning: Loading localization resources contain conflicting entries for (Namespace:UICommands, Key:ToggleRealtime_ToolTip):
Resource: (D:/UnrealEngine-4.1/Engine/Content/Localization/Editor/en/Editor.locres) Hash: (-291638278) String: (Toggle Realtime)
Resource: (D:/UnrealEngine-4.1/Engine/Content/Localization/Editor/en/Editor.locres) Hash: (-1913389001) String: (Toggles real time rendering in this viewport)
[2014.06.23-18.25.01:697][  0]LogAutomationTest:Warning: Loading localization resources contain conflicting entries for (Namespace:UICommands, Key:ToggleRealtime_ToolTip):
Resource: (D:/UnrealEngine-4.1/Engine/Content/Localization/Editor/en/Editor.locres) Hash: (-291638278) String: (Toggle Realtime)
Resource: (D:/UnrealEngine-4.1/Engine/Content/Localization/Editor/en/Editor.locres) Hash: (-1913389001) String: (Toggles real time rendering in this viewport)
[2014.06.23-18.25.01:697][  0]LogEngine: Initializing Engine...
[2014.06.23-18.25.01:807][  0]LogInit: XAudio2 using 'Speakers / HP (IDT High Definition Audio CODEC)' : 2 channels at 48 kHz using 16 bits per sample (channel mask 0x3)
[2014.06.23-18.25.01:898][  0]LogInit: FAudioDevice initialized.
[2014.06.23-18.25.01:940][  0]LogDerivedDataCache: Saved boot cache 0.04s 38MB ../../../../Student Data/Documents/GitHub/JuneGameJam/GameJam/DerivedDataCache/Boot.ddc.
[2014.06.23-18.25.01:945][  0]LogInit: Texture streaming: Enabled
[2014.06.23-18.25.01:968][  0]LogInit: Transaction tracking system initialized
[2014.06.23-18.25.02:044][  0]LogAssetRegistry: FAssetRegistry took 0.0099 seconds to start up
[2014.06.23-18.25.02:146][  0]LogModuleManager:Warning: ModuleManager: Unable to load module '' because the file was not found.
[2014.06.23-18.25.02:150][  0]LogModuleManager:Warning: ModuleManager: Unable to load module '' because the file was not found.
[2014.06.23-18.25.02:206][  0]LogConsoleResponse:Display: 
[2014.06.23-18.25.02:391][  0]SourceControl: Info Source control is disabled
[2014.06.23-18.25.02:391][  0]Cmd: MAP LOAD FILE="../../../../Student Data/Documents/GitHub/JuneGameJam/GameJam/Content/Maps/Example_Map.umap" TEMPLATE=0 SHOWPROGRESS=1 WORLDCOMPOSITION=0
[2014.06.23-18.25.02:458][  0]LightingResults: New page: Lighting Build
[2014.06.23-18.25.02:463][  0]MapCheck: New page: Map Check
[2014.06.23-18.25.02:463][  0]LightingResults: New page: Lighting Build
[2014.06.23-18.25.02:478][  0]LogParticles: Destroying 0 GPU particle simulations for FXSystem 0x00000000136B14E0
[2014.06.23-18.25.06:339][  0]LogEditorServer: Finished looking for orphan Actors (0.000 secs)
[2014.06.23-18.25.06:353][  0]Cmd: MAP CHECKDEP
[2014.06.23-18.25.06:353][  0]MapCheck: New page: Example_Map - Jun 23, 2014, 8:25:06 AM
[2014.06.23-18.25.06:383][  0]MapCheck: Info ========== Map Check: 0 Error(s), 0 Warning(s), [29.106ms] ==========
[2014.06.23-18.25.06:383][  0]LogFileHelpers: Loading map 'Example_Map' took 3.992
[2014.06.23-18.25.07:241][  0]LogCollectionManager: Loaded 0 collections in 0.001035 seconds
[2014.06.23-18.25.09:990][  0]LogInit: Using libcurl 7.34.0
[2014.06.23-18.25.09:990][  0]LogInit:  - built for x86_64-pc-win32
[2014.06.23-18.25.09:991][  0]LogInit:  - supports SSL with WinSSL
[2014.06.23-18.25.09:991][  0]LogInit:  - other features:
[2014.06.23-18.25.09:991][  0]LogInit:      CURL_VERSION_SSL
[2014.06.23-18.25.09:991][  0]LogInit:      CURL_VERSION_ASYNCHDNS
[2014.06.23-18.25.09:991][  0]LogInit:      CURL_VERSION_LARGEFILE
[2014.06.23-18.25.09:991][  0]LogInit:      CURL_VERSION_IDN
[2014.06.23-18.25.09:992][  0]LogInit: Libcurl will NOT reuse connections
[2014.06.23-18.25.11:080][  0]LogCrashTracker: Crashtracker disabled due to settings.
[2014.06.23-18.25.11:147][  0]Cmd: MODE PLACEMENT
[2014.06.23-18.25.11:672][  0]LogLoad: Full Startup: 14.69 seconds (BP compile: 0.09 seconds)
[2014.06.23-18.25.11:683][  0]LogContentBrowser:Verbose: The content browser source was changed by the sources view to '/Game/Blueprints'
[2014.06.23-18.25.21:604][  0]LogRenderer:Warning: Reallocating scene render targets to support 944x720.
[2014.06.23-18.25.22:336][  1]LogEpicStorage:Warning: EnumerateFiles request failed. Invalid response. code=403 error=<?xml version="1.0" encoding="UTF-8"?>
<Error><Code>AccessDenied</Code><Message>Access Denied</Message><RequestId>1290AC376FDC59E5</RequestId><HostId>Yysas48Ds4yBZ0Y2UvvjFRehqNC/MSxpXInn4GVIdvjvKkq3MOV5qn8AZ8ZDmJEq</HostId></Error>
[2014.06.23-18.25.22:454][  2]LogEpicSurvey:Warning: EnumerateFiles request failed. Invalid response. code=403 error=<?xml version="1.0" encoding="UTF-8"?>
<Error><Code>AccessDenied</Code><Message>Access Denied</Message><RequestId>2B6EEB53DAE8A8D7</RequestId><HostId>4D+Qb72cZ/I8x3ncBPuLXr5pUVdDrMB81+QZdXqtJXlmsRs7nj+fU+cr5MNohWEp</HostId></Error>
[2014.06.23-18.25.22:519][  3]LogEpicStorage:Warning: EnumerateFiles request failed. Invalid response. code=403 error=<?xml version="1.0" encoding="UTF-8"?>
<Error><Code>AccessDenied</Code><Message>Access Denied</Message><RequestId>AC04992629E02653</RequestId><HostId>eDlynlcJH9CwEdSGN5Ce3jC7j+0nMyugmN03j8CpgemSTz4V9PmcZ0dVAMe6iO/d</HostId></Error>
[2014.06.23-18.25.22:554][  4]LogEpicSurvey:Warning: EnumerateFiles request failed. Invalid response. code=403 error=<?xml version="1.0" encoding="UTF-8"?>
<Error><Code>AccessDenied</Code><Message>Access Denied</Message><RequestId>25B2D6AD36B0F480</RequestId><HostId>ahm9uWOyIwGevS/9n8O7fF/g0tkjbux4AExXH0IKXqEFVEsHqUm/VPfcA7jHBcwL</HostId></Error>
[2014.06.23-18.25.22:859][  6]LogEpicSurvey:Warning: EnumerateFiles request failed. Invalid response. code=403 error=<?xml version="1.0" encoding="UTF-8"?>
<Error><Code>AccessDenied</Code><Message>Access Denied</Message><RequestId>C49D061BC6CD7C67</RequestId><HostId>QKbIOS+c48PeJtkgDK9XkXabZhby5tMH12T/A8dfGm6WNxd8T/jgwp77gmwP5Bk/</HostId></Error>
[2014.06.23-18.25.23:290][  8]LogEpicStorage:Warning: ReadFile request failed. File request already pending for filename=http://cdn.unrealengine.com/newsfeed/blueprint_icon_b.png
[2014.06.23-18.25.23:413][  8]LogEpicStorage:Warning: ReadFile request failed. File request already pending for filename=http://cdn.unrealengine.com/newsfeed/blueprint_icon_b.png
[2014.06.23-18.25.24:874][ 33]LogAssetRegistry: Asset discovery search completed in 22.8402 seconds
[2014.06.23-18.26.29:010][ 42]LogPlayLevel: PIE:  No blueprints needed recompiling
[2014.06.23-18.26.29:019][ 42]PIE: New page: PIE session: Example_Map (Jun 23, 2014, 8:26:29 AM)
[2014.06.23-18.26.29:060][ 42]LogPlayLevel: PIE: StaticDuplicateObject took: (0.040771s)
[2014.06.23-18.26.29:061][ 42]LogPlayLevel: PIE: World Init took: (0.000629s)
[2014.06.23-18.26.29:061][ 42]LogPlayLevel: PIE: Created PIE world by copying editor world from /Game/Maps/Example_Map.Example_Map to /Game/Maps/UEDPIE_0_Example_Map.Example_Map (0.041604s)
[2014.06.23-18.26.29:192][ 42]LogLinker:Warning: CreateExport: Failed to load Super for Function /Game/Character/HeroFPP_AnimBlueprint.HeroFPP_AnimBlueprint_C:KismetUpdateAnimation; removing super information, but keeping function
[2014.06.23-18.26.29:424][ 42]LogClass:Warning: Type mismatch in PreviewSkeletalMesh of Skeleton - Previous (ObjectProperty) Current(AssetObjectProperty) for package:  ../../../../Student Data/Documents/GitHub/JuneGameJam/GameJam/Content/Character/HeroFPP_Skeleton.uasset
[2014.06.23-18.26.29:526][ 42]LogWorld: Game class is 'MyGame_C'
[2014.06.23-18.26.29:582][ 42]LogWorld: Bringing World /Game/Maps/UEDPIE_0_Example_Map.Example_Map up for play (max tick rate 0) at 2014.06.23-13.26.29
[2014.06.23-18.26.29:591][ 42]LogWorld: Bringing up level for play took: 0.012536
[2014.06.23-18.26.29:616][ 42]LogGameMode: RestartPlayer 256
[2014.06.23-18.26.29:687][ 42]LogPlayerController: ClientRestart_Implementation MyCharacter_C_0
[2014.06.23-18.26.29:687][ 42]LogPlayerController: ServerAcknowledgePossession_Implementation MyCharacter_C_0
[2014.06.23-18.26.29:765][ 42]PIE: Info Play in editor start time for /Game/Maps/UEDPIE_0_Example_Map 0.75
[2014.06.23-18.26.49:542][425]LogBlueprintUserMessages: 2
[2014.06.23-18.26.50:492][443]LogBlueprintUserMessages: 3
[2014.06.23-18.26.51:481][462]LogBlueprintUserMessages: 4
[2014.06.23-18.26.51:794][468]LogBlueprintUserMessages: 5
[2014.06.23-18.26.52:003][472]LogBlueprintUserMessages: 6
[2014.06.23-18.26.52:264][477]LogBlueprintUserMessages: 7
[2014.06.23-18.26.54:867][527]LogBlueprintUserMessages: 8
[2014.06.23-18.26.55:815][545]LogBlueprintUserMessages: 9
[2014.06.23-18.26.56:231][553]LogBlueprintUserMessages: 10
[2014.06.23-18.26.56:594][560]LogBlueprintUserMessages: 11
[2014.06.23-18.26.56:905][566]LogBlueprintUserMessages: 12
[2014.06.23-18.26.57:944][586]LogBlueprintUserMessages: 13
[2014.06.23-18.26.59:266][612]LogBlueprintUserMessages: 14
[2014.06.23-18.26.59:674][620]LogBlueprintUserMessages: 15
[2014.06.23-18.26.59:878][624]LogBlueprintUserMessages: 16
[2014.06.23-18.27.00:133][629]LogBlueprintUserMessages: 17
[2014.06.23-18.27.01:774][663]LogBlueprintUserMessages: 18
[2014.06.23-18.27.02:482][681]LogBlueprintUserMessages: 19
[2014.06.23-18.27.05:331][746]LogBlueprintUserMessages: 20
[2014.06.23-18.27.07:226][785]LogBlueprintUserMessages: 21
[2014.06.23-18.27.07:530][791]LogBlueprintUserMessages: 22
[2014.06.23-18.27.07:835][797]LogBlueprintUserMessages: 23
[2014.06.23-18.27.08:943][819]LogBlueprintUserMessages: 24
[2014.06.23-18.27.12:596][892]LogActorComponent: UnregisterComponent: (/Engine/Transient.ProjectileMovementComponent_0) Not registered. Aborting.
[2014.06.23-18.27.12:596][892]LogActorComponent: UnregisterComponent: (/Engine/Transient.CharacterMovementComponent_0) Not registered. Aborting.
[2014.06.23-18.27.13:002][892]LogParticles: Destroying 0 GPU particle simulations for FXSystem 0x0000000021F4AC00
[2014.06.23-18.27.13:107][893]Cmd: QUIT_EDITOR
[2014.06.23-18.27.13:162][893]LogWindowsTextInputMethodSystem:Error: Terminating failed while unadvising the language notification sink from the TSF source.
[2014.06.23-18.27.13:163][893]LogExit: Preparing to exit.
[2014.06.23-18.27.13:366][893]LogExit: Editor shut down
[2014.06.23-18.27.13:366][893]LogExit: Transaction tracking system shut down
[2014.06.23-18.27.13:367][893]LogParticles: Destroying 0 GPU particle simulations for FXSystem 0x000000000B83E480
[2014.06.23-18.27.13:368][893]LogParticles: Destroying 0 GPU particle simulations for FXSystem 0x00000000168893A0
[2014.06.23-18.27.13:386][893]LogParticles: Destroying 0 GPU particle simulations for FXSystem 0x000000001D39BC40
[2014.06.23-18.27.13:386][893]LogExit: Object subsystem successfully closed.
[2014.06.23-18.27.13:408][893]LogModuleManager: Shutting down and abandoning module CrashTracker (145)
[2014.06.23-18.27.13:408][893]LogModuleManager: Shutting down and abandoning module HTTP (144)
[2014.06.23-18.27.13:431][893]LogModuleManager: Shutting down and abandoning module NewsFeed (143)
[2014.06.23-18.27.13:431][893]LogModuleManager: Shutting down and abandoning module SceneOutliner (142)
[2014.06.23-18.27.13:431][893]LogModuleManager: Shutting down and abandoning module EditorWidgets (141)
[2014.06.23-18.27.13:431][893]LogModuleManager: Shutting down and abandoning module CollectionManager (140)
[2014.06.23-18.27.13:444][893]LogModuleManager: Shutting down and abandoning module StatsViewer (139)
[2014.06.23-18.27.13:444][893]LogModuleManager: Shutting down and abandoning module FoliageEdit (138)
[2014.06.23-18.27.13:444][893]LogModuleManager: Shutting down and abandoning module LandscapeEditor (137)
[2014.06.23-18.27.13:447][893]LogModuleManager: Shutting down and abandoning module MeshPaint (136)
[2014.06.23-18.27.13:448][893]LogModuleManager: Shutting down and abandoning module GeometryMode (135)
[2014.06.23-18.27.13:448][893]LogModuleManager: Shutting down and abandoning module TextureAlignMode (134)
[2014.06.23-18.27.13:448][893]LogModuleManager: Shutting down and abandoning module BspMode (133)
[2014.06.23-18.27.13:448][893]LogModuleManager: Shutting down and abandoning module PlacementMode (132)
[2014.06.23-18.27.13:448][893]LogModuleManager: Shutting down and abandoning module AutomationWorker (131)
[2014.06.23-18.27.13:448][893]LogModuleManager: Shutting down and abandoning module ViewportSnapping (130)
[2014.06.23-18.27.13:448][893]LogModuleManager: Shutting down and abandoning module DeviceProfileEditor (129)
[2014.06.23-18.27.13:448][893]LogModuleManager: Shutting down and abandoning module UndoHistory (128)
[2014.06.23-18.27.13:448][893]LogModuleManager: Shutting down and abandoning module GameplayTagsEditor (127)
[2014.06.23-18.27.13:448][893]LogModuleManager: Shutting down and abandoning module UserFeedback (126)
[2014.06.23-18.27.13:448][893]LogModuleManager: Shutting down and abandoning module XmlParser (125)
[2014.06.23-18.27.13:448][893]LogModuleManager: Shutting down and abandoning module OnlineBlueprintSupport (124)
[2014.06.23-18.27.13:448][893]LogModuleManager: Shutting down and abandoning module Blutility (123)
[2014.06.23-18.27.13:448][893]LogModuleManager: Shutting down and abandoning module IOSPlatformEditor (122)
[2014.06.23-18.27.13:448][893]LogModuleManager: Shutting down and abandoning module IOSRuntimeSettings (121)
[2014.06.23-18.27.13:448][893]LogModuleManager: Shutting down and abandoning module ProjectSettingsViewer (118)
[2014.06.23-18.27.13:448][893]LogModuleManager: Shutting down and abandoning module InputBindingEditor (117)
[2014.06.23-18.27.13:448][893]LogModuleManager: Shutting down and abandoning module EditorSettingsViewer (116)
[2014.06.23-18.27.13:448][893]LogModuleManager: Shutting down and abandoning module SettingsEditor (115)
[2014.06.23-18.27.13:448][893]LogModuleManager: Shutting down and abandoning module SessionLauncher (114)
[2014.06.23-18.27.13:448][893]LogModuleManager: Shutting down and abandoning module SessionFrontend (113)
[2014.06.23-18.27.13:448][893]LogModuleManager: Shutting down and abandoning module ProfilerClient (112)
[2014.06.23-18.27.13:448][893]LogModuleManager: Shutting down and abandoning module TargetDeviceServices (111)
[2014.06.23-18.27.13:448][893]LogModuleManager: Shutting down and abandoning module DeviceManager (110)
[2014.06.23-18.27.13:449][893]LogModuleManager: Shutting down and abandoning module AutomationController (109)
[2014.06.23-18.27.13:449][893]LogModuleManager: Shutting down and abandoning module AutomationWindow (108)
[2014.06.23-18.27.13:449][893]LogModuleManager: Shutting down and abandoning module Layers (107)
[2014.06.23-18.27.13:449][893]LogModuleManager: Shutting down and abandoning module ComponentVisualizers (106)
[2014.06.23-18.27.13:449][893]LogModuleManager: Shutting down and abandoning module DetailCustomizations (105)
[2014.06.23-18.27.13:449][893]LogModuleManager: Shutting down and abandoning module PackagesDialog (104)
[2014.06.23-18.27.13:449][893]LogModuleManager: Shutting down and abandoning module PropertyEditor (103)
[2014.06.23-18.27.13:449][893]LogModuleManager: Shutting down and abandoning module DirectoryWatcher (102)
[2014.06.23-18.27.13:449][893]LogModuleManager: Shutting down and abandoning module AssetRegistry (101)
[2014.06.23-18.27.13:491][893]LogModuleManager: Shutting down and abandoning module Persona (100)
[2014.06.23-18.27.13:491][893]LogModuleManager: Shutting down and abandoning module GraphEditor (99)
[2014.06.23-18.27.13:491][893]LogModuleManager: Shutting down and abandoning module ContentBrowser (98)
[2014.06.23-18.27.13:491][893]LogModuleManager: Shutting down and abandoning module ClassViewer (97)
[2014.06.23-18.27.13:491][893]LogModuleManager: Shutting down and abandoning module Toolbox (96)
[2014.06.23-18.27.13:491][893]LogModuleManager: Shutting down and abandoning module ModuleUI (95)
[2014.06.23-18.27.13:491][893]LogModuleManager: Shutting down and abandoning module Sequencer (94)
[2014.06.23-18.27.13:491][893]LogModuleManager: Shutting down and abandoning module AssetTools (93)
[2014.06.23-18.27.13:491][893]LogModuleManager: Shutting down and abandoning module MovieSceneTools (92)
[2014.06.23-18.27.13:491][893]LogModuleManager: Shutting down and abandoning module OutputLog (91)
[2014.06.23-18.27.13:491][893]LogModuleManager: Shutting down and abandoning module GammaUI (90)
[2014.06.23-18.27.13:491][893]LogModuleManager: Shutting down and abandoning module Documentation (89)
[2014.06.23-18.27.13:491][893]LogModuleManager: Shutting down and abandoning module DesktopPlatform (88)
[2014.06.23-18.27.13:491][893]LogModuleManager: Shutting down and abandoning module ProfilerService (87)
[2014.06.23-18.27.13:533][893]LogModuleManager: Shutting down and abandoning module TaskGraph (86)
[2014.06.23-18.27.13:533][893]LogModuleManager: Shutting down and abandoning module GameProjectGeneration (85)
[2014.06.23-18.27.13:533][893]LogModuleManager: Shutting down and abandoning module Matinee (84)
[2014.06.23-18.27.13:533][893]LogModuleManager: Shutting down and abandoning module Kismet (83)
[2014.06.23-18.27.13:533][893]LogModuleManager: Shutting down and abandoning module LevelEditor (82)
[2014.06.23-18.27.13:533][893]LogModuleManager: Shutting down and abandoning module MainFrame (81)
[2014.06.23-18.27.13:533][893]LogModuleManager: Shutting down and abandoning module SourceControl (80)
[2014.06.23-18.27.13:533][893]LogModuleManager: Shutting down and abandoning module ImageWrapper (79)
[2014.06.23-18.27.13:533][893]LogModuleManager: Shutting down and abandoning module FunctionalTesting (78)
[2014.06.23-18.27.13:533][893]LogModuleManager: Shutting down and abandoning module CollisionAnalyzer (77)
[2014.06.23-18.27.13:533][893]LogModuleManager: Shutting down and abandoning module WorkspaceMenuStructure (76)
[2014.06.23-18.27.13:533][893]LogModuleManager: Shutting down and abandoning module MessageLog (75)
[2014.06.23-18.27.13:533][893]LogModuleManager: Shutting down and abandoning module Slate (74)
[2014.06.23-18.27.13:533][893]LogModuleManager: Shutting down and abandoning module EditorStyle (73)
[2014.06.23-18.27.13:535][893]LogModuleManager: Shutting down and abandoning module SessionServices (72)
[2014.06.23-18.27.13:535][893]LogModuleManager: Shutting down and abandoning module VSAccessor (71)
[2014.06.23-18.27.13:535][893]LogModuleManager: Shutting down and abandoning module HeadMountedDisplay (70)
[2014.06.23-18.27.13:535][893]LogModuleManager: Shutting down and abandoning module XAudio2 (69)
[2014.06.23-18.27.13:535][893]LogModuleManager: Shutting down and abandoning module Networking (68)
[2014.06.23-18.27.13:535][893]LogModuleManager: Shutting down and abandoning module Core (67)
[2014.06.23-18.27.13:535][893]LogModuleManager: Shutting down and abandoning module KismetCompiler (66)
[2014.06.23-18.27.13:535][893]LogModuleManager: Shutting down and abandoning module PhysXFormats (65)
[2014.06.23-18.27.13:535][893]LogModuleManager: Shutting down and abandoning module MeshUtilities (64)
[2014.06.23-18.27.13:535][893]LogModuleManager: Shutting down and abandoning module DerivedDataCache (63)
[2014.06.23-18.27.13:633][893]LogDerivedDataCache: Shutdown
[2014.06.23-18.27.13:633][893]LogModuleManager: Shutting down and abandoning module ShaderFormatOpenGL (62)
[2014.06.23-18.27.13:633][893]LogModuleManager: Shutting down and abandoning module ShaderFormatD3D (61)
[2014.06.23-18.27.13:633][893]LogModuleManager: Shutting down and abandoning module TextureFormatUncompressed (60)
[2014.06.23-18.27.13:633][893]LogModuleManager: Shutting down and abandoning module TextureFormatPVR (59)
[2014.06.23-18.27.13:633][893]LogModuleManager: Shutting down and abandoning module TextureFormatDXT (58)
[2014.06.23-18.27.13:633][893]LogModuleManager: Shutting down and abandoning module AudioFormatOgg (57)
[2014.06.23-18.27.13:633][893]LogModuleManager: Shutting down and abandoning module AudioFormatADPCM (56)
[2014.06.23-18.27.13:633][893]LogModuleManager: Shutting down and abandoning module Messaging (55)
[2014.06.23-18.27.13:633][893]LogModuleManager: Shutting down and abandoning module IOSTargetPlatform (54)
[2014.06.23-18.27.13:633][893]LogModuleManager: Shutting down and abandoning module WindowsTargetPlatform (53)
[2014.06.23-18.27.13:633][893]LogModuleManager: Shutting down and abandoning module WindowsServerTargetPlatform (52)
[2014.06.23-18.27.13:633][893]LogModuleManager: Shutting down and abandoning module WindowsNoEditorTargetPlatform (51)
[2014.06.23-18.27.13:633][893]LogModuleManager: Shutting down and abandoning module WindowsClientTargetPlatform (50)
[2014.06.23-18.27.13:633][893]LogModuleManager: Shutting down and abandoning module TargetPlatform (49)
[2014.06.23-18.27.13:633][893]LogModuleManager: Shutting down and abandoning module InputCore (47)
[2014.06.23-18.27.13:633][893]LogModuleManager: Shutting down and abandoning module Settings (46)
[2014.06.23-18.27.13:633][893]LogModuleManager: Shutting down and abandoning module TextureCompressor (43)
[2014.06.23-18.27.13:633][893]LogModuleManager: Shutting down and abandoning module ShaderCore (42)
[2014.06.23-18.27.13:633][893]LogModuleManager: Shutting down and abandoning module OpenGLDrv (41)
[2014.06.23-18.27.13:633][893]LogModuleManager: Shutting down and abandoning module D3D11RHI (40)
[2014.06.23-18.27.13:633][893]LogModuleManager: Shutting down and abandoning module SlateRHIRenderer (39)
[2014.06.23-18.27.13:633][893]LogModuleManager: Shutting down and abandoning module Renderer (38)
[2014.06.23-18.27.13:633][893]LogModuleManager: Shutting down and abandoning module Engine (37)
[2014.06.23-18.27.13:633][893]LogModuleManager: Shutting down and abandoning module WindowsMoviePlayer (36)
[2014.06.23-18.27.13:635][893]LogModuleManager: Shutting down and abandoning module ExampleDeviceProfileSelector (31)
[2014.06.23-18.27.13:635][893]LogModuleManager: Shutting down and abandoning module CustomMeshComponent (30)
[2014.06.23-18.27.13:635][893]LogModuleManager: Shutting down and abandoning module CableComponent (29)
[2014.06.23-18.27.13:635][893]LogModuleManager: Shutting down and abandoning module OculusRift (26)
[2014.06.23-18.27.13:635][893]LogModuleManager: Shutting down and abandoning module UdpMessaging (25)
[2014.06.23-18.27.13:735][893]LogModuleManager: Shutting down and abandoning module MessagingDebugger (24)
[2014.06.23-18.27.13:735][893]LogModuleManager: Shutting down and abandoning module PluginsEditor (12)
[2014.06.23-18.27.13:735][893]LogModuleManager: Shutting down and abandoning module IntroTutorials (11)
[2014.06.23-18.27.13:735][893]LogModuleManager: Shutting down and abandoning module EpicSurvey (10)
[2014.06.23-18.27.13:735][893]LogModuleManager: Shutting down and abandoning module UObjectPlugin (9)
[2014.06.23-18.27.13:735][893]LogModuleManager: Shutting down and abandoning module SubversionSourceControl (8)
[2014.06.23-18.27.13:735][893]LogModuleManager: Shutting down and abandoning module PerforceSourceControl (7)
[2014.06.23-18.27.13:735][893]LogModuleManager: Shutting down and abandoning module BlankPlugin (6)
[2014.06.23-18.27.13:735][893]LogModuleManager: Shutting down and abandoning module CoreUObject (5)
[2014.06.23-18.27.13:735][893]LogModuleManager: Shutting down and abandoning module NetworkFile (4)
[2014.06.23-18.27.13:735][893]LogModuleManager: Shutting down and abandoning module StreamingFile (3)
[2014.06.23-18.27.13:735][893]LogModuleManager: Shutting down and abandoning module SandboxFile (2)
[2014.06.23-18.27.13:735][893]LogModuleManager: Shutting down and abandoning module PakFile (1)
[2014.06.23-18.27.13:735][893]LogExit: Exiting.
[2014.06.23-18.27.13:736][893]Log file closed, 06/23/14 13:27:13
